<?xml version="1.0" encoding="utf-8"?>
<!DOCTYPE coverage SYSTEM "http://cobertura.sourceforge.net/xml/coverage-04.dtd">
<coverage line-rate="0.995049504950495" branch-rate="0.90625" lines-covered="201" lines-valid="202" branches-covered="29" branches-valid="32" complexity="68" version="0" timestamp="1708032794">
  <sources>
    <source>C:\</source>
  </sources>
  <packages>
    <package name="Optix.Movies.Application" line-rate="1" branch-rate="0.8" complexity="11">
      <classes>
        <class name="Optix.Movies.Infrastructure.Models.MoviesQueryHandler" filename="C:\git\testing\Optix\Optix.Movies.Application\Handlers\MoviesQueryHandler.cs" line-rate="1" branch-rate="0.8" complexity="11">
          <methods>
            <method name="SortResponse" signature="(...)" line-rate="1" branch-rate="1" complexity="4">
              <lines>
                <line number="59" hits="7" branch="false" />
                <line number="60" hits="7" branch="false" />
                <line number="61" hits="7" branch="false" />
                <line number="62" hits="7" branch="true" condition-coverage="100% (4/4)" />
                <line number="65" hits="6" branch="false" />
                <line number="66" hits="6" branch="false" />
                <line number="68" hits="1" branch="false" />
                <line number="69" hits="1" branch="false" />
                <line number="71" hits="7" branch="false" />
                <line number="72" hits="7" branch="false" />
              </lines>
            </method>
            <method name="ExtractOrderExpression" signature="(...)" line-rate="1" branch-rate="1" complexity="1">
              <lines>
                <line number="75" hits="7" branch="false" />
                <line number="76" hits="7" branch="false" />
                <line number="77" hits="7" branch="false" />
                <line number="78" hits="7" branch="false" />
                <line number="80" hits="7" branch="false" />
                <line number="81" hits="7" branch="false" />
              </lines>
            </method>
            <method name=".ctor" signature="(...)" line-rate="1" branch-rate="0.5" complexity="4">
              <lines>
                <line number="17" hits="8" branch="false" />
                <line number="18" hits="8" branch="false" />
                <line number="19" hits="8" branch="true" condition-coverage="50% (1/2)" />
                <line number="20" hits="8" branch="true" condition-coverage="50% (1/2)" />
                <line number="21" hits="8" branch="false" />
              </lines>
            </method>
            <method name="Handle" signature="()" line-rate="1" branch-rate="1" complexity="2">
              <lines>
                <line number="24" hits="8" branch="false" />
                <line number="25" hits="8" branch="false" />
                <line number="27" hits="8" branch="false" />
                <line number="29" hits="8" branch="false" />
                <line number="30" hits="8" branch="true" condition-coverage="100% (2/2)" />
                <line number="31" hits="6" branch="false" />
                <line number="32" hits="6" branch="false" />
                <line number="33" hits="6" branch="false" />
                <line number="34" hits="6" branch="false" />
                <line number="35" hits="6" branch="false" />
                <line number="36" hits="5" branch="false" />
                <line number="38" hits="2" branch="false" />
                <line number="39" hits="2" branch="false" />
                <line number="40" hits="2" branch="false" />
                <line number="42" hits="7" branch="false" />
                <line number="44" hits="7" branch="false" />
                <line number="46" hits="7" branch="false" />
                <line number="49" hits="1" branch="false" />
                <line number="50" hits="1" branch="false" />
                <line number="51" hits="1" branch="false" />
                <line number="54" hits="1" branch="false" />
                <line number="56" hits="8" branch="false" />
              </lines>
            </method>
          </methods>
          <lines>
            <line number="17" hits="8" branch="false" />
            <line number="18" hits="8" branch="false" />
            <line number="19" hits="8" branch="true" condition-coverage="50% (1/2)" />
            <line number="20" hits="8" branch="true" condition-coverage="50% (1/2)" />
            <line number="21" hits="8" branch="false" />
            <line number="24" hits="8" branch="false" />
            <line number="25" hits="8" branch="false" />
            <line number="27" hits="8" branch="false" />
            <line number="29" hits="8" branch="false" />
            <line number="30" hits="8" branch="true" condition-coverage="100% (2/2)" />
            <line number="31" hits="6" branch="false" />
            <line number="32" hits="6" branch="false" />
            <line number="33" hits="6" branch="false" />
            <line number="34" hits="6" branch="false" />
            <line number="35" hits="6" branch="false" />
            <line number="36" hits="5" branch="false" />
            <line number="38" hits="2" branch="false" />
            <line number="39" hits="2" branch="false" />
            <line number="40" hits="2" branch="false" />
            <line number="42" hits="7" branch="false" />
            <line number="44" hits="7" branch="false" />
            <line number="46" hits="7" branch="false" />
            <line number="49" hits="1" branch="false" />
            <line number="50" hits="1" branch="false" />
            <line number="51" hits="1" branch="false" />
            <line number="54" hits="1" branch="false" />
            <line number="56" hits="8" branch="false" />
            <line number="59" hits="7" branch="false" />
            <line number="60" hits="7" branch="false" />
            <line number="61" hits="7" branch="false" />
            <line number="62" hits="7" branch="true" condition-coverage="100% (4/4)" />
            <line number="65" hits="6" branch="false" />
            <line number="66" hits="6" branch="false" />
            <line number="68" hits="1" branch="false" />
            <line number="69" hits="1" branch="false" />
            <line number="71" hits="7" branch="false" />
            <line number="72" hits="7" branch="false" />
            <line number="75" hits="7" branch="false" />
            <line number="76" hits="7" branch="false" />
            <line number="77" hits="7" branch="false" />
            <line number="78" hits="7" branch="false" />
            <line number="80" hits="7" branch="false" />
            <line number="81" hits="7" branch="false" />
          </lines>
        </class>
      </classes>
    </package>
    <package name="Optix.Movies.Infrastructure" line-rate="1" branch-rate="0.95" complexity="43">
      <classes>
        <class name="Optix.Movies.Infrastructure.Configuration.PageDefaults" filename="C:\git\testing\Optix\Optix.Movies.Infrastructure\Configuration\PageDefaults.cs" line-rate="1" branch-rate="1" complexity="2">
          <methods>
            <method name="get_DefaultPageSize" signature="()" line-rate="1" branch-rate="1" complexity="1">
              <lines>
                <line number="5" hits="5" branch="false" />
              </lines>
            </method>
            <method name="get_MaxPageSize" signature="()" line-rate="1" branch-rate="1" complexity="1">
              <lines>
                <line number="6" hits="8" branch="false" />
              </lines>
            </method>
          </methods>
          <lines>
            <line number="5" hits="5" branch="false" />
            <line number="6" hits="8" branch="false" />
          </lines>
        </class>
        <class name="Optix.Movies.Infrastructure.Database.Entities.Movie" filename="C:\git\testing\Optix\Optix.Movies.Infrastructure\Database\Entities\Movie.cs" line-rate="1" branch-rate="1" complexity="10">
          <methods>
            <method name="get_ReleaseDate" signature="()" line-rate="1" branch-rate="1" complexity="1">
              <lines>
                <line number="5" hits="220" branch="false" />
              </lines>
            </method>
            <method name="get_Title" signature="()" line-rate="1" branch-rate="1" complexity="1">
              <lines>
                <line number="6" hits="552" branch="false" />
              </lines>
            </method>
            <method name="get_Overview" signature="()" line-rate="1" branch-rate="1" complexity="1">
              <lines>
                <line number="7" hits="230" branch="false" />
              </lines>
            </method>
            <method name="get_Popularity" signature="()" line-rate="1" branch-rate="1" complexity="1">
              <lines>
                <line number="8" hits="220" branch="false" />
              </lines>
            </method>
            <method name="get_VoteCount" signature="()" line-rate="1" branch-rate="1" complexity="1">
              <lines>
                <line number="9" hits="220" branch="false" />
              </lines>
            </method>
            <method name="get_VoteAverage" signature="()" line-rate="1" branch-rate="1" complexity="1">
              <lines>
                <line number="10" hits="220" branch="false" />
              </lines>
            </method>
            <method name="get_OriginalLanguage" signature="()" line-rate="1" branch-rate="1" complexity="1">
              <lines>
                <line number="11" hits="220" branch="false" />
              </lines>
            </method>
            <method name="get_Genre" signature="()" line-rate="1" branch-rate="1" complexity="1">
              <lines>
                <line number="12" hits="281" branch="false" />
              </lines>
            </method>
            <method name="get_Id" signature="()" line-rate="1" branch-rate="1" complexity="1">
              <lines>
                <line number="14" hits="220" branch="false" />
              </lines>
            </method>
            <method name="get_PosterUrl" signature="()" line-rate="1" branch-rate="1" complexity="1">
              <lines>
                <line number="15" hits="220" branch="false" />
              </lines>
            </method>
          </methods>
          <lines>
            <line number="5" hits="220" branch="false" />
            <line number="6" hits="552" branch="false" />
            <line number="7" hits="230" branch="false" />
            <line number="8" hits="220" branch="false" />
            <line number="9" hits="220" branch="false" />
            <line number="10" hits="220" branch="false" />
            <line number="11" hits="220" branch="false" />
            <line number="12" hits="281" branch="false" />
            <line number="14" hits="220" branch="false" />
            <line number="15" hits="220" branch="false" />
          </lines>
        </class>
        <class name="Optix.Movies.Infrastructure.Models.MoviesQuery" filename="C:\git\testing\Optix\Optix.Movies.Infrastructure\Models\MoviesQuery.cs" line-rate="1" branch-rate="0.833333333333333" complexity="11">
          <methods>
            <method name="get_SearchTerm" signature="()" line-rate="1" branch-rate="1" complexity="1">
              <lines>
                <line number="8" hits="147" branch="false" />
              </lines>
            </method>
            <method name="get_Page" signature="()" line-rate="1" branch-rate="1" complexity="1">
              <lines>
                <line number="10" hits="39" branch="false" />
              </lines>
            </method>
            <method name="get_PageSize" signature="()" line-rate="1" branch-rate="1" complexity="1">
              <lines>
                <line number="11" hits="60" branch="false" />
              </lines>
            </method>
            <method name="get_SortDirection" signature="()" line-rate="1" branch-rate="1" complexity="1">
              <lines>
                <line number="13" hits="28" branch="false" />
              </lines>
            </method>
            <method name="get_SortBy" signature="()" line-rate="1" branch-rate="1" complexity="1">
              <lines>
                <line number="14" hits="28" branch="false" />
              </lines>
            </method>
            <method name="SetDefaults" signature="(...)" line-rate="1" branch-rate="0.833333333333333" complexity="6">
              <lines>
                <line number="17" hits="3" branch="false" />
                <line number="18" hits="3" branch="true" condition-coverage="100% (2/2)" />
                <line number="19" hits="3" branch="false" />
                <line number="20" hits="3" branch="false" />
                <line number="21" hits="3" branch="true" condition-coverage="100% (2/2)" />
                <line number="22" hits="3" branch="false" />
                <line number="23" hits="3" branch="false" />
                <line number="25" hits="3" branch="true" condition-coverage="50% (1/2)" />
                <line number="26" hits="3" branch="false" />
              </lines>
            </method>
          </methods>
          <lines>
            <line number="8" hits="147" branch="false" />
            <line number="10" hits="39" branch="false" />
            <line number="11" hits="60" branch="false" />
            <line number="13" hits="28" branch="false" />
            <line number="14" hits="28" branch="false" />
            <line number="17" hits="3" branch="false" />
            <line number="18" hits="3" branch="true" condition-coverage="100% (2/2)" />
            <line number="19" hits="3" branch="false" />
            <line number="20" hits="3" branch="false" />
            <line number="21" hits="3" branch="true" condition-coverage="100% (2/2)" />
            <line number="22" hits="3" branch="false" />
            <line number="23" hits="3" branch="false" />
            <line number="25" hits="3" branch="true" condition-coverage="50% (1/2)" />
            <line number="26" hits="3" branch="false" />
          </lines>
        </class>
        <class name="Optix.Movies.Infrastructure.Models.MoviesResponse" filename="C:\git\testing\Optix\Optix.Movies.Infrastructure\Models\MoviesResponse.cs" line-rate="1" branch-rate="1" complexity="4">
          <methods>
            <method name="get_Success" signature="()" line-rate="1" branch-rate="1" complexity="1">
              <lines>
                <line number="7" hits="13" branch="false" />
              </lines>
            </method>
            <method name="get_Error" signature="()" line-rate="1" branch-rate="1" complexity="1">
              <lines>
                <line number="8" hits="14" branch="false" />
              </lines>
            </method>
            <method name="get_Movies" signature="()" line-rate="1" branch-rate="1" complexity="1">
              <lines>
                <line number="9" hits="17" branch="false" />
              </lines>
            </method>
            <method name="Create" signature="(...)" line-rate="1" branch-rate="1" complexity="1">
              <lines>
                <line number="12" hits="8" branch="false" />
                <line number="13" hits="8" branch="false" />
                <line number="14" hits="8" branch="false" />
                <line number="15" hits="8" branch="false" />
                <line number="16" hits="8" branch="false" />
                <line number="17" hits="8" branch="false" />
                <line number="18" hits="8" branch="false" />
                <line number="19" hits="8" branch="false" />
              </lines>
            </method>
          </methods>
          <lines>
            <line number="7" hits="13" branch="false" />
            <line number="8" hits="14" branch="false" />
            <line number="9" hits="17" branch="false" />
            <line number="12" hits="8" branch="false" />
            <line number="13" hits="8" branch="false" />
            <line number="14" hits="8" branch="false" />
            <line number="15" hits="8" branch="false" />
            <line number="16" hits="8" branch="false" />
            <line number="17" hits="8" branch="false" />
            <line number="18" hits="8" branch="false" />
            <line number="19" hits="8" branch="false" />
          </lines>
        </class>
        <class name="Optix.Movies.Infrastructure.Validation.MoviesQueryValidator" filename="C:\git\testing\Optix\Optix.Movies.Infrastructure\Validation\MoviesQueryValidator.cs" line-rate="1" branch-rate="1" complexity="16">
          <methods>
            <method name="SetDefaults" signature="(...)" line-rate="1" branch-rate="1" complexity="1">
              <lines>
                <line number="21" hits="3" branch="false" />
                <line number="22" hits="3" branch="false" />
                <line number="23" hits="3" branch="false" />
                <line number="24" hits="3" branch="false" />
              </lines>
            </method>
            <method name="RemoveSpecialCharacters" signature="(...)" line-rate="1" branch-rate="1" complexity="14">
              <lines>
                <line number="27" hits="3" branch="false" />
                <line number="28" hits="3" branch="false" />
                <line number="29" hits="75" branch="true" condition-coverage="100% (2/2)" />
                <line number="30" hits="33" branch="false" />
                <line number="31" hits="33" branch="true" condition-coverage="100% (12/12)" />
                <line number="32" hits="22" branch="false" />
                <line number="33" hits="22" branch="false" />
                <line number="34" hits="22" branch="false" />
                <line number="35" hits="33" branch="false" />
                <line number="36" hits="3" branch="false" />
                <line number="37" hits="3" branch="false" />
                <line number="38" hits="3" branch="false" />
              </lines>
            </method>
            <method name=".ctor" signature="(...)" line-rate="1" branch-rate="1" complexity="1">
              <lines>
                <line number="12" hits="3" branch="false" />
                <line number="13" hits="3" branch="false" />
                <line number="14" hits="3" branch="false" />
                <line number="16" hits="3" branch="false" />
                <line number="17" hits="3" branch="false" />
                <line number="18" hits="3" branch="false" />
              </lines>
            </method>
          </methods>
          <lines>
            <line number="12" hits="3" branch="false" />
            <line number="13" hits="3" branch="false" />
            <line number="14" hits="3" branch="false" />
            <line number="16" hits="3" branch="false" />
            <line number="17" hits="3" branch="false" />
            <line number="18" hits="3" branch="false" />
            <line number="21" hits="3" branch="false" />
            <line number="22" hits="3" branch="false" />
            <line number="23" hits="3" branch="false" />
            <line number="24" hits="3" branch="false" />
            <line number="27" hits="3" branch="false" />
            <line number="28" hits="3" branch="false" />
            <line number="29" hits="75" branch="true" condition-coverage="100% (2/2)" />
            <line number="30" hits="33" branch="false" />
            <line number="31" hits="33" branch="true" condition-coverage="100% (12/12)" />
            <line number="32" hits="22" branch="false" />
            <line number="33" hits="22" branch="false" />
            <line number="34" hits="22" branch="false" />
            <line number="35" hits="33" branch="false" />
            <line number="36" hits="3" branch="false" />
            <line number="37" hits="3" branch="false" />
            <line number="38" hits="3" branch="false" />
          </lines>
        </class>
      </classes>
    </package>
    <package name="Optix.Movies.UnitTests" line-rate="0.99" branch-rate="1" complexity="14">
      <classes>
        <class name="AutoGeneratedProgram" filename="C:\Users\daniel.jackson\.nuget\packages\microsoft.net.test.sdk\17.1.0\build\netcoreapp2.1\Microsoft.NET.Test.Sdk.Program.cs" line-rate="0" branch-rate="1" complexity="1">
          <methods>
            <method name="Main" signature="(...)" line-rate="0" branch-rate="1" complexity="1">
              <lines>
                <line number="4" hits="0" branch="false" />
              </lines>
            </method>
          </methods>
          <lines>
            <line number="4" hits="0" branch="false" />
          </lines>
        </class>
        <class name="Optix.Movies.UnitTests.Application.Handlers.MoviesQueryHandlerTests" filename="C:\git\testing\Optix\Optix.Movies.UnitTests\Application\Handlers\MoviesQueryHandlerTests.cs" line-rate="1" branch-rate="1" complexity="6">
          <methods>
            <method name=".ctor" signature="()" line-rate="1" branch-rate="1" complexity="1">
              <lines>
                <line number="14" hits="8" branch="false" />
                <line number="15" hits="8" branch="false" />
                <line number="16" hits="8" branch="false" />
                <line number="17" hits="8" branch="false" />
                <line number="18" hits="8" branch="false" />
              </lines>
            </method>
            <method name="Handle_Returns_MoviesResponse_Even_If_Error" signature="()" line-rate="1" branch-rate="1" complexity="1">
              <lines>
                <line number="73" hits="1" branch="false" />
                <line number="74" hits="1" branch="false" />
                <line number="76" hits="1" branch="false" />
                <line number="77" hits="1" branch="false" />
                <line number="78" hits="1" branch="false" />
                <line number="79" hits="1" branch="false" />
                <line number="80" hits="1" branch="false" />
                <line number="81" hits="1" branch="false" />
                <line number="82" hits="1" branch="false" />
              </lines>
            </method>
            <method name="Handle_Returns_Movies_Response_Paged" signature="()" line-rate="1" branch-rate="1" complexity="1">
              <lines>
                <line number="26" hits="4" branch="false" />
                <line number="27" hits="4" branch="false" />
                <line number="28" hits="4" branch="false" />
                <line number="30" hits="4" branch="false" />
                <line number="31" hits="4" branch="false" />
                <line number="32" hits="4" branch="false" />
                <line number="33" hits="4" branch="false" />
                <line number="34" hits="4" branch="false" />
              </lines>
            </method>
            <method name="Handle_Should_Default_Order_Title_Asc" signature="()" line-rate="1" branch-rate="1" complexity="1">
              <lines>
                <line number="38" hits="1" branch="false" />
                <line number="39" hits="1" branch="false" />
                <line number="41" hits="1" branch="false" />
                <line number="43" hits="1" branch="false" />
                <line number="44" hits="1" branch="false" />
                <line number="45" hits="1" branch="false" />
                <line number="46" hits="1" branch="false" />
              </lines>
            </method>
            <method name="Handle_Should_Order_By_Query_SortBy_Direction" signature="()" line-rate="1" branch-rate="1" complexity="2">
              <lines>
                <line number="52" hits="2" branch="false" />
                <line number="53" hits="2" branch="false" />
                <line number="54" hits="2" branch="false" />
                <line number="55" hits="2" branch="false" />
                <line number="56" hits="2" branch="false" />
                <line number="58" hits="2" branch="false" />
                <line number="60" hits="2" branch="false" />
                <line number="61" hits="2" branch="true" condition-coverage="100% (2/2)" />
                <line number="62" hits="1" branch="false" />
                <line number="63" hits="1" branch="false" />
                <line number="64" hits="1" branch="false" />
                <line number="66" hits="1" branch="false" />
                <line number="67" hits="1" branch="false" />
                <line number="68" hits="1" branch="false" />
                <line number="69" hits="2" branch="false" />
              </lines>
            </method>
          </methods>
          <lines>
            <line number="14" hits="8" branch="false" />
            <line number="15" hits="8" branch="false" />
            <line number="16" hits="8" branch="false" />
            <line number="17" hits="8" branch="false" />
            <line number="18" hits="8" branch="false" />
            <line number="26" hits="4" branch="false" />
            <line number="27" hits="4" branch="false" />
            <line number="28" hits="4" branch="false" />
            <line number="30" hits="4" branch="false" />
            <line number="31" hits="4" branch="false" />
            <line number="32" hits="4" branch="false" />
            <line number="33" hits="4" branch="false" />
            <line number="34" hits="4" branch="false" />
            <line number="38" hits="1" branch="false" />
            <line number="39" hits="1" branch="false" />
            <line number="41" hits="1" branch="false" />
            <line number="43" hits="1" branch="false" />
            <line number="44" hits="1" branch="false" />
            <line number="45" hits="1" branch="false" />
            <line number="46" hits="1" branch="false" />
            <line number="52" hits="2" branch="false" />
            <line number="53" hits="2" branch="false" />
            <line number="54" hits="2" branch="false" />
            <line number="55" hits="2" branch="false" />
            <line number="56" hits="2" branch="false" />
            <line number="58" hits="2" branch="false" />
            <line number="60" hits="2" branch="false" />
            <line number="61" hits="2" branch="true" condition-coverage="100% (2/2)" />
            <line number="62" hits="1" branch="false" />
            <line number="63" hits="1" branch="false" />
            <line number="64" hits="1" branch="false" />
            <line number="66" hits="1" branch="false" />
            <line number="67" hits="1" branch="false" />
            <line number="68" hits="1" branch="false" />
            <line number="69" hits="2" branch="false" />
            <line number="73" hits="1" branch="false" />
            <line number="74" hits="1" branch="false" />
            <line number="76" hits="1" branch="false" />
            <line number="77" hits="1" branch="false" />
            <line number="78" hits="1" branch="false" />
            <line number="79" hits="1" branch="false" />
            <line number="80" hits="1" branch="false" />
            <line number="81" hits="1" branch="false" />
            <line number="82" hits="1" branch="false" />
          </lines>
        </class>
        <class name="Optix.Movies.UnitTests.Infrastructure.Validation.MoviesQueryValidatorTests" filename="C:\git\testing\Optix\Optix.Movies.UnitTests\Infrastructure\Validation\MoviesQueryValidatorTests.cs" line-rate="1" branch-rate="1" complexity="5">
          <methods>
            <method name="GetOptionsMonitor" signature="(...)" line-rate="1" branch-rate="1" complexity="1">
              <lines>
                <line number="27" hits="3" branch="false" />
                <line number="28" hits="3" branch="false" />
                <line number="29" hits="3" branch="false" />
                <line number="30" hits="3" branch="false" />
                <line number="31" hits="3" branch="false" />
              </lines>
            </method>
            <method name="No_Defaults_Sets_Defaults" signature="()" line-rate="1" branch-rate="1" complexity="1">
              <lines>
                <line number="35" hits="1" branch="false" />
                <line number="36" hits="1" branch="false" />
                <line number="37" hits="1" branch="false" />
                <line number="39" hits="1" branch="false" />
                <line number="41" hits="1" branch="false" />
                <line number="42" hits="1" branch="false" />
                <line number="43" hits="1" branch="false" />
              </lines>
            </method>
            <method name="Should_Limit_Page_Size" signature="()" line-rate="1" branch-rate="1" complexity="1">
              <lines>
                <line number="47" hits="1" branch="false" />
                <line number="48" hits="1" branch="false" />
                <line number="49" hits="1" branch="false" />
                <line number="51" hits="1" branch="false" />
                <line number="53" hits="1" branch="false" />
                <line number="54" hits="1" branch="false" />
                <line number="55" hits="1" branch="false" />
              </lines>
            </method>
            <method name="Should_Remove_Special_Characters" signature="()" line-rate="1" branch-rate="1" complexity="1">
              <lines>
                <line number="59" hits="1" branch="false" />
                <line number="60" hits="1" branch="false" />
                <line number="62" hits="1" branch="false" />
                <line number="64" hits="1" branch="false" />
                <line number="65" hits="1" branch="false" />
              </lines>
            </method>
            <method name=".ctor" signature="()" line-rate="1" branch-rate="1" complexity="1">
              <lines>
                <line number="15" hits="3" branch="false" />
                <line number="16" hits="3" branch="false" />
                <line number="17" hits="3" branch="false" />
                <line number="18" hits="3" branch="false" />
                <line number="19" hits="3" branch="false" />
                <line number="20" hits="3" branch="false" />
                <line number="21" hits="3" branch="false" />
                <line number="22" hits="3" branch="false" />
                <line number="23" hits="3" branch="false" />
                <line number="24" hits="3" branch="false" />
              </lines>
            </method>
          </methods>
          <lines>
            <line number="15" hits="3" branch="false" />
            <line number="16" hits="3" branch="false" />
            <line number="17" hits="3" branch="false" />
            <line number="18" hits="3" branch="false" />
            <line number="19" hits="3" branch="false" />
            <line number="20" hits="3" branch="false" />
            <line number="21" hits="3" branch="false" />
            <line number="22" hits="3" branch="false" />
            <line number="23" hits="3" branch="false" />
            <line number="24" hits="3" branch="false" />
            <line number="27" hits="3" branch="false" />
            <line number="28" hits="3" branch="false" />
            <line number="29" hits="3" branch="false" />
            <line number="30" hits="3" branch="false" />
            <line number="31" hits="3" branch="false" />
            <line number="35" hits="1" branch="false" />
            <line number="36" hits="1" branch="false" />
            <line number="37" hits="1" branch="false" />
            <line number="39" hits="1" branch="false" />
            <line number="41" hits="1" branch="false" />
            <line number="42" hits="1" branch="false" />
            <line number="43" hits="1" branch="false" />
            <line number="47" hits="1" branch="false" />
            <line number="48" hits="1" branch="false" />
            <line number="49" hits="1" branch="false" />
            <line number="51" hits="1" branch="false" />
            <line number="53" hits="1" branch="false" />
            <line number="54" hits="1" branch="false" />
            <line number="55" hits="1" branch="false" />
            <line number="59" hits="1" branch="false" />
            <line number="60" hits="1" branch="false" />
            <line number="62" hits="1" branch="false" />
            <line number="64" hits="1" branch="false" />
            <line number="65" hits="1" branch="false" />
          </lines>
        </class>
        <class name="Optix.Movies.UnitTests.TestFixture" filename="C:\git\testing\Optix\Optix.Movies.UnitTests\TestFixture.cs" line-rate="1" branch-rate="1" complexity="2">
          <methods>
            <method name="CreateMovies" signature="()" line-rate="1" branch-rate="1" complexity="1">
              <lines>
                <line number="43" hits="11" branch="false" />
              </lines>
            </method>
            <method name=".ctor" signature="()" line-rate="1" branch-rate="1" complexity="1">
              <lines>
                <line number="18" hits="11" branch="false" />
                <line number="19" hits="11" branch="false" />
                <line number="20" hits="11" branch="false" />
                <line number="21" hits="11" branch="false" />
                <line number="23" hits="11" branch="false" />
                <line number="24" hits="11" branch="false" />
                <line number="25" hits="11" branch="false" />
                <line number="27" hits="11" branch="false" />
                <line number="28" hits="11" branch="false" />
                <line number="30" hits="11" branch="false" />
                <line number="31" hits="11" branch="false" />
                <line number="33" hits="11" branch="false" />
                <line number="34" hits="11" branch="false" />
                <line number="35" hits="11" branch="false" />
                <line number="36" hits="11" branch="false" />
                <line number="37" hits="11" branch="false" />
                <line number="38" hits="11" branch="false" />
                <line number="39" hits="11" branch="false" />
                <line number="40" hits="11" branch="false" />
                <line number="41" hits="11" branch="false" />
              </lines>
            </method>
          </methods>
          <lines>
            <line number="18" hits="11" branch="false" />
            <line number="19" hits="11" branch="false" />
            <line number="20" hits="11" branch="false" />
            <line number="21" hits="11" branch="false" />
            <line number="23" hits="11" branch="false" />
            <line number="24" hits="11" branch="false" />
            <line number="25" hits="11" branch="false" />
            <line number="27" hits="11" branch="false" />
            <line number="28" hits="11" branch="false" />
            <line number="30" hits="11" branch="false" />
            <line number="31" hits="11" branch="false" />
            <line number="33" hits="11" branch="false" />
            <line number="34" hits="11" branch="false" />
            <line number="35" hits="11" branch="false" />
            <line number="36" hits="11" branch="false" />
            <line number="37" hits="11" branch="false" />
            <line number="38" hits="11" branch="false" />
            <line number="39" hits="11" branch="false" />
            <line number="40" hits="11" branch="false" />
            <line number="41" hits="11" branch="false" />
            <line number="43" hits="11" branch="false" />
          </lines>
        </class>
      </classes>
    </package>
  </packages>
</coverage>