TpTrace Verbose: 0 : 48812, 1, 2024/02/15, 21:32:52.046, 3075821194177, vstest.console.dll, Version: 17.7.0-preview-23364-03+bc17bb9693cfc4778ded51aa0ab7f1065433f989 Current process architecture: X64
TpTrace Verbose: 0 : 48812, 1, 2024/02/15, 21:32:52.059, 3075821327538, vstest.console.dll, Runtime location: C:\Program Files\dotnet\shared\Microsoft.NETCore.App\7.0.10
TpTrace Verbose: 0 : 48812, 1, 2024/02/15, 21:32:52.073, 3075821464229, vstest.console.dll, ArtifactProcessingPostProcessModeProcessorExecutor.Initialize: ArtifactProcessingMode.Collect
TpTrace Verbose: 0 : 48812, 1, 2024/02/15, 21:32:52.074, 3075821469705, vstest.console.dll, TestSessionCorrelationIdProcessorModeProcessorExecutor.Initialize: TestSessionCorrelationId '28144_11b4677e-f3f7-4625-9be8-e975ac17904e'
TpTrace Information: 0 : 48812, 1, 2024/02/15, 21:32:52.112, 3075821852940, vstest.console.dll, FilePatternParser: The given file C:\git\testing\Optix\Optix.Movies.UnitTests\bin\Debug\net6.0\fine-code-coverage\build-output\Optix.Movies.UnitTests.dll is a full path.
TpTrace Verbose: 0 : 48812, 1, 2024/02/15, 21:32:52.142, 3075822154808, vstest.console.dll, TestPluginCache.DiscoverTestExtensions: finding test extensions in assemblies ends with: RuntimeProvider.dll TPluginInfo: Microsoft.VisualStudio.TestPlatform.Common.ExtensionFramework.Utilities.TestRuntimePluginInformation TExtension: Microsoft.VisualStudio.TestPlatform.ObjectModel.Host.ITestRuntimeProvider
TpTrace Verbose: 0 : 48812, 1, 2024/02/15, 21:32:52.144, 3075822168587, vstest.console.dll, TestPluginCache.GetExtensionPaths: Filtered extension paths: 
TpTrace Verbose: 0 : 48812, 1, 2024/02/15, 21:32:52.144, 3075822173177, vstest.console.dll, TestPluginCache.GetExtensionPaths: Added default extension paths: C:\Program Files\dotnet\sdk\7.0.400\Extensions\Microsoft.Diagnostics.NETCore.Client.dll
C:\Program Files\dotnet\sdk\7.0.400\Extensions\Microsoft.TestPlatform.Extensions.BlameDataCollector.dll
C:\Program Files\dotnet\sdk\7.0.400\Extensions\Microsoft.TestPlatform.Extensions.EventLogCollector.dll
C:\Program Files\dotnet\sdk\7.0.400\Extensions\Microsoft.TestPlatform.TestHostRuntimeProvider.dll
C:\Program Files\dotnet\sdk\7.0.400\Extensions\Microsoft.VisualStudio.TestPlatform.Extensions.Html.TestLogger.dll
C:\Program Files\dotnet\sdk\7.0.400\Extensions\Microsoft.VisualStudio.TestPlatform.Extensions.Trx.TestLogger.dll
TpTrace Verbose: 0 : 48812, 1, 2024/02/15, 21:32:52.144, 3075822175457, vstest.console.dll, TestPluginCache.GetExtensionPaths: Added unfilterableExtensionPaths: 
TpTrace Information: 0 : 48812, 1, 2024/02/15, 21:32:52.147, 3075822199872, vstest.console.dll, AssemblyResolver.ctor: Creating AssemblyResolver with searchDirectories C:\Program Files\dotnet\sdk\7.0.400\Extensions,C:\Program Files\dotnet\sdk\7.0.400
TpTrace Verbose: 0 : 48812, 1, 2024/02/15, 21:32:52.151, 3075822244621, vstest.console.dll, TestPluginCache.DiscoverTestExtensions: Discovering the extensions using extension path.
TpTrace Verbose: 0 : 48812, 1, 2024/02/15, 21:32:52.152, 3075822249439, vstest.console.dll, TestPluginCache.GetExtensionPaths: Filtered extension paths: 
TpTrace Verbose: 0 : 48812, 1, 2024/02/15, 21:32:52.152, 3075822251417, vstest.console.dll, TestPluginCache.GetExtensionPaths: Added default extension paths: C:\Program Files\dotnet\sdk\7.0.400\Extensions\Microsoft.Diagnostics.NETCore.Client.dll
C:\Program Files\dotnet\sdk\7.0.400\Extensions\Microsoft.TestPlatform.Extensions.BlameDataCollector.dll
C:\Program Files\dotnet\sdk\7.0.400\Extensions\Microsoft.TestPlatform.Extensions.EventLogCollector.dll
C:\Program Files\dotnet\sdk\7.0.400\Extensions\Microsoft.TestPlatform.TestHostRuntimeProvider.dll
C:\Program Files\dotnet\sdk\7.0.400\Extensions\Microsoft.VisualStudio.TestPlatform.Extensions.Html.TestLogger.dll
C:\Program Files\dotnet\sdk\7.0.400\Extensions\Microsoft.VisualStudio.TestPlatform.Extensions.Trx.TestLogger.dll
TpTrace Verbose: 0 : 48812, 1, 2024/02/15, 21:32:52.152, 3075822253162, vstest.console.dll, TestPluginCache.GetExtensionPaths: Added unfilterableExtensionPaths: 
TpTrace Verbose: 0 : 48812, 1, 2024/02/15, 21:32:52.152, 3075822257011, vstest.console.dll, TestPluginCache.DiscoverTestExtensions: Discovering the extensions using allExtensionPaths: C:\Program Files\dotnet\sdk\7.0.400\Extensions\Microsoft.Diagnostics.NETCore.Client.dll
C:\Program Files\dotnet\sdk\7.0.400\Extensions\Microsoft.TestPlatform.Extensions.BlameDataCollector.dll
C:\Program Files\dotnet\sdk\7.0.400\Extensions\Microsoft.TestPlatform.Extensions.EventLogCollector.dll
C:\Program Files\dotnet\sdk\7.0.400\Extensions\Microsoft.TestPlatform.TestHostRuntimeProvider.dll
C:\Program Files\dotnet\sdk\7.0.400\Extensions\Microsoft.VisualStudio.TestPlatform.Extensions.Html.TestLogger.dll
C:\Program Files\dotnet\sdk\7.0.400\Extensions\Microsoft.VisualStudio.TestPlatform.Extensions.Trx.TestLogger.dll
TpTrace Information: 0 : 48812, 1, 2024/02/15, 21:32:52.153, 3075822262849, vstest.console.dll, AssemblyResolver.AddSearchDirectories: Adding more searchDirectories C:\Program Files\dotnet\sdk\7.0.400\Extensions,C:\Program Files\dotnet\sdk\7.0.400
TpTrace Information: 0 : 48812, 1, 2024/02/15, 21:32:52.153, 3075822265963, vstest.console.dll, AssemblyResolver.AddSearchDirectories: Adding more searchDirectories C:\Program Files\dotnet\sdk\7.0.400\Extensions,C:\Program Files\dotnet\sdk\7.0.400
TpTrace Information: 0 : 48812, 1, 2024/02/15, 21:32:52.154, 3075822267942, vstest.console.dll, AssemblyResolver.AddSearchDirectories: Adding more searchDirectories C:\Program Files\dotnet\sdk\7.0.400\Extensions,C:\Program Files\dotnet\sdk\7.0.400
TpTrace Information: 0 : 48812, 1, 2024/02/15, 21:32:52.154, 3075822269897, vstest.console.dll, AssemblyResolver.AddSearchDirectories: Adding more searchDirectories C:\Program Files\dotnet\sdk\7.0.400\Extensions,C:\Program Files\dotnet\sdk\7.0.400
TpTrace Information: 0 : 48812, 1, 2024/02/15, 21:32:52.154, 3075822271741, vstest.console.dll, AssemblyResolver.AddSearchDirectories: Adding more searchDirectories C:\Program Files\dotnet\sdk\7.0.400\Extensions,C:\Program Files\dotnet\sdk\7.0.400
TpTrace Information: 0 : 48812, 1, 2024/02/15, 21:32:52.154, 3075822273650, vstest.console.dll, AssemblyResolver.AddSearchDirectories: Adding more searchDirectories C:\Program Files\dotnet\sdk\7.0.400\Extensions,C:\Program Files\dotnet\sdk\7.0.400
TpTrace Information: 0 : 48812, 1, 2024/02/15, 21:32:52.155, 3075822287624, vstest.console.dll, AssemblyResolver.OnResolve: Microsoft.Diagnostics.NETCore.Client: Resolving assembly.
TpTrace Information: 0 : 48812, 1, 2024/02/15, 21:32:52.156, 3075822291819, vstest.console.dll, AssemblyResolver.OnResolve: Microsoft.Diagnostics.NETCore.Client: Searching in: 'C:\Program Files\dotnet\sdk\7.0.400\Extensions'.
TpTrace Information: 0 : 48812, 1, 2024/02/15, 21:32:52.192, 3075822654677, vstest.console.dll, AssemblyResolver.OnResolve: Microsoft.Diagnostics.NETCore.Client: Loading assembly 'C:\Program Files\dotnet\sdk\7.0.400\Extensions\Microsoft.Diagnostics.NETCore.Client.dll'.
TpTrace Information: 0 : 48812, 1, 2024/02/15, 21:32:52.197, 3075822699357, vstest.console.dll, AssemblyResolver.OnResolve: Resolved assembly: Microsoft.Diagnostics.NETCore.Client, from path: C:\Program Files\dotnet\sdk\7.0.400\Extensions\Microsoft.Diagnostics.NETCore.Client.dll
TpTrace Verbose: 0 : 48812, 1, 2024/02/15, 21:32:52.201, 3075822744582, vstest.console.dll, MetadataReaderExtensionsHelper: Discovering extensions inside assembly 'Microsoft.Diagnostics.NETCore.Client, Version=0.2.8.21101, Culture=neutral, PublicKeyToken=31bf3856ad364e35' file path 'C:\Program Files\dotnet\sdk\7.0.400\Extensions\Microsoft.Diagnostics.NETCore.Client.dll'
TpTrace Information: 0 : 48812, 1, 2024/02/15, 21:32:52.221, 3075822938605, vstest.console.dll, AssemblyResolver.OnResolve: Microsoft.Bcl.AsyncInterfaces: Resolving assembly.
TpTrace Information: 0 : 48812, 1, 2024/02/15, 21:32:52.221, 3075822941658, vstest.console.dll, AssemblyResolver.OnResolve: Microsoft.Bcl.AsyncInterfaces: Searching in: 'C:\Program Files\dotnet\sdk\7.0.400\Extensions'.
TpTrace Information: 0 : 48812, 1, 2024/02/15, 21:32:52.221, 3075822945444, vstest.console.dll, AssemblyResolver.OnResolve: Microsoft.Bcl.AsyncInterfaces: Assembly path does not exist: 'C:\Program Files\dotnet\sdk\7.0.400\Extensions\Microsoft.Bcl.AsyncInterfaces.dll', returning.
TpTrace Information: 0 : 48812, 1, 2024/02/15, 21:32:52.222, 3075822949551, vstest.console.dll, AssemblyResolver.OnResolve: Microsoft.Bcl.AsyncInterfaces: Assembly path does not exist: 'C:\Program Files\dotnet\sdk\7.0.400\Extensions\Microsoft.Bcl.AsyncInterfaces.exe', returning.
TpTrace Information: 0 : 48812, 1, 2024/02/15, 21:32:52.222, 3075822951523, vstest.console.dll, AssemblyResolver.OnResolve: Microsoft.Bcl.AsyncInterfaces: Searching in: 'C:\Program Files\dotnet\sdk\7.0.400'.
TpTrace Information: 0 : 48812, 1, 2024/02/15, 21:32:52.222, 3075822955359, vstest.console.dll, AssemblyResolver.OnResolve: Microsoft.Bcl.AsyncInterfaces: Assembly path does not exist: 'C:\Program Files\dotnet\sdk\7.0.400\Microsoft.Bcl.AsyncInterfaces.dll', returning.
TpTrace Information: 0 : 48812, 1, 2024/02/15, 21:32:52.223, 3075822959469, vstest.console.dll, AssemblyResolver.OnResolve: Microsoft.Bcl.AsyncInterfaces: Assembly path does not exist: 'C:\Program Files\dotnet\sdk\7.0.400\Microsoft.Bcl.AsyncInterfaces.exe', returning.
TpTrace Information: 0 : 48812, 1, 2024/02/15, 21:32:52.223, 3075822961301, vstest.console.dll, AssemblyResolver.OnResolve: Microsoft.Bcl.AsyncInterfaces: Failed to load assembly.
TpTrace Verbose: 0 : 48812, 1, 2024/02/15, 21:32:52.223, 3075822963377, vstest.console.dll, CurrentDomainAssemblyResolve: Resolving assembly 'Microsoft.Bcl.AsyncInterfaces'.
TpTrace Information: 0 : 48812, 1, 2024/02/15, 21:32:52.223, 3075822966430, vstest.console.dll, AssemblyResolver.OnResolve: Microsoft.Bcl.AsyncInterfaces: Resolving assembly.
TpTrace Information: 0 : 48812, 1, 2024/02/15, 21:32:52.224, 3075822968457, vstest.console.dll, AssemblyResolver.OnResolve: Microsoft.Bcl.AsyncInterfaces: Resolved from cache.
TpTrace Verbose: 0 : 48812, 1, 2024/02/15, 21:32:52.224, 3075822970240, vstest.console.dll, CurrentDomainAssemblyResolve: Resolving assembly 'Microsoft.Bcl.AsyncInterfaces'.
TpTrace Verbose: 0 : 48812, 1, 2024/02/15, 21:32:52.224, 3075822972224, vstest.console.dll, CurrentDomainAssemblyResolve: Failed to resolve assembly 'Microsoft.Bcl.AsyncInterfaces'.
TpTrace Verbose: 0 : 48812, 1, 2024/02/15, 21:32:52.228, 3075823010477, vstest.console.dll, CurrentDomainAssemblyResolve: Failed to resolve assembly 'Microsoft.Bcl.AsyncInterfaces'.
TpTrace Warning: 0 : 48812, 1, 2024/02/15, 21:32:52.282, 3075823556278, vstest.console.dll, TestPluginDiscoverer: Failed to get types from assembly 'Microsoft.Diagnostics.NETCore.Client, Version=0.2.8.21101, Culture=neutral, PublicKeyToken=31bf3856ad364e35'. Error: System.Reflection.ReflectionTypeLoadException: Unable to load one or more of the requested types.
Could not load file or assembly 'Microsoft.Bcl.AsyncInterfaces, Version=1.0.0.0, Culture=neutral, PublicKeyToken=cc7b13ffcd2ddd51'. The system cannot find the file specified.
   at System.Reflection.RuntimeModule.GetTypes(RuntimeModule module)
   at System.Reflection.Assembly.GetTypes()
   at Microsoft.VisualStudio.TestPlatform.Common.ExtensionFramework.TestPluginDiscoverer.GetTestExtensionsFromAssembly[TPluginInfo,TExtension](Assembly assembly, Dictionary`2 pluginInfos, String filePath) in /_/src/Microsoft.TestPlatform.Common/ExtensionFramework/TestPluginDiscoverer.cs:line 158
System.IO.FileNotFoundException: Could not load file or assembly 'Microsoft.Bcl.AsyncInterfaces, Version=1.0.0.0, Culture=neutral, PublicKeyToken=cc7b13ffcd2ddd51'. The system cannot find the file specified.
File name: 'Microsoft.Bcl.AsyncInterfaces, Version=1.0.0.0, Culture=neutral, PublicKeyToken=cc7b13ffcd2ddd51'
 ---> System.IO.FileNotFoundException: Could not load file or assembly 'Microsoft.Bcl.AsyncInterfaces, Culture=neutral, PublicKeyToken=null'. The system cannot find the file specified.
File name: 'Microsoft.Bcl.AsyncInterfaces, Culture=neutral, PublicKeyToken=null'
   at System.Reflection.RuntimeAssembly.InternalLoad(AssemblyName assemblyName, StackCrawlMark& stackMark, AssemblyLoadContext assemblyLoadContext, RuntimeAssembly requestingAssembly, Boolean throwOnFileNotFound)
   at System.Reflection.Assembly.Load(AssemblyName assemblyRef)
   at Microsoft.VisualStudio.TestPlatform.Common.ExtensionFramework.TestPluginCache.CurrentDomainAssemblyResolve(Object sender, AssemblyResolveEventArgs args) in /_/src/Microsoft.TestPlatform.Common/ExtensionFramework/TestPluginCache.cs:line 513
   at System.Runtime.Loader.AssemblyLoadContext.GetFirstResolvedAssemblyFromResolvingEvent(AssemblyName assemblyName)
   at System.Runtime.Loader.AssemblyLoadContext.ResolveUsingEvent(AssemblyName assemblyName)
   at System.Runtime.Loader.AssemblyLoadContext.ResolveUsingResolvingEvent(IntPtr gchManagedAssemblyLoadContext, AssemblyName assemblyName)
TpTrace Warning: 0 : 48812, 1, 2024/02/15, 21:32:52.284, 3075823571225, vstest.console.dll, LoaderExceptions: System.IO.FileNotFoundException: Could not load file or assembly 'Microsoft.Bcl.AsyncInterfaces, Version=1.0.0.0, Culture=neutral, PublicKeyToken=cc7b13ffcd2ddd51'. The system cannot find the file specified.
File name: 'Microsoft.Bcl.AsyncInterfaces, Version=1.0.0.0, Culture=neutral, PublicKeyToken=cc7b13ffcd2ddd51'
 ---> System.IO.FileNotFoundException: Could not load file or assembly 'Microsoft.Bcl.AsyncInterfaces, Culture=neutral, PublicKeyToken=null'. The system cannot find the file specified.
File name: 'Microsoft.Bcl.AsyncInterfaces, Culture=neutral, PublicKeyToken=null'
   at System.Reflection.RuntimeAssembly.InternalLoad(AssemblyName assemblyName, StackCrawlMark& stackMark, AssemblyLoadContext assemblyLoadContext, RuntimeAssembly requestingAssembly, Boolean throwOnFileNotFound)
   at System.Reflection.Assembly.Load(AssemblyName assemblyRef)
   at Microsoft.VisualStudio.TestPlatform.Common.ExtensionFramework.TestPluginCache.CurrentDomainAssemblyResolve(Object sender, AssemblyResolveEventArgs args) in /_/src/Microsoft.TestPlatform.Common/ExtensionFramework/TestPluginCache.cs:line 513
   at System.Runtime.Loader.AssemblyLoadContext.GetFirstResolvedAssemblyFromResolvingEvent(AssemblyName assemblyName)
   at System.Runtime.Loader.AssemblyLoadContext.ResolveUsingEvent(AssemblyName assemblyName)
   at System.Runtime.Loader.AssemblyLoadContext.ResolveUsingResolvingEvent(IntPtr gchManagedAssemblyLoadContext, AssemblyName assemblyName)
TpTrace Information: 0 : 48812, 1, 2024/02/15, 21:32:52.285, 3075823577755, vstest.console.dll, AssemblyResolver.OnResolve: Microsoft.TestPlatform.Extensions.BlameDataCollector: Resolving assembly.
TpTrace Information: 0 : 48812, 1, 2024/02/15, 21:32:52.285, 3075823580484, vstest.console.dll, AssemblyResolver.OnResolve: Microsoft.TestPlatform.Extensions.BlameDataCollector: Searching in: 'C:\Program Files\dotnet\sdk\7.0.400\Extensions'.
TpTrace Information: 0 : 48812, 1, 2024/02/15, 21:32:52.289, 3075823624056, vstest.console.dll, AssemblyResolver.OnResolve: Microsoft.TestPlatform.Extensions.BlameDataCollector: Loading assembly 'C:\Program Files\dotnet\sdk\7.0.400\Extensions\Microsoft.TestPlatform.Extensions.BlameDataCollector.dll'.
TpTrace Information: 0 : 48812, 1, 2024/02/15, 21:32:52.294, 3075823668813, vstest.console.dll, AssemblyResolver.OnResolve: Resolved assembly: Microsoft.TestPlatform.Extensions.BlameDataCollector, from path: C:\Program Files\dotnet\sdk\7.0.400\Extensions\Microsoft.TestPlatform.Extensions.BlameDataCollector.dll
TpTrace Verbose: 0 : 48812, 1, 2024/02/15, 21:32:52.294, 3075823672614, vstest.console.dll, MetadataReaderExtensionsHelper: Discovering extensions inside assembly 'Microsoft.TestPlatform.Extensions.BlameDataCollector, Version=15.0.0.0, Culture=neutral, PublicKeyToken=b03f5f7f11d50a3a' file path 'C:\Program Files\dotnet\sdk\7.0.400\Extensions\Microsoft.TestPlatform.Extensions.BlameDataCollector.dll'
TpTrace Information: 0 : 48812, 1, 2024/02/15, 21:32:52.302, 3075823750418, vstest.console.dll, AssemblyResolver.OnResolve: Microsoft.TestPlatform.Extensions.EventLogCollector: Resolving assembly.
TpTrace Information: 0 : 48812, 1, 2024/02/15, 21:32:52.302, 3075823755954, vstest.console.dll, AssemblyResolver.OnResolve: Microsoft.TestPlatform.Extensions.EventLogCollector: Searching in: 'C:\Program Files\dotnet\sdk\7.0.400\Extensions'.
TpTrace Information: 0 : 48812, 1, 2024/02/15, 21:32:52.304, 3075823776229, vstest.console.dll, AssemblyResolver.OnResolve: Microsoft.TestPlatform.Extensions.EventLogCollector: Loading assembly 'C:\Program Files\dotnet\sdk\7.0.400\Extensions\Microsoft.TestPlatform.Extensions.EventLogCollector.dll'.
TpTrace Information: 0 : 48812, 1, 2024/02/15, 21:32:52.307, 3075823799919, vstest.console.dll, AssemblyResolver.OnResolve: Resolved assembly: Microsoft.TestPlatform.Extensions.EventLogCollector, from path: C:\Program Files\dotnet\sdk\7.0.400\Extensions\Microsoft.TestPlatform.Extensions.EventLogCollector.dll
TpTrace Verbose: 0 : 48812, 1, 2024/02/15, 21:32:52.307, 3075823804821, vstest.console.dll, MetadataReaderExtensionsHelper: Discovering extensions inside assembly 'Microsoft.TestPlatform.Extensions.EventLogCollector, Version=15.0.0.0, Culture=neutral, PublicKeyToken=b03f5f7f11d50a3a' file path 'C:\Program Files\dotnet\sdk\7.0.400\Extensions\Microsoft.TestPlatform.Extensions.EventLogCollector.dll'
TpTrace Information: 0 : 48812, 1, 2024/02/15, 21:32:52.318, 3075823910660, vstest.console.dll, AssemblyResolver.OnResolve: Microsoft.TestPlatform.TestHostRuntimeProvider: Resolving assembly.
TpTrace Information: 0 : 48812, 1, 2024/02/15, 21:32:52.318, 3075823914309, vstest.console.dll, AssemblyResolver.OnResolve: Microsoft.TestPlatform.TestHostRuntimeProvider: Searching in: 'C:\Program Files\dotnet\sdk\7.0.400\Extensions'.
TpTrace Information: 0 : 48812, 1, 2024/02/15, 21:32:52.320, 3075823928938, vstest.console.dll, AssemblyResolver.OnResolve: Microsoft.TestPlatform.TestHostRuntimeProvider: Loading assembly 'C:\Program Files\dotnet\sdk\7.0.400\Extensions\Microsoft.TestPlatform.TestHostRuntimeProvider.dll'.
TpTrace Information: 0 : 48812, 1, 2024/02/15, 21:32:52.324, 3075823968283, vstest.console.dll, AssemblyResolver.OnResolve: Resolved assembly: Microsoft.TestPlatform.TestHostRuntimeProvider, from path: C:\Program Files\dotnet\sdk\7.0.400\Extensions\Microsoft.TestPlatform.TestHostRuntimeProvider.dll
TpTrace Verbose: 0 : 48812, 1, 2024/02/15, 21:32:52.324, 3075823971956, vstest.console.dll, MetadataReaderExtensionsHelper: Discovering extensions inside assembly 'Microsoft.TestPlatform.TestHostRuntimeProvider, Version=15.0.0.0, Culture=neutral, PublicKeyToken=b03f5f7f11d50a3a' file path 'C:\Program Files\dotnet\sdk\7.0.400\Extensions\Microsoft.TestPlatform.TestHostRuntimeProvider.dll'
TpTrace Information: 0 : 48812, 1, 2024/02/15, 21:32:52.340, 3075824129695, vstest.console.dll, GetTestExtensionFromType: Register extension with identifier data 'HostProvider://DefaultTestHost' and type 'Microsoft.VisualStudio.TestPlatform.CrossPlatEngine.Hosting.DefaultTestHostManager, Microsoft.TestPlatform.TestHostRuntimeProvider, Version=15.0.0.0, Culture=neutral, PublicKeyToken=b03f5f7f11d50a3a' inside file 'C:\Program Files\dotnet\sdk\7.0.400\Extensions\Microsoft.TestPlatform.TestHostRuntimeProvider.dll'
TpTrace Information: 0 : 48812, 1, 2024/02/15, 21:32:52.341, 3075824141606, vstest.console.dll, GetTestExtensionFromType: Register extension with identifier data 'HostProvider://DotnetTestHost' and type 'Microsoft.VisualStudio.TestPlatform.CrossPlatEngine.Hosting.DotnetTestHostManager, Microsoft.TestPlatform.TestHostRuntimeProvider, Version=15.0.0.0, Culture=neutral, PublicKeyToken=b03f5f7f11d50a3a' inside file 'C:\Program Files\dotnet\sdk\7.0.400\Extensions\Microsoft.TestPlatform.TestHostRuntimeProvider.dll'
TpTrace Information: 0 : 48812, 1, 2024/02/15, 21:32:52.341, 3075824145725, vstest.console.dll, AssemblyResolver.OnResolve: Microsoft.VisualStudio.TestPlatform.Extensions.Html.TestLogger: Resolving assembly.
TpTrace Information: 0 : 48812, 1, 2024/02/15, 21:32:52.342, 3075824148828, vstest.console.dll, AssemblyResolver.OnResolve: Microsoft.VisualStudio.TestPlatform.Extensions.Html.TestLogger: Searching in: 'C:\Program Files\dotnet\sdk\7.0.400\Extensions'.
TpTrace Information: 0 : 48812, 1, 2024/02/15, 21:32:52.343, 3075824163490, vstest.console.dll, AssemblyResolver.OnResolve: Microsoft.VisualStudio.TestPlatform.Extensions.Html.TestLogger: Loading assembly 'C:\Program Files\dotnet\sdk\7.0.400\Extensions\Microsoft.VisualStudio.TestPlatform.Extensions.Html.TestLogger.dll'.
TpTrace Information: 0 : 48812, 1, 2024/02/15, 21:32:52.347, 3075824200387, vstest.console.dll, AssemblyResolver.OnResolve: Resolved assembly: Microsoft.VisualStudio.TestPlatform.Extensions.Html.TestLogger, from path: C:\Program Files\dotnet\sdk\7.0.400\Extensions\Microsoft.VisualStudio.TestPlatform.Extensions.Html.TestLogger.dll
TpTrace Verbose: 0 : 48812, 1, 2024/02/15, 21:32:52.348, 3075824211463, vstest.console.dll, MetadataReaderExtensionsHelper: Discovering extensions inside assembly 'Microsoft.VisualStudio.TestPlatform.Extensions.Html.TestLogger, Version=15.0.0.0, Culture=neutral, PublicKeyToken=b03f5f7f11d50a3a' file path 'C:\Program Files\dotnet\sdk\7.0.400\Extensions\Microsoft.VisualStudio.TestPlatform.Extensions.Html.TestLogger.dll'
TpTrace Information: 0 : 48812, 1, 2024/02/15, 21:32:52.354, 3075824268921, vstest.console.dll, AssemblyResolver.OnResolve: Microsoft.VisualStudio.TestPlatform.Extensions.Trx.TestLogger: Resolving assembly.
TpTrace Information: 0 : 48812, 1, 2024/02/15, 21:32:52.354, 3075824273877, vstest.console.dll, AssemblyResolver.OnResolve: Microsoft.VisualStudio.TestPlatform.Extensions.Trx.TestLogger: Searching in: 'C:\Program Files\dotnet\sdk\7.0.400\Extensions'.
TpTrace Information: 0 : 48812, 1, 2024/02/15, 21:32:52.356, 3075824291994, vstest.console.dll, AssemblyResolver.OnResolve: Microsoft.VisualStudio.TestPlatform.Extensions.Trx.TestLogger: Loading assembly 'C:\Program Files\dotnet\sdk\7.0.400\Extensions\Microsoft.VisualStudio.TestPlatform.Extensions.Trx.TestLogger.dll'.
TpTrace Information: 0 : 48812, 1, 2024/02/15, 21:32:52.360, 3075824331767, vstest.console.dll, AssemblyResolver.OnResolve: Resolved assembly: Microsoft.VisualStudio.TestPlatform.Extensions.Trx.TestLogger, from path: C:\Program Files\dotnet\sdk\7.0.400\Extensions\Microsoft.VisualStudio.TestPlatform.Extensions.Trx.TestLogger.dll
TpTrace Verbose: 0 : 48812, 1, 2024/02/15, 21:32:52.360, 3075824335353, vstest.console.dll, MetadataReaderExtensionsHelper: Discovering extensions inside assembly 'Microsoft.VisualStudio.TestPlatform.Extensions.Trx.TestLogger, Version=15.0.0.0, Culture=neutral, PublicKeyToken=b03f5f7f11d50a3a' file path 'C:\Program Files\dotnet\sdk\7.0.400\Extensions\Microsoft.VisualStudio.TestPlatform.Extensions.Trx.TestLogger.dll'
TpTrace Verbose: 0 : 48812, 1, 2024/02/15, 21:32:52.366, 3075824389267, vstest.console.dll, TestPluginCache: Discovered the extensions using extension path ''.
TpTrace Verbose: 0 : 48812, 1, 2024/02/15, 21:32:52.366, 3075824395870, vstest.console.dll, TestPluginCache: Discoverers are ''.
TpTrace Verbose: 0 : 48812, 1, 2024/02/15, 21:32:52.367, 3075824398340, vstest.console.dll, TestPluginCache: Executors are ''.
TpTrace Verbose: 0 : 48812, 1, 2024/02/15, 21:32:52.367, 3075824400183, vstest.console.dll, TestPluginCache: Executors2 are ''.
TpTrace Verbose: 0 : 48812, 1, 2024/02/15, 21:32:52.367, 3075824401916, vstest.console.dll, TestPluginCache: Setting providers are ''.
TpTrace Verbose: 0 : 48812, 1, 2024/02/15, 21:32:52.367, 3075824404811, vstest.console.dll, TestPluginCache: Loggers are ''.
TpTrace Verbose: 0 : 48812, 1, 2024/02/15, 21:32:52.368, 3075824408846, vstest.console.dll, TestPluginCache: TestHosts are 'HostProvider://DefaultTestHost,HostProvider://DotnetTestHost'.
TpTrace Verbose: 0 : 48812, 1, 2024/02/15, 21:32:52.368, 3075824411287, vstest.console.dll, TestPluginCache: DataCollectors are ''.
TpTrace Information: 0 : 48812, 1, 2024/02/15, 21:32:52.431, 3075825045542, vstest.console.dll, RunTestsArgumentProcessor:Execute: Test run is starting.
TpTrace Verbose: 0 : 48812, 1, 2024/02/15, 21:32:52.432, 3075825048920, vstest.console.dll, RunTestsArgumentProcessor:Execute: Queuing Test run.
TpTrace Information: 0 : 48812, 1, 2024/02/15, 21:32:52.433, 3075825059955, vstest.console.dll, TestRequestManager.RunTests: run tests started.
TpTrace Information: 0 : 48812, 1, 2024/02/15, 21:32:52.438, 3075825109234, vstest.console.dll, AssemblyMetadataProvider.GetFrameworkName: Determined framework:'.NETCoreApp,Version=v6.0' for source: 'C:\git\testing\Optix\Optix.Movies.UnitTests\bin\Debug\net6.0\fine-code-coverage\build-output\Optix.Movies.UnitTests.dll'
TpTrace Information: 0 : 48812, 1, 2024/02/15, 21:32:52.438, 3075825116930, vstest.console.dll, Determined framework for all sources: .NETCoreApp,Version=v6.0
TpTrace Verbose: 0 : 48812, 1, 2024/02/15, 21:32:52.442, 3075825150033, vstest.console.dll, TestRequestManager.UpdateRunSettingsIfRequired: Default architecture: X64 IsDefaultTargetArchitecture: True, Current process architecture: X64 OperatingSystem: Windows.
TpTrace Information: 0 : 48812, 1, 2024/02/15, 21:32:52.449, 3075825220606, vstest.console.dll, AssemblyMetadataProvider.GetArchitecture: Determined architecture:AnyCPU info for assembly: C:\git\testing\Optix\Optix.Movies.UnitTests\bin\Debug\net6.0\fine-code-coverage\build-output\Optix.Movies.UnitTests.dll
TpTrace Information: 0 : 48812, 1, 2024/02/15, 21:32:52.449, 3075825224088, vstest.console.dll, Determined platform for source 'C:\git\testing\Optix\Optix.Movies.UnitTests\bin\Debug\net6.0\fine-code-coverage\build-output\Optix.Movies.UnitTests.dll' was AnyCPU and it will use the default plaform X64.
TpTrace Information: 0 : 48812, 1, 2024/02/15, 21:32:52.449, 3075825226020, vstest.console.dll, None of the sources provided any runnable platform, using the default platform: X64
TpTrace Information: 0 : 48812, 1, 2024/02/15, 21:32:52.450, 3075825229960, vstest.console.dll, Platform was updated to 'X64'.
TpTrace Information: 0 : 48812, 1, 2024/02/15, 21:32:52.478, 3075825515306, vstest.console.dll, InferRunSettingsHelper.IsTestSettingsEnabled: Unable to navigate to RunSettings/MSTest. Current node: RunSettings
TpTrace Information: 0 : 48812, 1, 2024/02/15, 21:32:52.480, 3075825537727, vstest.console.dll, AssemblyResolver.OnResolve: Microsoft.VisualStudio.TestPlatform.Fakes: Resolving assembly.
TpTrace Information: 0 : 48812, 1, 2024/02/15, 21:32:52.481, 3075825540828, vstest.console.dll, AssemblyResolver.OnResolve: Microsoft.VisualStudio.TestPlatform.Fakes: Searching in: 'C:\Program Files\dotnet\sdk\7.0.400\Extensions'.
TpTrace Information: 0 : 48812, 1, 2024/02/15, 21:32:52.481, 3075825544732, vstest.console.dll, AssemblyResolver.OnResolve: Microsoft.VisualStudio.TestPlatform.Fakes: Assembly path does not exist: 'C:\Program Files\dotnet\sdk\7.0.400\Extensions\Microsoft.VisualStudio.TestPlatform.Fakes.dll', returning.
TpTrace Information: 0 : 48812, 1, 2024/02/15, 21:32:52.482, 3075825548037, vstest.console.dll, AssemblyResolver.OnResolve: Microsoft.VisualStudio.TestPlatform.Fakes: Assembly path does not exist: 'C:\Program Files\dotnet\sdk\7.0.400\Extensions\Microsoft.VisualStudio.TestPlatform.Fakes.exe', returning.
TpTrace Information: 0 : 48812, 1, 2024/02/15, 21:32:52.482, 3075825550021, vstest.console.dll, AssemblyResolver.OnResolve: Microsoft.VisualStudio.TestPlatform.Fakes: Searching in: 'C:\Program Files\dotnet\sdk\7.0.400'.
TpTrace Information: 0 : 48812, 1, 2024/02/15, 21:32:52.482, 3075825552947, vstest.console.dll, AssemblyResolver.OnResolve: Microsoft.VisualStudio.TestPlatform.Fakes: Assembly path does not exist: 'C:\Program Files\dotnet\sdk\7.0.400\Microsoft.VisualStudio.TestPlatform.Fakes.dll', returning.
TpTrace Information: 0 : 48812, 1, 2024/02/15, 21:32:52.482, 3075825556295, vstest.console.dll, AssemblyResolver.OnResolve: Microsoft.VisualStudio.TestPlatform.Fakes: Assembly path does not exist: 'C:\Program Files\dotnet\sdk\7.0.400\Microsoft.VisualStudio.TestPlatform.Fakes.exe', returning.
TpTrace Information: 0 : 48812, 1, 2024/02/15, 21:32:52.483, 3075825558129, vstest.console.dll, AssemblyResolver.OnResolve: Microsoft.VisualStudio.TestPlatform.Fakes: Failed to load assembly.
TpTrace Information: 0 : 48812, 1, 2024/02/15, 21:32:52.483, 3075825567001, vstest.console.dll, Failed to load assembly Microsoft.VisualStudio.TestPlatform.Fakes, Version=17.0.0.0, Culture=neutral. Reason:System.IO.FileNotFoundException: Could not load file or assembly 'Microsoft.VisualStudio.TestPlatform.Fakes, Version=17.0.0.0, Culture=neutral, PublicKeyToken=null'. The system cannot find the file specified.
File name: 'Microsoft.VisualStudio.TestPlatform.Fakes, Version=17.0.0.0, Culture=neutral, PublicKeyToken=null'
   at System.Reflection.RuntimeAssembly.InternalLoad(AssemblyName assemblyName, StackCrawlMark& stackMark, AssemblyLoadContext assemblyLoadContext, RuntimeAssembly requestingAssembly, Boolean throwOnFileNotFound)
   at System.Reflection.Assembly.Load(AssemblyName assemblyRef)
   at Microsoft.VisualStudio.TestPlatform.Common.Utilities.FakesUtilities.LoadTestPlatformAssembly() in /_/src/Microsoft.TestPlatform.Common/Utilities/FakesUtilities.cs:line 272
TpTrace Verbose: 0 : 48812, 1, 2024/02/15, 21:32:52.519, 3075825922293, vstest.console.dll, TestPluginCache.DiscoverTestExtensions: finding test extensions in assemblies ends with: TestLogger.dll TPluginInfo: Microsoft.VisualStudio.TestPlatform.Common.ExtensionFramework.Utilities.TestLoggerPluginInformation TExtension: Microsoft.VisualStudio.TestPlatform.ObjectModel.Client.ITestLogger
TpTrace Verbose: 0 : 48812, 1, 2024/02/15, 21:32:52.519, 3075825926365, vstest.console.dll, TestPluginCache.GetExtensionPaths: Filtered extension paths: 
TpTrace Verbose: 0 : 48812, 1, 2024/02/15, 21:32:52.520, 3075825928632, vstest.console.dll, TestPluginCache.GetExtensionPaths: Added default extension paths: C:\Program Files\dotnet\sdk\7.0.400\Extensions\Microsoft.Diagnostics.NETCore.Client.dll
C:\Program Files\dotnet\sdk\7.0.400\Extensions\Microsoft.TestPlatform.Extensions.BlameDataCollector.dll
C:\Program Files\dotnet\sdk\7.0.400\Extensions\Microsoft.TestPlatform.Extensions.EventLogCollector.dll
C:\Program Files\dotnet\sdk\7.0.400\Extensions\Microsoft.TestPlatform.TestHostRuntimeProvider.dll
C:\Program Files\dotnet\sdk\7.0.400\Extensions\Microsoft.VisualStudio.TestPlatform.Extensions.Html.TestLogger.dll
C:\Program Files\dotnet\sdk\7.0.400\Extensions\Microsoft.VisualStudio.TestPlatform.Extensions.Trx.TestLogger.dll
TpTrace Verbose: 0 : 48812, 1, 2024/02/15, 21:32:52.520, 3075825930587, vstest.console.dll, TestPluginCache.GetExtensionPaths: Added unfilterableExtensionPaths: 
TpTrace Information: 0 : 48812, 1, 2024/02/15, 21:32:52.520, 3075825935361, vstest.console.dll, AssemblyResolver.AddSearchDirectories: Adding more searchDirectories C:\Program Files\dotnet\sdk\7.0.400\Extensions,C:\Program Files\dotnet\sdk\7.0.400
TpTrace Verbose: 0 : 48812, 1, 2024/02/15, 21:32:52.521, 3075825937755, vstest.console.dll, TestPluginCache.DiscoverTestExtensions: Discovering the extensions using extension path.
TpTrace Verbose: 0 : 48812, 1, 2024/02/15, 21:32:52.521, 3075825939776, vstest.console.dll, TestPluginCache.GetExtensionPaths: Filtered extension paths: 
TpTrace Verbose: 0 : 48812, 1, 2024/02/15, 21:32:52.521, 3075825941791, vstest.console.dll, TestPluginCache.GetExtensionPaths: Added default extension paths: C:\Program Files\dotnet\sdk\7.0.400\Extensions\Microsoft.Diagnostics.NETCore.Client.dll
C:\Program Files\dotnet\sdk\7.0.400\Extensions\Microsoft.TestPlatform.Extensions.BlameDataCollector.dll
C:\Program Files\dotnet\sdk\7.0.400\Extensions\Microsoft.TestPlatform.Extensions.EventLogCollector.dll
C:\Program Files\dotnet\sdk\7.0.400\Extensions\Microsoft.TestPlatform.TestHostRuntimeProvider.dll
C:\Program Files\dotnet\sdk\7.0.400\Extensions\Microsoft.VisualStudio.TestPlatform.Extensions.Html.TestLogger.dll
C:\Program Files\dotnet\sdk\7.0.400\Extensions\Microsoft.VisualStudio.TestPlatform.Extensions.Trx.TestLogger.dll
TpTrace Verbose: 0 : 48812, 1, 2024/02/15, 21:32:52.521, 3075825943788, vstest.console.dll, TestPluginCache.GetExtensionPaths: Added unfilterableExtensionPaths: 
TpTrace Verbose: 0 : 48812, 1, 2024/02/15, 21:32:52.521, 3075825945558, vstest.console.dll, TestPluginCache.DiscoverTestExtensions: Discovering the extensions using allExtensionPaths: C:\Program Files\dotnet\sdk\7.0.400\Extensions\Microsoft.Diagnostics.NETCore.Client.dll
C:\Program Files\dotnet\sdk\7.0.400\Extensions\Microsoft.TestPlatform.Extensions.BlameDataCollector.dll
C:\Program Files\dotnet\sdk\7.0.400\Extensions\Microsoft.TestPlatform.Extensions.EventLogCollector.dll
C:\Program Files\dotnet\sdk\7.0.400\Extensions\Microsoft.TestPlatform.TestHostRuntimeProvider.dll
C:\Program Files\dotnet\sdk\7.0.400\Extensions\Microsoft.VisualStudio.TestPlatform.Extensions.Html.TestLogger.dll
C:\Program Files\dotnet\sdk\7.0.400\Extensions\Microsoft.VisualStudio.TestPlatform.Extensions.Trx.TestLogger.dll
TpTrace Information: 0 : 48812, 1, 2024/02/15, 21:32:52.522, 3075825947716, vstest.console.dll, AssemblyResolver.AddSearchDirectories: Adding more searchDirectories C:\Program Files\dotnet\sdk\7.0.400\Extensions,C:\Program Files\dotnet\sdk\7.0.400
TpTrace Information: 0 : 48812, 1, 2024/02/15, 21:32:52.522, 3075825949664, vstest.console.dll, AssemblyResolver.AddSearchDirectories: Adding more searchDirectories C:\Program Files\dotnet\sdk\7.0.400\Extensions,C:\Program Files\dotnet\sdk\7.0.400
TpTrace Information: 0 : 48812, 1, 2024/02/15, 21:32:52.522, 3075825951272, vstest.console.dll, AssemblyResolver.AddSearchDirectories: Adding more searchDirectories C:\Program Files\dotnet\sdk\7.0.400\Extensions,C:\Program Files\dotnet\sdk\7.0.400
TpTrace Information: 0 : 48812, 1, 2024/02/15, 21:32:52.522, 3075825952957, vstest.console.dll, AssemblyResolver.AddSearchDirectories: Adding more searchDirectories C:\Program Files\dotnet\sdk\7.0.400\Extensions,C:\Program Files\dotnet\sdk\7.0.400
TpTrace Information: 0 : 48812, 1, 2024/02/15, 21:32:52.522, 3075825954706, vstest.console.dll, AssemblyResolver.AddSearchDirectories: Adding more searchDirectories C:\Program Files\dotnet\sdk\7.0.400\Extensions,C:\Program Files\dotnet\sdk\7.0.400
TpTrace Information: 0 : 48812, 1, 2024/02/15, 21:32:52.522, 3075825956360, vstest.console.dll, AssemblyResolver.AddSearchDirectories: Adding more searchDirectories C:\Program Files\dotnet\sdk\7.0.400\Extensions,C:\Program Files\dotnet\sdk\7.0.400
TpTrace Verbose: 0 : 48812, 1, 2024/02/15, 21:32:52.523, 3075825960347, vstest.console.dll, MetadataReaderExtensionsHelper: Discovering extensions inside assembly 'Microsoft.Diagnostics.NETCore.Client, Version=0.2.8.21101, Culture=neutral, PublicKeyToken=31bf3856ad364e35' file path 'C:\Program Files\dotnet\sdk\7.0.400\Extensions\Microsoft.Diagnostics.NETCore.Client.dll'
TpTrace Information: 0 : 48812, 1, 2024/02/15, 21:32:52.525, 3075825982026, vstest.console.dll, AssemblyResolver.OnResolve: Microsoft.Bcl.AsyncInterfaces: Resolving assembly.
TpTrace Information: 0 : 48812, 1, 2024/02/15, 21:32:52.525, 3075825984799, vstest.console.dll, AssemblyResolver.OnResolve: Microsoft.Bcl.AsyncInterfaces: Resolved from cache.
TpTrace Verbose: 0 : 48812, 1, 2024/02/15, 21:32:52.525, 3075825986931, vstest.console.dll, CurrentDomainAssemblyResolve: Resolving assembly 'Microsoft.Bcl.AsyncInterfaces'.
TpTrace Information: 0 : 48812, 1, 2024/02/15, 21:32:52.526, 3075825989508, vstest.console.dll, AssemblyResolver.OnResolve: Microsoft.Bcl.AsyncInterfaces: Resolving assembly.
TpTrace Information: 0 : 48812, 1, 2024/02/15, 21:32:52.526, 3075825991452, vstest.console.dll, AssemblyResolver.OnResolve: Microsoft.Bcl.AsyncInterfaces: Resolved from cache.
TpTrace Verbose: 0 : 48812, 1, 2024/02/15, 21:32:52.526, 3075825993410, vstest.console.dll, CurrentDomainAssemblyResolve: Resolving assembly 'Microsoft.Bcl.AsyncInterfaces'.
TpTrace Verbose: 0 : 48812, 1, 2024/02/15, 21:32:52.526, 3075825995313, vstest.console.dll, CurrentDomainAssemblyResolve: Failed to resolve assembly 'Microsoft.Bcl.AsyncInterfaces'.
TpTrace Verbose: 0 : 48812, 1, 2024/02/15, 21:32:52.527, 3075826000788, vstest.console.dll, CurrentDomainAssemblyResolve: Failed to resolve assembly 'Microsoft.Bcl.AsyncInterfaces'.
TpTrace Warning: 0 : 48812, 1, 2024/02/15, 21:32:52.528, 3075826013537, vstest.console.dll, TestPluginDiscoverer: Failed to get types from assembly 'Microsoft.Diagnostics.NETCore.Client, Version=0.2.8.21101, Culture=neutral, PublicKeyToken=31bf3856ad364e35'. Error: System.Reflection.ReflectionTypeLoadException: Unable to load one or more of the requested types.
Could not load file or assembly 'Microsoft.Bcl.AsyncInterfaces, Version=1.0.0.0, Culture=neutral, PublicKeyToken=cc7b13ffcd2ddd51'. The system cannot find the file specified.
   at System.Reflection.RuntimeModule.GetTypes(RuntimeModule module)
   at System.Reflection.Assembly.GetTypes()
   at Microsoft.VisualStudio.TestPlatform.Common.ExtensionFramework.TestPluginDiscoverer.GetTestExtensionsFromAssembly[TPluginInfo,TExtension](Assembly assembly, Dictionary`2 pluginInfos, String filePath) in /_/src/Microsoft.TestPlatform.Common/ExtensionFramework/TestPluginDiscoverer.cs:line 158
System.IO.FileNotFoundException: Could not load file or assembly 'Microsoft.Bcl.AsyncInterfaces, Version=1.0.0.0, Culture=neutral, PublicKeyToken=cc7b13ffcd2ddd51'. The system cannot find the file specified.
File name: 'Microsoft.Bcl.AsyncInterfaces, Version=1.0.0.0, Culture=neutral, PublicKeyToken=cc7b13ffcd2ddd51'
 ---> System.IO.FileNotFoundException: Could not load file or assembly 'Microsoft.Bcl.AsyncInterfaces, Culture=neutral, PublicKeyToken=null'. The system cannot find the file specified.
File name: 'Microsoft.Bcl.AsyncInterfaces, Culture=neutral, PublicKeyToken=null'
   at System.Reflection.RuntimeAssembly.InternalLoad(AssemblyName assemblyName, StackCrawlMark& stackMark, AssemblyLoadContext assemblyLoadContext, RuntimeAssembly requestingAssembly, Boolean throwOnFileNotFound)
   at System.Reflection.Assembly.Load(AssemblyName assemblyRef)
   at Microsoft.VisualStudio.TestPlatform.Common.ExtensionFramework.TestPluginCache.CurrentDomainAssemblyResolve(Object sender, AssemblyResolveEventArgs args) in /_/src/Microsoft.TestPlatform.Common/ExtensionFramework/TestPluginCache.cs:line 513
   at System.Runtime.Loader.AssemblyLoadContext.GetFirstResolvedAssemblyFromResolvingEvent(AssemblyName assemblyName)
   at System.Runtime.Loader.AssemblyLoadContext.ResolveUsingEvent(AssemblyName assemblyName)
   at System.Runtime.Loader.AssemblyLoadContext.ResolveUsingResolvingEvent(IntPtr gchManagedAssemblyLoadContext, AssemblyName assemblyName)
TpTrace Warning: 0 : 48812, 1, 2024/02/15, 21:32:52.529, 3075826020495, vstest.console.dll, LoaderExceptions: System.IO.FileNotFoundException: Could not load file or assembly 'Microsoft.Bcl.AsyncInterfaces, Version=1.0.0.0, Culture=neutral, PublicKeyToken=cc7b13ffcd2ddd51'. The system cannot find the file specified.
File name: 'Microsoft.Bcl.AsyncInterfaces, Version=1.0.0.0, Culture=neutral, PublicKeyToken=cc7b13ffcd2ddd51'
 ---> System.IO.FileNotFoundException: Could not load file or assembly 'Microsoft.Bcl.AsyncInterfaces, Culture=neutral, PublicKeyToken=null'. The system cannot find the file specified.
File name: 'Microsoft.Bcl.AsyncInterfaces, Culture=neutral, PublicKeyToken=null'
   at System.Reflection.RuntimeAssembly.InternalLoad(AssemblyName assemblyName, StackCrawlMark& stackMark, AssemblyLoadContext assemblyLoadContext, RuntimeAssembly requestingAssembly, Boolean throwOnFileNotFound)
   at System.Reflection.Assembly.Load(AssemblyName assemblyRef)
   at Microsoft.VisualStudio.TestPlatform.Common.ExtensionFramework.TestPluginCache.CurrentDomainAssemblyResolve(Object sender, AssemblyResolveEventArgs args) in /_/src/Microsoft.TestPlatform.Common/ExtensionFramework/TestPluginCache.cs:line 513
   at System.Runtime.Loader.AssemblyLoadContext.GetFirstResolvedAssemblyFromResolvingEvent(AssemblyName assemblyName)
   at System.Runtime.Loader.AssemblyLoadContext.ResolveUsingEvent(AssemblyName assemblyName)
   at System.Runtime.Loader.AssemblyLoadContext.ResolveUsingResolvingEvent(IntPtr gchManagedAssemblyLoadContext, AssemblyName assemblyName)
TpTrace Verbose: 0 : 48812, 1, 2024/02/15, 21:32:52.529, 3075826024237, vstest.console.dll, MetadataReaderExtensionsHelper: Discovering extensions inside assembly 'Microsoft.TestPlatform.Extensions.BlameDataCollector, Version=15.0.0.0, Culture=neutral, PublicKeyToken=b03f5f7f11d50a3a' file path 'C:\Program Files\dotnet\sdk\7.0.400\Extensions\Microsoft.TestPlatform.Extensions.BlameDataCollector.dll'
TpTrace Information: 0 : 48812, 1, 2024/02/15, 21:32:52.531, 3075826044070, vstest.console.dll, GetTestExtensionFromType: Register extension with identifier data 'logger://Microsoft/TestPlatform/Extensions/Blame/v1' and type 'Microsoft.TestPlatform.Extensions.BlameDataCollector.BlameLogger, Microsoft.TestPlatform.Extensions.BlameDataCollector, Version=15.0.0.0, Culture=neutral, PublicKeyToken=b03f5f7f11d50a3a' inside file 'C:\Program Files\dotnet\sdk\7.0.400\Extensions\Microsoft.TestPlatform.Extensions.BlameDataCollector.dll'
TpTrace Verbose: 0 : 48812, 1, 2024/02/15, 21:32:52.531, 3075826047473, vstest.console.dll, MetadataReaderExtensionsHelper: Discovering extensions inside assembly 'Microsoft.TestPlatform.Extensions.EventLogCollector, Version=15.0.0.0, Culture=neutral, PublicKeyToken=b03f5f7f11d50a3a' file path 'C:\Program Files\dotnet\sdk\7.0.400\Extensions\Microsoft.TestPlatform.Extensions.EventLogCollector.dll'
TpTrace Verbose: 0 : 48812, 1, 2024/02/15, 21:32:52.533, 3075826061424, vstest.console.dll, MetadataReaderExtensionsHelper: Discovering extensions inside assembly 'Microsoft.TestPlatform.TestHostRuntimeProvider, Version=15.0.0.0, Culture=neutral, PublicKeyToken=b03f5f7f11d50a3a' file path 'C:\Program Files\dotnet\sdk\7.0.400\Extensions\Microsoft.TestPlatform.TestHostRuntimeProvider.dll'
TpTrace Verbose: 0 : 48812, 1, 2024/02/15, 21:32:52.534, 3075826076028, vstest.console.dll, MetadataReaderExtensionsHelper: Discovering extensions inside assembly 'Microsoft.VisualStudio.TestPlatform.Extensions.Html.TestLogger, Version=15.0.0.0, Culture=neutral, PublicKeyToken=b03f5f7f11d50a3a' file path 'C:\Program Files\dotnet\sdk\7.0.400\Extensions\Microsoft.VisualStudio.TestPlatform.Extensions.Html.TestLogger.dll'
TpTrace Information: 0 : 48812, 1, 2024/02/15, 21:32:52.536, 3075826097578, vstest.console.dll, GetTestExtensionFromType: Register extension with identifier data 'logger://Microsoft/TestPlatform/HtmlLogger/v1' and type 'Microsoft.VisualStudio.TestPlatform.Extensions.HtmlLogger.HtmlLogger, Microsoft.VisualStudio.TestPlatform.Extensions.Html.TestLogger, Version=15.0.0.0, Culture=neutral, PublicKeyToken=b03f5f7f11d50a3a' inside file 'C:\Program Files\dotnet\sdk\7.0.400\Extensions\Microsoft.VisualStudio.TestPlatform.Extensions.Html.TestLogger.dll'
TpTrace Verbose: 0 : 48812, 1, 2024/02/15, 21:32:52.537, 3075826100977, vstest.console.dll, MetadataReaderExtensionsHelper: Discovering extensions inside assembly 'Microsoft.VisualStudio.TestPlatform.Extensions.Trx.TestLogger, Version=15.0.0.0, Culture=neutral, PublicKeyToken=b03f5f7f11d50a3a' file path 'C:\Program Files\dotnet\sdk\7.0.400\Extensions\Microsoft.VisualStudio.TestPlatform.Extensions.Trx.TestLogger.dll'
TpTrace Information: 0 : 48812, 1, 2024/02/15, 21:32:52.539, 3075826118798, vstest.console.dll, GetTestExtensionFromType: Register extension with identifier data 'logger://Microsoft/TestPlatform/TrxLogger/v1' and type 'Microsoft.VisualStudio.TestPlatform.Extensions.TrxLogger.TrxLogger, Microsoft.VisualStudio.TestPlatform.Extensions.Trx.TestLogger, Version=15.0.0.0, Culture=neutral, PublicKeyToken=b03f5f7f11d50a3a' inside file 'C:\Program Files\dotnet\sdk\7.0.400\Extensions\Microsoft.VisualStudio.TestPlatform.Extensions.Trx.TestLogger.dll'
TpTrace Verbose: 0 : 48812, 1, 2024/02/15, 21:32:52.539, 3075826123009, vstest.console.dll, TestPluginCache: Discovered the extensions using extension path ''.
TpTrace Verbose: 0 : 48812, 1, 2024/02/15, 21:32:52.539, 3075826125179, vstest.console.dll, TestPluginCache: Discoverers are ''.
TpTrace Verbose: 0 : 48812, 1, 2024/02/15, 21:32:52.539, 3075826126995, vstest.console.dll, TestPluginCache: Executors are ''.
TpTrace Verbose: 0 : 48812, 1, 2024/02/15, 21:32:52.540, 3075826128569, vstest.console.dll, TestPluginCache: Executors2 are ''.
TpTrace Verbose: 0 : 48812, 1, 2024/02/15, 21:32:52.540, 3075826130284, vstest.console.dll, TestPluginCache: Setting providers are ''.
TpTrace Verbose: 0 : 48812, 1, 2024/02/15, 21:32:52.540, 3075826133575, vstest.console.dll, TestPluginCache: Loggers are 'logger://Microsoft/TestPlatform/Extensions/Blame/v1,logger://Microsoft/TestPlatform/HtmlLogger/v1,logger://Microsoft/TestPlatform/TrxLogger/v1'.
TpTrace Verbose: 0 : 48812, 1, 2024/02/15, 21:32:52.540, 3075826135589, vstest.console.dll, TestPluginCache: TestHosts are 'HostProvider://DefaultTestHost,HostProvider://DotnetTestHost'.
TpTrace Verbose: 0 : 48812, 1, 2024/02/15, 21:32:52.540, 3075826137319, vstest.console.dll, TestPluginCache: DataCollectors are ''.
TpTrace Information: 0 : 48812, 1, 2024/02/15, 21:32:52.544, 3075826169436, vstest.console.dll, TestPluginManager.CreateTestExtension: Attempting to load test extension: Microsoft.TestPlatform.Extensions.BlameDataCollector.BlameLogger
TpTrace Verbose: 0 : 48812, 1, 2024/02/15, 21:32:52.590, 3075826633752, vstest.console.dll, TestEngine: Initializing Parallel Execution as MaxCpuCount is set to: 1
TpTrace Information: 0 : 48812, 1, 2024/02/15, 21:32:52.606, 3075826788689, vstest.console.dll, TestPluginManager.CreateTestExtension: Attempting to load test extension: Microsoft.VisualStudio.TestPlatform.CrossPlatEngine.Hosting.DefaultTestHostManager
TpTrace Information: 0 : 48812, 1, 2024/02/15, 21:32:52.611, 3075826840558, vstest.console.dll, TestPluginManager.CreateTestExtension: Attempting to load test extension: Microsoft.VisualStudio.TestPlatform.CrossPlatEngine.Hosting.DotnetTestHostManager
TpTrace Information: 0 : 48812, 1, 2024/02/15, 21:32:52.613, 3075826865476, vstest.console.dll, InferRunSettingsHelper.IsTestSettingsEnabled: Unable to navigate to RunSettings/MSTest. Current node: RunSettings
TpTrace Verbose: 0 : 48812, 1, 2024/02/15, 21:32:52.634, 3075827071502, vstest.console.dll, TestEngine.GetExecutionManager: Chosen execution manager 'Microsoft.VisualStudio.TestPlatform.CrossPlatEngine.Client.Parallel.ParallelProxyExecutionManager, Microsoft.TestPlatform.CrossPlatEngine, Version=15.0.0.0, Culture=neutral, PublicKeyToken=b03f5f7f11d50a3a' ParallelLevel '1'.
TpTrace Verbose: 0 : 48812, 1, 2024/02/15, 21:32:52.642, 3075827151292, vstest.console.dll, TestRunRequest.ExecuteAsync: Creating test run request.
TpTrace Verbose: 0 : 48812, 1, 2024/02/15, 21:32:52.648, 3075827211703, vstest.console.dll, TestRunRequest.ExecuteAsync: Starting.
TpTrace Information: 0 : 48812, 1, 2024/02/15, 21:32:52.649, 3075827225970, vstest.console.dll, TestRunRequest.ExecuteAsync: Starting run with settings:TestRunCriteria:
   KeepAlive=False,FrequencyOfRunStatsChangeEvent=10,RunStatsChangeEventTimeout=00:00:01.5000000,TestCaseFilter=,TestExecutorLauncher=
   Settingsxml=<RunSettings>
  <RunConfiguration>
    <ResultsDirectory>C:\git\testing\Optix\Optix.Movies.UnitTests\bin\Debug\net6.0\fine-code-coverage\coverage-tool-output</ResultsDirectory>
    <TargetPlatform>X64</TargetPlatform>
    <TargetFrameworkVersion>.NETCoreApp,Version=v6.0</TargetFrameworkVersion>
    <DesignMode>False</DesignMode>
    <CollectSourceInformation>False</CollectSourceInformation>
  </RunConfiguration>
  <LoggerRunSettings>
    <Loggers>
      <Logger friendlyName="blame" enabled="True" />
      <Logger friendlyName="Console" uri="logger://microsoft/TestPlatform/ConsoleLogger/v1" assemblyQualifiedName="Microsoft.VisualStudio.TestPlatform.CommandLine.Internal.ConsoleLogger, vstest.console, Version=15.0.0.0, Culture=neutral, PublicKeyToken=b03f5f7f11d50a3a" codeBase="C:\Program Files\dotnet\sdk\7.0.400\vstest.console.dll" enabled="True" />
    </Loggers>
  </LoggerRunSettings>
  <DataCollectionRunSettings>
    <DataCollectors>
      <DataCollector friendlyName="blame" enabled="True">
        <Configuration>
          <ResultsDirectory>C:\git\testing\Optix\Optix.Movies.UnitTests\bin\Debug\net6.0\fine-code-coverage\coverage-tool-output</ResultsDirectory>
        </Configuration>
      </DataCollector>
    </DataCollectors>
  </DataCollectionRunSettings>
</RunSettings>

TpTrace Verbose: 0 : 48812, 1, 2024/02/15, 21:32:52.650, 3075827229272, vstest.console.dll, TestRunRequest.ExecuteAsync: Wait for the first run request is over.
TpTrace Verbose: 0 : 48812, 1, 2024/02/15, 21:32:52.652, 3075827253503, vstest.console.dll, MulticastDelegateUtilities.SafeInvoke: TestRun.TestRunStart: Invoking callbacks was skipped because there are no subscribers.
TpTrace Verbose: 0 : 48812, 4, 2024/02/15, 21:32:52.653, 3075827261565, vstest.console.dll, MulticastDelegateUtilities.SafeInvoke: InternalTestLoggerEvents.SendTestRunStart: Invoking callback 1/1 for Microsoft.VisualStudio.TestPlatform.CommandLine.Internal.ConsoleLogger., took 1 ms.
TpTrace Verbose: 0 : 48812, 1, 2024/02/15, 21:32:52.660, 3075827329554, vstest.console.dll, ParallelProxyExecutionManager: Start execution. Total sources: 1
TpTrace Verbose: 0 : 48812, 1, 2024/02/15, 21:32:52.668, 3075827413355, vstest.console.dll, TestRequestSender is acting as server.
TpTrace Verbose: 0 : 48812, 1, 2024/02/15, 21:32:52.679, 3075827523551, vstest.console.dll, ParallelOperationManager.RunWorkInParallel: Started work on a host.
TpTrace Verbose: 0 : 48812, 1, 2024/02/15, 21:32:52.684, 3075827572991, vstest.console.dll, ProxyParallelExecutionManager: No sources available for execution.
TpTrace Information: 0 : 48812, 1, 2024/02/15, 21:32:52.684, 3075827576769, vstest.console.dll, TestRunRequest.ExecuteAsync: Started.
TpTrace Verbose: 0 : 48812, 1, 2024/02/15, 21:32:52.685, 3075827579736, vstest.console.dll, TestRunRequest.WaitForCompletion: Waiting with timeout -1.
TpTrace Verbose: 0 : 48812, 5, 2024/02/15, 21:32:52.691, 3075827642047, vstest.console.dll, DataCollectionRequestSender.InitializeCommunication : Initialize communication. 
TpTrace Information: 0 : 48812, 5, 2024/02/15, 21:32:52.724, 3075827969801, vstest.console.dll, Listening on Endpoint : 127.0.0.1:17318
TpTrace Verbose: 0 : 48812, 5, 2024/02/15, 21:32:52.761, 3075828339444, vstest.console.dll, DotnetDataCollectionLauncher: Adding  --runtimeconfig "C:\Program Files\dotnet\sdk\7.0.400\datacollector.runtimeconfig.json" in args
TpTrace Verbose: 0 : 48812, 5, 2024/02/15, 21:32:52.761, 3075828345121, vstest.console.dll, DotnetDataCollectionLauncher: Adding  --depsfile "C:\Program Files\dotnet\sdk\7.0.400\datacollector.deps.json" in args
TpTrace Verbose: 0 : 48812, 5, 2024/02/15, 21:32:52.763, 3075828360570, vstest.console.dll, DotnetDataCollectionLauncher: Full path of dotnet.exe is C:\Program Files\dotnet\dotnet.exe
TpTrace Information: 0 : 48812, 5, 2024/02/15, 21:32:52.864, 3075829367885, vstest.console.dll, ProxyDataCollectionManager.Initialize: Launched datacollector processId: 41140 port: 17318
TpTrace Information: 0 : 48812, 5, 2024/02/15, 21:32:52.864, 3075829372108, vstest.console.dll, ProxyDataCollectionManager.Initialize: waiting for connection with timeout: 90 seconds
TpTrace Verbose: 0 : 48812, 5, 2024/02/15, 21:32:52.864, 3075829374662, vstest.console.dll, DataCollectionRequestSender.WaitForRequestHandlerConnection : Waiting for connection with timeout: 90000
TpTrace Information: 0 : 48812, 7, 2024/02/15, 21:32:53.726, 3075837997004, vstest.console.dll, Using the buffer size of 16384 bytes
TpTrace Verbose: 0 : 48812, 5, 2024/02/15, 21:32:53.726, 3075837997213, vstest.console.dll, SocketCommunicationManager.WaitForClientConnection took: 861 ms, with 90000 ms timeout, and finished with True.
TpTrace Information: 0 : 48812, 7, 2024/02/15, 21:32:53.727, 3075838000484, vstest.console.dll, Accepted Client request and set the flag
TpTrace Verbose: 0 : 48812, 5, 2024/02/15, 21:32:53.727, 3075838003978, vstest.console.dll, ProxyDataCollectionManager.InvokeDataCollectionServiceAction: Starting.
TpTrace Information: 0 : 48812, 5, 2024/02/15, 21:32:53.728, 3075838007862, vstest.console.dll, ProxyDataCollectionManager.BeforeTestRunStart: Get environment variable and port for datacollector processId: 41140 port: 17318
TpTrace Verbose: 0 : 48812, 5, 2024/02/15, 21:32:53.728, 3075838011566, vstest.console.dll, DataCollectionRequestSender.SendBeforeTestRunStartAndGetResult: Send BeforeTestRunStart message with settingsXml <RunSettings><RunConfiguration><ResultsDirectory>C:\git\testing\Optix\Optix.Movies.UnitTests\bin\Debug\net6.0\fine-code-coverage\coverage-tool-output</ResultsDirectory><TargetPlatform>X64</TargetPlatform><TargetFrameworkVersion>.NETCoreApp,Version=v6.0</TargetFrameworkVersion><DesignMode>False</DesignMode><CollectSourceInformation>False</CollectSourceInformation><TestAdaptersPaths>C:\Program Files\dotnet\sdk\7.0.400\Extensions</TestAdaptersPaths></RunConfiguration><LoggerRunSettings><Loggers><Logger friendlyName="blame" enabled="True" /><Logger friendlyName="Console" uri="logger://microsoft/TestPlatform/ConsoleLogger/v1" assemblyQualifiedName="Microsoft.VisualStudio.TestPlatform.CommandLine.Internal.ConsoleLogger, vstest.console, Version=15.0.0.0, Culture=neutral, PublicKeyToken=b03f5f7f11d50a3a" codeBase="C:\Program Files\dotnet\sdk\7.0.400\vstest.console.dll" enabled="True" /></Loggers></LoggerRunSettings><DataCollectionRunSettings><DataCollectors><DataCollector friendlyName="blame" enabled="True"><Configuration><ResultsDirectory>C:\git\testing\Optix\Optix.Movies.UnitTests\bin\Debug\net6.0\fine-code-coverage\coverage-tool-output</ResultsDirectory></Configuration></DataCollector></DataCollectors></DataCollectionRunSettings></RunSettings> and sources System.Collections.Generic.List`1[System.String]: 
TpTrace Verbose: 0 : 48812, 5, 2024/02/15, 21:32:53.944, 3075840168954, vstest.console.dll, DataCollectionRequestSender.SendBeforeTestRunStartAndGetResult: Received message: (DataCollection.SendMessage) -> {"MessageType":"DataCollection.SendMessage","Payload":{"FriendlyName":null,"Uri":null,"TestCaseId":"00000000-0000-0000-0000-000000000000","Message":"Logging DataCollector Diagnostics in file: C:\\git\\testing\\Optix\\Optix.Movies.UnitTests\\bin\\Debug\\net6.0\\fine-code-coverage\\coverage-tool-output\\diagnostics.datacollector.24-02-15_21-32-52_76049_5.log","Level":0}}
TpTrace Verbose: 0 : 48812, 5, 2024/02/15, 21:32:54.141, 3075842138837, vstest.console.dll, DataCollectionRequestSender.SendBeforeTestRunStartAndGetResult: Received message: (DataCollection.BeforeTestRunStartResult) -> {"MessageType":"DataCollection.BeforeTestRunStartResult","Payload":{"EnvironmentVariables":{},"DataCollectionEventsPort":17323}}
TpTrace Information: 0 : 48812, 5, 2024/02/15, 21:32:54.150, 3075842234728, vstest.console.dll, ProxyDataCollectionManager.BeforeTestRunStart: SendBeforeTestRunStartAndGetResult successful, env variable from datacollector:   and testhost port: 17323
TpTrace Information: 0 : 48812, 5, 2024/02/15, 21:32:54.150, 3075842237425, vstest.console.dll, ProxyDataCollectionManager.InvokeDataCollectionServiceAction: Completed.
TpTrace Verbose: 0 : 48812, 5, 2024/02/15, 21:32:54.151, 3075842239944, vstest.console.dll, ProxyExecutionManager: Test host is always Lazy initialize.
TpTrace Verbose: 0 : 48812, 5, 2024/02/15, 21:32:54.151, 3075842244842, vstest.console.dll, TestRequestSender.InitializeCommunication: initialize communication. 
TpTrace Information: 0 : 48812, 5, 2024/02/15, 21:32:54.152, 3075842256309, vstest.console.dll, SocketServer.Start: Listening on endpoint : 127.0.0.1:17324
TpTrace Verbose: 0 : 48812, 5, 2024/02/15, 21:32:54.154, 3075842273170, vstest.console.dll, DotnetTestHostmanager.GetTestHostProcessStartInfo: Platform environment 'X64' target architecture 'X64' framework '.NETCoreApp,Version=v6.0' OS 'Windows'
TpTrace Verbose: 0 : 48812, 5, 2024/02/15, 21:32:54.154, 3075842277331, vstest.console.dll, DotnetTestHostmanager: Adding  --runtimeconfig "C:\git\testing\Optix\Optix.Movies.UnitTests\bin\Debug\net6.0\fine-code-coverage\build-output\Optix.Movies.UnitTests.runtimeconfig.json" in args
TpTrace Verbose: 0 : 48812, 5, 2024/02/15, 21:32:54.155, 3075842280319, vstest.console.dll, DotnetTestHostmanager: Adding  --depsfile "C:\git\testing\Optix\Optix.Movies.UnitTests\bin\Debug\net6.0\fine-code-coverage\build-output\Optix.Movies.UnitTests.deps.json" in args
TpTrace Verbose: 0 : 48812, 5, 2024/02/15, 21:32:54.155, 3075842285701, vstest.console.dll, DotnetTestHostmanager.IsWinOnArm: Current PROCESSOR_ARCHITECTURE from environment variable 'AMD64'
TpTrace Verbose: 0 : 48812, 5, 2024/02/15, 21:32:54.156, 3075842287771, vstest.console.dll, DotnetTestHostmanager.IsWinOnArm: Is Windows on ARM 'False'
TpTrace Verbose: 0 : 48812, 5, 2024/02/15, 21:32:54.156, 3075842290592, vstest.console.dll, DotnetTestHostManager: testhost.exe found at path: C:\git\testing\Optix\Optix.Movies.UnitTests\bin\Debug\net6.0\fine-code-coverage\build-output\testhost.exe
TpTrace Verbose: 0 : 48812, 5, 2024/02/15, 21:32:54.156, 3075842292284, vstest.console.dll, DotnetTestHostmanager: Full path of host exe is C:\git\testing\Optix\Optix.Movies.UnitTests\bin\Debug\net6.0\fine-code-coverage\build-output\testhost.exe
TpTrace Verbose: 0 : 48812, 5, 2024/02/15, 21:32:54.156, 3075842295999, vstest.console.dll, DotnetTestHostmanager.LaunchTestHostAsync: Found 'VSTEST_WINAPPHOST_DOTNET_ROOT' in env variables, value 'C:\Program Files\dotnet', forwarding to 'DOTNET_ROOT'
TpTrace Verbose: 0 : 48812, 5, 2024/02/15, 21:32:54.157, 3075842301026, vstest.console.dll, DotnetTestHostManager: Starting process 'C:\git\testing\Optix\Optix.Movies.UnitTests\bin\Debug\net6.0\fine-code-coverage\build-output\testhost.exe' with command line ' --runtimeconfig "C:\git\testing\Optix\Optix.Movies.UnitTests\bin\Debug\net6.0\fine-code-coverage\build-output\Optix.Movies.UnitTests.runtimeconfig.json" --depsfile "C:\git\testing\Optix\Optix.Movies.UnitTests\bin\Debug\net6.0\fine-code-coverage\build-output\Optix.Movies.UnitTests.deps.json" --port 17324 --endpoint 127.0.0.1:017324 --role client --parentprocessid 48812 --diag "C:\git\testing\Optix\Optix.Movies.UnitTests\bin\Debug\net6.0\fine-code-coverage\coverage-tool-output\diagnostics.host.24-02-15_21-32-54_15375_5.log" --tracelevel 4 --datacollectionport 17323 --telemetryoptedin false'
TpTrace Verbose: 0 : 48812, 5, 2024/02/15, 21:32:54.178, 3075842510772, vstest.console.dll, MulticastDelegateUtilities.SafeInvoke: HostProviderEvents.OnHostLaunched: Invoking callback 1/2 for Microsoft.VisualStudio.TestPlatform.CrossPlatEngine.Client.ProxyExecutionManagerWithDataCollection., took 2 ms.
TpTrace Verbose: 0 : 48812, 5, 2024/02/15, 21:32:54.178, 3075842516081, vstest.console.dll, Test Runtime launched
TpTrace Verbose: 0 : 48812, 5, 2024/02/15, 21:32:54.179, 3075842517976, vstest.console.dll, MulticastDelegateUtilities.SafeInvoke: HostProviderEvents.OnHostLaunched: Invoking callback 2/2 for Microsoft.VisualStudio.TestPlatform.CrossPlatEngine.Client.ProxyOperationManager., took 0 ms.
TpTrace Verbose: 0 : 48812, 5, 2024/02/15, 21:32:54.179, 3075842521588, vstest.console.dll, TestRequestSender.WaitForRequestHandlerConnection: waiting for connection with timeout: 90000.
TpTrace Verbose: 0 : 48812, 5, 2024/02/15, 21:32:54.664, 3075847369989, vstest.console.dll, TestRequestSender.WaitForRequestHandlerConnection: waiting took 484 ms, with timeout 90000 ms, and result 0, which is success.
TpTrace Verbose: 0 : 48812, 7, 2024/02/15, 21:32:54.664, 3075847369988, vstest.console.dll, MulticastDelegateUtilities.SafeInvoke: SocketServer: ClientConnected: Invoking callback 1/1 for Microsoft.VisualStudio.TestPlatform.CommunicationUtilities.TestRequestSender., took 0 ms.
TpTrace Verbose: 0 : 48812, 7, 2024/02/15, 21:32:54.664, 3075847375834, vstest.console.dll, SocketServer.OnClientConnected: Client connected for endPoint: 127.0.0.1:17324, starting MessageLoopAsync:
TpTrace Verbose: 0 : 48812, 7, 2024/02/15, 21:32:54.665, 3075847384832, vstest.console.dll, TcpClientExtensions.MessageLoopAsync: Polling on remoteEndPoint: 127.0.0.1:17326 localEndPoint: 127.0.0.1:17324
TpTrace Verbose: 0 : 48812, 5, 2024/02/15, 21:32:54.666, 3075847397313, vstest.console.dll, TestRequestSender.CheckVersionWithTestHost: Sending check version message: {"MessageType":"ProtocolVersion","Payload":7}
TpTrace Verbose: 0 : 48812, 7, 2024/02/15, 21:32:55.371, 3075854441329, vstest.console.dll, TcpClientExtensions.MessageLoopAsync: NotifyDataAvailable remoteEndPoint: 127.0.0.1:17326 localEndPoint: 127.0.0.1:17324
TpTrace Verbose: 0 : 48812, 7, 2024/02/15, 21:32:55.371, 3075854447542, vstest.console.dll, TestRequestSender.CheckVersionWithTestHost: onMessageReceived received message: (ProtocolVersion) -> {"MessageType":"ProtocolVersion","Payload":5}
TpTrace Verbose: 0 : 48812, 7, 2024/02/15, 21:32:55.374, 3075854477084, vstest.console.dll, MulticastDelegateUtilities.SafeInvoke: LengthPrefixCommunicationChannel: MessageReceived: Invoking callback 1/1 for Microsoft.VisualStudio.TestPlatform.CommunicationUtilities.TestRequestSender+<>c__DisplayClass29_0., took 3 ms.
TpTrace Verbose: 0 : 48812, 5, 2024/02/15, 21:32:55.375, 3075854479290, vstest.console.dll, TestPluginCache.GetExtensionPaths: Filtered extension paths: 
TpTrace Verbose: 0 : 48812, 7, 2024/02/15, 21:32:55.375, 3075854481586, vstest.console.dll, TcpClientExtensions.MessageLoopAsync: Polling on remoteEndPoint: 127.0.0.1:17326 localEndPoint: 127.0.0.1:17324
TpTrace Verbose: 0 : 48812, 5, 2024/02/15, 21:32:55.375, 3075854483811, vstest.console.dll, TestPluginCache.GetExtensionPaths: Added default extension paths: C:\Program Files\dotnet\sdk\7.0.400\Extensions\Microsoft.Diagnostics.NETCore.Client.dll
C:\Program Files\dotnet\sdk\7.0.400\Extensions\Microsoft.TestPlatform.Extensions.BlameDataCollector.dll
C:\Program Files\dotnet\sdk\7.0.400\Extensions\Microsoft.TestPlatform.Extensions.EventLogCollector.dll
C:\Program Files\dotnet\sdk\7.0.400\Extensions\Microsoft.TestPlatform.TestHostRuntimeProvider.dll
C:\Program Files\dotnet\sdk\7.0.400\Extensions\Microsoft.VisualStudio.TestPlatform.Extensions.Html.TestLogger.dll
C:\Program Files\dotnet\sdk\7.0.400\Extensions\Microsoft.VisualStudio.TestPlatform.Extensions.Trx.TestLogger.dll
TpTrace Verbose: 0 : 48812, 5, 2024/02/15, 21:32:55.376, 3075854488611, vstest.console.dll, TestPluginCache.GetExtensionPaths: Added unfilterableExtensionPaths: 
TpTrace Verbose: 0 : 48812, 5, 2024/02/15, 21:32:55.392, 3075854650023, vstest.console.dll, TestRequestSender.InitializeExecution: Sending initialize execution with message: {"Version":5,"MessageType":"TestExecution.Initialize","Payload":["C:\\git\\testing\\Optix\\Optix.Movies.UnitTests\\bin\\Debug\\net6.0\\fine-code-coverage\\build-output\\xunit.runner.visualstudio.dotnetcore.testadapter.dll"]}
TpTrace Verbose: 0 : 48812, 5, 2024/02/15, 21:32:55.393, 3075854662867, vstest.console.dll, ParallelProxyExecutionManager: Execution started. Started clients: 1
TpTrace Verbose: 0 : 48812, 5, 2024/02/15, 21:32:55.395, 3075854678737, vstest.console.dll, TestRunRequest:SendTestRunMessage: Starting.
TpTrace Verbose: 0 : 48812, 5, 2024/02/15, 21:32:55.395, 3075854684734, vstest.console.dll, MulticastDelegateUtilities.SafeInvoke: TestRun.LogMessages: Invoking callback 1/1 for Microsoft.VisualStudio.TestPlatform.CommandLine.TestRunResultAggregator., took 0 ms.
TpTrace Information: 0 : 48812, 5, 2024/02/15, 21:32:55.396, 3075854687891, vstest.console.dll, TestRunRequest:SendTestRunMessage: Completed.
TpTrace Warning: 0 : 48812, 5, 2024/02/15, 21:32:55.397, 3075854702508, vstest.console.dll, InferRunSettingsHelper.MakeRunsettingsCompatible: Removing the following settings: TargetPlatform from RunSettings file. To use those settings please move to latest version of Microsoft.NET.Test.Sdk
TpTrace Verbose: 0 : 48812, 4, 2024/02/15, 21:32:55.425, 3075854986933, vstest.console.dll, MulticastDelegateUtilities.SafeInvoke: InternalTestLoggerEvents.SendTestRunMessage: Invoking callback 1/1 for Microsoft.VisualStudio.TestPlatform.CommandLine.Internal.ConsoleLogger., took 12 ms.
TpTrace Verbose: 0 : 48812, 5, 2024/02/15, 21:32:55.434, 3075855068499, vstest.console.dll, TestRequestSender.StartTestRun: Sending test run with message: {"Version":5,"MessageType":"TestExecution.StartWithSources","Payload":{"AdapterSourceMap":{"_none_":["C:\\git\\testing\\Optix\\Optix.Movies.UnitTests\\bin\\Debug\\net6.0\\fine-code-coverage\\build-output\\Optix.Movies.UnitTests.dll"]},"RunSettings":"<RunSettings>\r\n  <RunConfiguration>\r\n    <ResultsDirectory>C:\\git\\testing\\Optix\\Optix.Movies.UnitTests\\bin\\Debug\\net6.0\\fine-code-coverage\\coverage-tool-output</ResultsDirectory>\r\n    <TargetFrameworkVersion>.NETCoreApp,Version=v6.0</TargetFrameworkVersion>\r\n    <DesignMode>False</DesignMode>\r\n    <CollectSourceInformation>False</CollectSourceInformation>\r\n  </RunConfiguration>\r\n  <LoggerRunSettings>\r\n    <Loggers>\r\n      <Logger friendlyName=\"blame\" enabled=\"True\" />\r\n      <Logger friendlyName=\"Console\" uri=\"logger://microsoft/TestPlatform/ConsoleLogger/v1\" assemblyQualifiedName=\"Microsoft.VisualStudio.TestPlatform.CommandLine.Internal.ConsoleLogger, vstest.console, Version=15.0.0.0, Culture=neutral, PublicKeyToken=b03f5f7f11d50a3a\" codeBase=\"C:\\Program Files\\dotnet\\sdk\\7.0.400\\vstest.console.dll\" enabled=\"True\" />\r\n    </Loggers>\r\n  </LoggerRunSettings>\r\n  <DataCollectionRunSettings>\r\n    <DataCollectors>\r\n      <DataCollector friendlyName=\"blame\" enabled=\"True\">\r\n        <Configuration>\r\n          <ResultsDirectory>C:\\git\\testing\\Optix\\Optix.Movies.UnitTests\\bin\\Debug\\net6.0\\fine-code-coverage\\coverage-tool-output</ResultsDirectory>\r\n        </Configuration>\r\n      </DataCollector>\r\n    </DataCollectors>\r\n  </DataCollectionRunSettings>\r\n</RunSettings>","TestExecutionContext":{"FrequencyOfRunStatsChangeEvent":10,"RunStatsChangeEventTimeout":"00:00:01.5000000","InIsolation":false,"KeepAlive":false,"AreTestCaseLevelEventsRequired":false,"IsDebug":false,"TestCaseFilter":null,"FilterOptions":null},"Package":null}}
TpTrace Verbose: 0 : 48812, 7, 2024/02/15, 21:32:55.457, 3075855301822, vstest.console.dll, TcpClientExtensions.MessageLoopAsync: NotifyDataAvailable remoteEndPoint: 127.0.0.1:17326 localEndPoint: 127.0.0.1:17324
TpTrace Verbose: 0 : 48812, 7, 2024/02/15, 21:32:55.458, 3075855313440, vstest.console.dll, TestRequestSender.OnExecutionMessageReceived: Received message: {"Version":5,"MessageType":"TestSession.Message","Payload":{"MessageLevel":0,"Message":"Logging TestHost Diagnostics in file: C:\\git\\testing\\Optix\\Optix.Movies.UnitTests\\bin\\Debug\\net6.0\\fine-code-coverage\\coverage-tool-output\\diagnostics.host.24-02-15_21-32-54_15375_5.log"}}
TpTrace Verbose: 0 : 48812, 7, 2024/02/15, 21:32:55.467, 3075855402574, vstest.console.dll, TestRunRequest:SendTestRunMessage: Starting.
TpTrace Verbose: 0 : 48812, 7, 2024/02/15, 21:32:55.468, 3075855407614, vstest.console.dll, MulticastDelegateUtilities.SafeInvoke: TestRun.LogMessages: Invoking callback 1/1 for Microsoft.VisualStudio.TestPlatform.CommandLine.TestRunResultAggregator., took 0 ms.
TpTrace Information: 0 : 48812, 7, 2024/02/15, 21:32:55.468, 3075855409616, vstest.console.dll, TestRunRequest:SendTestRunMessage: Completed.
TpTrace Verbose: 0 : 48812, 7, 2024/02/15, 21:32:55.468, 3075855411752, vstest.console.dll, MulticastDelegateUtilities.SafeInvoke: LengthPrefixCommunicationChannel: MessageReceived: Invoking callback 1/1 for Microsoft.VisualStudio.TestPlatform.CommunicationUtilities.TestRequestSender+<>c__DisplayClass34_0., took 10 ms.
TpTrace Verbose: 0 : 48812, 7, 2024/02/15, 21:32:55.468, 3075855413799, vstest.console.dll, TcpClientExtensions.MessageLoopAsync: Polling on remoteEndPoint: 127.0.0.1:17326 localEndPoint: 127.0.0.1:17324
TpTrace Verbose: 0 : 48812, 4, 2024/02/15, 21:32:55.469, 3075855419268, vstest.console.dll, MulticastDelegateUtilities.SafeInvoke: InternalTestLoggerEvents.SendTestRunMessage: Invoking callback 1/1 for Microsoft.VisualStudio.TestPlatform.CommandLine.Internal.ConsoleLogger., took 0 ms.
TpTrace Verbose: 0 : 48812, 7, 2024/02/15, 21:32:56.449, 3075865224517, vstest.console.dll, TcpClientExtensions.MessageLoopAsync: NotifyDataAvailable remoteEndPoint: 127.0.0.1:17326 localEndPoint: 127.0.0.1:17324
TpTrace Verbose: 0 : 48812, 7, 2024/02/15, 21:32:56.450, 3075865229661, vstest.console.dll, TestRequestSender.OnExecutionMessageReceived: Received message: {"Version":5,"MessageType":"TestSession.Message","Payload":{"MessageLevel":0,"Message":"[xUnit.net 00:00:00.03] xUnit.net VSTest Adapter v2.4.3+1b45f5407b (64-bit .NET 6.0.26)"}}
TpTrace Verbose: 0 : 48812, 7, 2024/02/15, 21:32:56.451, 3075865238481, vstest.console.dll, TestRunRequest:SendTestRunMessage: Starting.
TpTrace Verbose: 0 : 48812, 7, 2024/02/15, 21:32:56.451, 3075865241975, vstest.console.dll, MulticastDelegateUtilities.SafeInvoke: TestRun.LogMessages: Invoking callback 1/1 for Microsoft.VisualStudio.TestPlatform.CommandLine.TestRunResultAggregator., took 0 ms.
TpTrace Verbose: 0 : 48812, 4, 2024/02/15, 21:32:56.451, 3075865242508, vstest.console.dll, MulticastDelegateUtilities.SafeInvoke: InternalTestLoggerEvents.SendTestRunMessage: Invoking callback 1/1 for Microsoft.VisualStudio.TestPlatform.CommandLine.Internal.ConsoleLogger., took 0 ms.
TpTrace Information: 0 : 48812, 7, 2024/02/15, 21:32:56.451, 3075865244253, vstest.console.dll, TestRunRequest:SendTestRunMessage: Completed.
TpTrace Verbose: 0 : 48812, 7, 2024/02/15, 21:32:56.452, 3075865250019, vstest.console.dll, MulticastDelegateUtilities.SafeInvoke: LengthPrefixCommunicationChannel: MessageReceived: Invoking callback 1/1 for Microsoft.VisualStudio.TestPlatform.CommunicationUtilities.TestRequestSender+<>c__DisplayClass34_0., took 2 ms.
TpTrace Verbose: 0 : 48812, 7, 2024/02/15, 21:32:56.452, 3075865252331, vstest.console.dll, TcpClientExtensions.MessageLoopAsync: Polling on remoteEndPoint: 127.0.0.1:17326 localEndPoint: 127.0.0.1:17324
TpTrace Verbose: 0 : 48812, 7, 2024/02/15, 21:32:57.460, 3075875328838, vstest.console.dll, TcpClientExtensions.MessageLoopAsync: Polling on remoteEndPoint: 127.0.0.1:17326 localEndPoint: 127.0.0.1:17324
TpTrace Verbose: 0 : 48812, 7, 2024/02/15, 21:32:58.460, 3075885329873, vstest.console.dll, TcpClientExtensions.MessageLoopAsync: Polling on remoteEndPoint: 127.0.0.1:17326 localEndPoint: 127.0.0.1:17324
TpTrace Verbose: 0 : 48812, 7, 2024/02/15, 21:32:59.474, 3075895468432, vstest.console.dll, TcpClientExtensions.MessageLoopAsync: Polling on remoteEndPoint: 127.0.0.1:17326 localEndPoint: 127.0.0.1:17324
TpTrace Verbose: 0 : 48812, 7, 2024/02/15, 21:33:00.483, 3075905558761, vstest.console.dll, TcpClientExtensions.MessageLoopAsync: Polling on remoteEndPoint: 127.0.0.1:17326 localEndPoint: 127.0.0.1:17324
TpTrace Verbose: 0 : 48812, 7, 2024/02/15, 21:33:01.487, 3075915605218, vstest.console.dll, TcpClientExtensions.MessageLoopAsync: Polling on remoteEndPoint: 127.0.0.1:17326 localEndPoint: 127.0.0.1:17324
TpTrace Verbose: 0 : 48812, 7, 2024/02/15, 21:33:02.502, 3075925748004, vstest.console.dll, TcpClientExtensions.MessageLoopAsync: Polling on remoteEndPoint: 127.0.0.1:17326 localEndPoint: 127.0.0.1:17324
TpTrace Verbose: 0 : 48812, 7, 2024/02/15, 21:33:03.516, 3075935888417, vstest.console.dll, TcpClientExtensions.MessageLoopAsync: Polling on remoteEndPoint: 127.0.0.1:17326 localEndPoint: 127.0.0.1:17324
TpTrace Verbose: 0 : 48812, 7, 2024/02/15, 21:33:04.530, 3075946036393, vstest.console.dll, TcpClientExtensions.MessageLoopAsync: Polling on remoteEndPoint: 127.0.0.1:17326 localEndPoint: 127.0.0.1:17324
TpTrace Verbose: 0 : 48812, 7, 2024/02/15, 21:33:05.545, 3075956184758, vstest.console.dll, TcpClientExtensions.MessageLoopAsync: Polling on remoteEndPoint: 127.0.0.1:17326 localEndPoint: 127.0.0.1:17324
TpTrace Verbose: 0 : 48812, 7, 2024/02/15, 21:33:06.558, 3075966312548, vstest.console.dll, TcpClientExtensions.MessageLoopAsync: Polling on remoteEndPoint: 127.0.0.1:17326 localEndPoint: 127.0.0.1:17324
TpTrace Verbose: 0 : 48812, 7, 2024/02/15, 21:33:07.560, 3075976329840, vstest.console.dll, TcpClientExtensions.MessageLoopAsync: Polling on remoteEndPoint: 127.0.0.1:17326 localEndPoint: 127.0.0.1:17324
TpTrace Verbose: 0 : 48812, 7, 2024/02/15, 21:33:08.496, 3075985693945, vstest.console.dll, TcpClientExtensions.MessageLoopAsync: NotifyDataAvailable remoteEndPoint: 127.0.0.1:17326 localEndPoint: 127.0.0.1:17324
TpTrace Verbose: 0 : 48812, 7, 2024/02/15, 21:33:08.497, 3075985700644, vstest.console.dll, TestRequestSender.OnExecutionMessageReceived: Received message: {"Version":5,"MessageType":"TestSession.Message","Payload":{"MessageLevel":0,"Message":"[xUnit.net 00:00:12.11]   Discovering: Optix.Movies.UnitTests"}}
TpTrace Verbose: 0 : 48812, 7, 2024/02/15, 21:33:08.498, 3075985714892, vstest.console.dll, TestRunRequest:SendTestRunMessage: Starting.
TpTrace Verbose: 0 : 48812, 7, 2024/02/15, 21:33:08.499, 3075985719922, vstest.console.dll, MulticastDelegateUtilities.SafeInvoke: TestRun.LogMessages: Invoking callback 1/1 for Microsoft.VisualStudio.TestPlatform.CommandLine.TestRunResultAggregator., took 0 ms.
TpTrace Information: 0 : 48812, 7, 2024/02/15, 21:33:08.499, 3075985722679, vstest.console.dll, TestRunRequest:SendTestRunMessage: Completed.
TpTrace Verbose: 0 : 48812, 7, 2024/02/15, 21:33:08.499, 3075985725429, vstest.console.dll, MulticastDelegateUtilities.SafeInvoke: LengthPrefixCommunicationChannel: MessageReceived: Invoking callback 1/1 for Microsoft.VisualStudio.TestPlatform.CommunicationUtilities.TestRequestSender+<>c__DisplayClass34_0., took 2 ms.
TpTrace Verbose: 0 : 48812, 7, 2024/02/15, 21:33:08.500, 3075985727584, vstest.console.dll, TcpClientExtensions.MessageLoopAsync: Polling on remoteEndPoint: 127.0.0.1:17326 localEndPoint: 127.0.0.1:17324
TpTrace Verbose: 0 : 48812, 4, 2024/02/15, 21:33:08.501, 3075985746550, vstest.console.dll, MulticastDelegateUtilities.SafeInvoke: InternalTestLoggerEvents.SendTestRunMessage: Invoking callback 1/1 for Microsoft.VisualStudio.TestPlatform.CommandLine.Internal.ConsoleLogger., took 2 ms.
TpTrace Verbose: 0 : 48812, 7, 2024/02/15, 21:33:08.877, 3075989499542, vstest.console.dll, TcpClientExtensions.MessageLoopAsync: NotifyDataAvailable remoteEndPoint: 127.0.0.1:17326 localEndPoint: 127.0.0.1:17324
TpTrace Verbose: 0 : 48812, 7, 2024/02/15, 21:33:08.878, 3075989511904, vstest.console.dll, TestRequestSender.OnExecutionMessageReceived: Received message: {"Version":5,"MessageType":"TestSession.Message","Payload":{"MessageLevel":0,"Message":"[xUnit.net 00:00:12.49]   Discovered:  Optix.Movies.UnitTests"}}
TpTrace Verbose: 0 : 48812, 7, 2024/02/15, 21:33:08.878, 3075989516746, vstest.console.dll, TestRunRequest:SendTestRunMessage: Starting.
TpTrace Verbose: 0 : 48812, 7, 2024/02/15, 21:33:08.879, 3075989520438, vstest.console.dll, MulticastDelegateUtilities.SafeInvoke: TestRun.LogMessages: Invoking callback 1/1 for Microsoft.VisualStudio.TestPlatform.CommandLine.TestRunResultAggregator., took 0 ms.
TpTrace Information: 0 : 48812, 7, 2024/02/15, 21:33:08.879, 3075989523352, vstest.console.dll, TestRunRequest:SendTestRunMessage: Completed.
TpTrace Verbose: 0 : 48812, 7, 2024/02/15, 21:33:08.879, 3075989525713, vstest.console.dll, MulticastDelegateUtilities.SafeInvoke: LengthPrefixCommunicationChannel: MessageReceived: Invoking callback 1/1 for Microsoft.VisualStudio.TestPlatform.CommunicationUtilities.TestRequestSender+<>c__DisplayClass34_0., took 2 ms.
TpTrace Verbose: 0 : 48812, 7, 2024/02/15, 21:33:08.880, 3075989527315, vstest.console.dll, TcpClientExtensions.MessageLoopAsync: Polling on remoteEndPoint: 127.0.0.1:17326 localEndPoint: 127.0.0.1:17324
TpTrace Verbose: 0 : 48812, 4, 2024/02/15, 21:33:08.879, 3075989525908, vstest.console.dll, MulticastDelegateUtilities.SafeInvoke: InternalTestLoggerEvents.SendTestRunMessage: Invoking callback 1/1 for Microsoft.VisualStudio.TestPlatform.CommandLine.Internal.ConsoleLogger., took 0 ms.
TpTrace Verbose: 0 : 48812, 7, 2024/02/15, 21:33:08.910, 3075989834459, vstest.console.dll, TcpClientExtensions.MessageLoopAsync: NotifyDataAvailable remoteEndPoint: 127.0.0.1:17326 localEndPoint: 127.0.0.1:17324
TpTrace Verbose: 0 : 48812, 7, 2024/02/15, 21:33:08.911, 3075989838499, vstest.console.dll, TestRequestSender.OnExecutionMessageReceived: Received message: {"Version":5,"MessageType":"TestSession.Message","Payload":{"MessageLevel":0,"Message":"[xUnit.net 00:00:12.52]   Starting:    Optix.Movies.UnitTests"}}
TpTrace Verbose: 0 : 48812, 7, 2024/02/15, 21:33:08.911, 3075989842616, vstest.console.dll, TestRunRequest:SendTestRunMessage: Starting.
TpTrace Verbose: 0 : 48812, 7, 2024/02/15, 21:33:08.911, 3075989845861, vstest.console.dll, MulticastDelegateUtilities.SafeInvoke: TestRun.LogMessages: Invoking callback 1/1 for Microsoft.VisualStudio.TestPlatform.CommandLine.TestRunResultAggregator., took 0 ms.
TpTrace Verbose: 0 : 48812, 4, 2024/02/15, 21:33:08.911, 3075989846601, vstest.console.dll, MulticastDelegateUtilities.SafeInvoke: InternalTestLoggerEvents.SendTestRunMessage: Invoking callback 1/1 for Microsoft.VisualStudio.TestPlatform.CommandLine.Internal.ConsoleLogger., took 0 ms.
TpTrace Information: 0 : 48812, 7, 2024/02/15, 21:33:08.912, 3075989848459, vstest.console.dll, TestRunRequest:SendTestRunMessage: Completed.
TpTrace Verbose: 0 : 48812, 7, 2024/02/15, 21:33:08.913, 3075989857817, vstest.console.dll, MulticastDelegateUtilities.SafeInvoke: LengthPrefixCommunicationChannel: MessageReceived: Invoking callback 1/1 for Microsoft.VisualStudio.TestPlatform.CommunicationUtilities.TestRequestSender+<>c__DisplayClass34_0., took 1 ms.
TpTrace Verbose: 0 : 48812, 7, 2024/02/15, 21:33:08.913, 3075989859998, vstest.console.dll, TcpClientExtensions.MessageLoopAsync: Polling on remoteEndPoint: 127.0.0.1:17326 localEndPoint: 127.0.0.1:17324
TpTrace Verbose: 0 : 48812, 7, 2024/02/15, 21:33:09.402, 3075994754751, vstest.console.dll, TcpClientExtensions.MessageLoopAsync: NotifyDataAvailable remoteEndPoint: 127.0.0.1:17326 localEndPoint: 127.0.0.1:17324
TpTrace Verbose: 0 : 48812, 7, 2024/02/15, 21:33:09.403, 3075994759841, vstest.console.dll, TestRequestSender.OnExecutionMessageReceived: Received message: {"Version":5,"MessageType":"TestExecution.StatsChange","Payload":{"NewTestResults":[],"TestRunStatistics":{"ExecutedTests":0,"Stats":{}},"ActiveTests":[{"Id":"26e6e986-dfa1-f2af-03eb-621c791ea94f","FullyQualifiedName":"Optix.Movies.UnitTests.Infrastructure.Validation.MoviesQueryValidatorTests.Should_Remove_Special_Characters","DisplayName":"Optix.Movies.UnitTests.Infrastructure.Validation.MoviesQueryValidatorTests.Should_Remove_Special_Characters","ExecutorUri":"executor://xunit/VsTestRunner2/netcoreapp","Source":"C:\\git\\testing\\Optix\\Optix.Movies.UnitTests\\bin\\Debug\\net6.0\\fine-code-coverage\\build-output\\Optix.Movies.UnitTests.dll","CodeFilePath":null,"LineNumber":0,"Properties":[]}]}}
TpTrace Verbose: 0 : 48812, 7, 2024/02/15, 21:33:09.460, 3075995331302, vstest.console.dll, TestRunRequest:SendTestRunStatsChange: Starting.
TpTrace Verbose: 0 : 48812, 7, 2024/02/15, 21:33:09.461, 3075995344753, vstest.console.dll, InProgress is Optix.Movies.UnitTests.Infrastructure.Validation.MoviesQueryValidatorTests.Should_Remove_Special_Characters
TpTrace Verbose: 0 : 48812, 7, 2024/02/15, 21:33:09.463, 3075995357146, vstest.console.dll, MulticastDelegateUtilities.SafeInvoke: TestRun.RunStatsChanged: Invoking callbacks was skipped because there are no subscribers.
TpTrace Information: 0 : 48812, 7, 2024/02/15, 21:33:09.463, 3075995359679, vstest.console.dll, TestRunRequest:SendTestRunStatsChange: Completed.
TpTrace Verbose: 0 : 48812, 7, 2024/02/15, 21:33:09.463, 3075995361609, vstest.console.dll, MulticastDelegateUtilities.SafeInvoke: LengthPrefixCommunicationChannel: MessageReceived: Invoking callback 1/1 for Microsoft.VisualStudio.TestPlatform.CommunicationUtilities.TestRequestSender+<>c__DisplayClass34_0., took 60 ms.
TpTrace Verbose: 0 : 48812, 7, 2024/02/15, 21:33:09.463, 3075995363871, vstest.console.dll, TcpClientExtensions.MessageLoopAsync: Polling on remoteEndPoint: 127.0.0.1:17326 localEndPoint: 127.0.0.1:17324
TpTrace Verbose: 0 : 48812, 7, 2024/02/15, 21:33:10.476, 3076005493590, vstest.console.dll, TcpClientExtensions.MessageLoopAsync: Polling on remoteEndPoint: 127.0.0.1:17326 localEndPoint: 127.0.0.1:17324
TpTrace Verbose: 0 : 48812, 7, 2024/02/15, 21:33:10.912, 3076009852014, vstest.console.dll, TcpClientExtensions.MessageLoopAsync: NotifyDataAvailable remoteEndPoint: 127.0.0.1:17326 localEndPoint: 127.0.0.1:17324
TpTrace Verbose: 0 : 48812, 7, 2024/02/15, 21:33:10.912, 3076009856365, vstest.console.dll, TestRequestSender.OnExecutionMessageReceived: Received message: {"Version":5,"MessageType":"TestExecution.StatsChange","Payload":{"NewTestResults":[],"TestRunStatistics":{"ExecutedTests":0,"Stats":{}},"ActiveTests":[{"Id":"a0f1e1df-ab6b-1497-6775-415b29b95c37","FullyQualifiedName":"Optix.Movies.UnitTests.Application.Handlers.MoviesQueryHandlerTests.Handle_Returns_Movies_Response_Paged","DisplayName":"Optix.Movies.UnitTests.Application.Handlers.MoviesQueryHandlerTests.Handle_Returns_Movies_Response_Paged(pageSize: 4)","ExecutorUri":"executor://xunit/VsTestRunner2/netcoreapp","Source":"C:\\git\\testing\\Optix\\Optix.Movies.UnitTests\\bin\\Debug\\net6.0\\fine-code-coverage\\build-output\\Optix.Movies.UnitTests.dll","CodeFilePath":null,"LineNumber":0,"Properties":[]}]}}
TpTrace Verbose: 0 : 48812, 7, 2024/02/15, 21:33:10.914, 3076009868061, vstest.console.dll, TestRunRequest:SendTestRunStatsChange: Starting.
TpTrace Verbose: 0 : 48812, 7, 2024/02/15, 21:33:10.914, 3076009871354, vstest.console.dll, InProgress is Optix.Movies.UnitTests.Application.Handlers.MoviesQueryHandlerTests.Handle_Returns_Movies_Response_Paged(pageSize: 4)
TpTrace Verbose: 0 : 48812, 7, 2024/02/15, 21:33:10.914, 3076009874263, vstest.console.dll, MulticastDelegateUtilities.SafeInvoke: TestRun.RunStatsChanged: Invoking callbacks was skipped because there are no subscribers.
TpTrace Information: 0 : 48812, 7, 2024/02/15, 21:33:10.914, 3076009875783, vstest.console.dll, TestRunRequest:SendTestRunStatsChange: Completed.
TpTrace Verbose: 0 : 48812, 7, 2024/02/15, 21:33:10.915, 3076009877641, vstest.console.dll, MulticastDelegateUtilities.SafeInvoke: LengthPrefixCommunicationChannel: MessageReceived: Invoking callback 1/1 for Microsoft.VisualStudio.TestPlatform.CommunicationUtilities.TestRequestSender+<>c__DisplayClass34_0., took 2 ms.
TpTrace Verbose: 0 : 48812, 7, 2024/02/15, 21:33:10.915, 3076009879154, vstest.console.dll, TcpClientExtensions.MessageLoopAsync: Polling on remoteEndPoint: 127.0.0.1:17326 localEndPoint: 127.0.0.1:17324
TpTrace Verbose: 0 : 48812, 7, 2024/02/15, 21:33:11.237, 3076013103105, vstest.console.dll, TcpClientExtensions.MessageLoopAsync: NotifyDataAvailable remoteEndPoint: 127.0.0.1:17326 localEndPoint: 127.0.0.1:17324
TpTrace Verbose: 0 : 48812, 7, 2024/02/15, 21:33:11.238, 3076013111025, vstest.console.dll, TestRequestSender.OnExecutionMessageReceived: Received message: {"Version":5,"MessageType":"TestExecution.StatsChange","Payload":{"NewTestResults":[{"TestCase":{"Id":"26e6e986-dfa1-f2af-03eb-621c791ea94f","FullyQualifiedName":"Optix.Movies.UnitTests.Infrastructure.Validation.MoviesQueryValidatorTests.Should_Remove_Special_Characters","DisplayName":"Optix.Movies.UnitTests.Infrastructure.Validation.MoviesQueryValidatorTests.Should_Remove_Special_Characters","ExecutorUri":"executor://xunit/VsTestRunner2/netcoreapp","Source":"C:\\git\\testing\\Optix\\Optix.Movies.UnitTests\\bin\\Debug\\net6.0\\fine-code-coverage\\build-output\\Optix.Movies.UnitTests.dll","CodeFilePath":null,"LineNumber":0,"Properties":[]},"Attachments":[],"Outcome":1,"ErrorMessage":null,"ErrorStackTrace":null,"DisplayName":"Optix.Movies.UnitTests.Infrastructure.Validation.MoviesQueryValidatorTests.Should_Remove_Special_Characters","Messages":[],"ComputerName":"L018066","Duration":"00:00:01.6455819","StartTime":"2024-02-15T21:33:10.9593415+00:00","EndTime":"2024-02-15T21:33:10.9594216+00:00","Properties":[]},{"TestCase":{"Id":"a0f1e1df-ab6b-1497-6775-415b29b95c37","FullyQualifiedName":"Optix.Movies.UnitTests.Application.Handlers.MoviesQueryHandlerTests.Handle_Returns_Movies_Response_Paged","DisplayName":"Optix.Movies.UnitTests.Application.Handlers.MoviesQueryHandlerTests.Handle_Returns_Movies_Response_Paged(pageSize: 4)","ExecutorUri":"executor://xunit/VsTestRunner2/netcoreapp","Source":"C:\\git\\testing\\Optix\\Optix.Movies.UnitTests\\bin\\Debug\\net6.0\\fine-code-coverage\\build-output\\Optix.Movies.UnitTests.dll","CodeFilePath":null,"LineNumber":0,"Properties":[]},"Attachments":[],"Outcome":1,"ErrorMessage":null,"ErrorStackTrace":null,"DisplayName":"Optix.Movies.UnitTests.Application.Handlers.MoviesQueryHandlerTests.Handle_Returns_Movies_Response_Paged(pageSize: 4)","Messages":[],"ComputerName":"L018066","Duration":"00:00:01.6323186","StartTime":"2024-02-15T21:33:11.0184576+00:00","EndTime":"2024-02-15T21:33:11.0184578+00:00","Properties":[]},{"TestCase":{"Id":"83690e4e-d352-27a6-92c4-d5f57c579f95","FullyQualifiedName":"Optix.Movies.UnitTests.Infrastructure.Validation.MoviesQueryValidatorTests.Should_Limit_Page_Size","DisplayName":"Optix.Movies.UnitTests.Infrastructure.Validation.MoviesQueryValidatorTests.Should_Limit_Page_Size","ExecutorUri":"executor://xunit/VsTestRunner2/netcoreapp","Source":"C:\\git\\testing\\Optix\\Optix.Movies.UnitTests\\bin\\Debug\\net6.0\\fine-code-coverage\\build-output\\Optix.Movies.UnitTests.dll","CodeFilePath":null,"LineNumber":0,"Properties":[]},"Attachments":[],"Outcome":1,"ErrorMessage":null,"ErrorStackTrace":null,"DisplayName":"Optix.Movies.UnitTests.Infrastructure.Validation.MoviesQueryValidatorTests.Should_Limit_Page_Size","Messages":[],"ComputerName":"L018066","Duration":"00:00:00.0235249","StartTime":"2024-02-15T21:33:11.0316814+00:00","EndTime":"2024-02-15T21:33:11.0316819+00:00","Properties":[]},{"TestCase":{"Id":"d3641015-415f-ef0a-dd86-87d0b7532f67","FullyQualifiedName":"Optix.Movies.UnitTests.Application.Handlers.MoviesQueryHandlerTests.Handle_Returns_Movies_Response_Paged","DisplayName":"Optix.Movies.UnitTests.Application.Handlers.MoviesQueryHandlerTests.Handle_Returns_Movies_Response_Paged(pageSize: 2)","ExecutorUri":"executor://xunit/VsTestRunner2/netcoreapp","Source":"C:\\git\\testing\\Optix\\Optix.Movies.UnitTests\\bin\\Debug\\net6.0\\fine-code-coverage\\build-output\\Optix.Movies.UnitTests.dll","CodeFilePath":null,"LineNumber":0,"Properties":[]},"Attachments":[],"Outcome":1,"ErrorMessage":null,"ErrorStackTrace":null,"DisplayName":"Optix.Movies.UnitTests.Application.Handlers.MoviesQueryHandlerTests.Handle_Returns_Movies_Response_Paged(pageSize: 2)","Messages":[],"ComputerName":"L018066","Duration":"00:00:00.0492753","StartTime":"2024-02-15T21:33:11.0388226+00:00","EndTime":"2024-02-15T21:33:11.0388231+00:00","Properties":[]},{"TestCase":{"Id":"fd09ada1-9e47-aef3-d3c8-229591d9c117","FullyQualifiedName":"Optix.Movies.UnitTests.Infrastructure.Validation.MoviesQueryValidatorTests.No_Defaults_Sets_Defaults","DisplayName":"Optix.Movies.UnitTests.Infrastructure.Validation.MoviesQueryValidatorTests.No_Defaults_Sets_Defaults","ExecutorUri":"executor://xunit/VsTestRunner2/netcoreapp","Source":"C:\\git\\testing\\Optix\\Optix.Movies.UnitTests\\bin\\Debug\\net6.0\\fine-code-coverage\\build-output\\Optix.Movies.UnitTests.dll","CodeFilePath":null,"LineNumber":0,"Properties":[]},"Attachments":[],"Outcome":1,"ErrorMessage":null,"ErrorStackTrace":null,"DisplayName":"Optix.Movies.UnitTests.Infrastructure.Validation.MoviesQueryValidatorTests.No_Defaults_Sets_Defaults","Messages":[],"ComputerName":"L018066","Duration":"00:00:00.0384595","StartTime":"2024-02-15T21:33:11.0455817+00:00","EndTime":"2024-02-15T21:33:11.0455821+00:00","Properties":[]},{"TestCase":{"Id":"dd054235-5f3d-ff43-c106-b08495217d3e","FullyQualifiedName":"Optix.Movies.UnitTests.Application.Handlers.MoviesQueryHandlerTests.Handle_Returns_Movies_Response_Paged","DisplayName":"Optix.Movies.UnitTests.Application.Handlers.MoviesQueryHandlerTests.Handle_Returns_Movies_Response_Paged(pageSize: 3)","ExecutorUri":"executor://xunit/VsTestRunner2/netcoreapp","Source":"C:\\git\\testing\\Optix\\Optix.Movies.UnitTests\\bin\\Debug\\net6.0\\fine-code-coverage\\build-output\\Optix.Movies.UnitTests.dll","CodeFilePath":null,"LineNumber":0,"Properties":[]},"Attachments":[],"Outcome":1,"ErrorMessage":null,"ErrorStackTrace":null,"DisplayName":"Optix.Movies.UnitTests.Application.Handlers.MoviesQueryHandlerTests.Handle_Returns_Movies_Response_Paged(pageSize: 3)","Messages":[],"ComputerName":"L018066","Duration":"00:00:00.0352966","StartTime":"2024-02-15T21:33:11.0493785+00:00","EndTime":"2024-02-15T21:33:11.0493788+00:00","Properties":[]},{"TestCase":{"Id":"360d92a5-f964-0cbd-0c70-2a481160234e","FullyQualifiedName":"Optix.Movies.UnitTests.Application.Handlers.MoviesQueryHandlerTests.Handle_Returns_Movies_Response_Paged","DisplayName":"Optix.Movies.UnitTests.Application.Handlers.MoviesQueryHandlerTests.Handle_Returns_Movies_Response_Paged(pageSize: 1)","ExecutorUri":"executor://xunit/VsTestRunner2/netcoreapp","Source":"C:\\git\\testing\\Optix\\Optix.Movies.UnitTests\\bin\\Debug\\net6.0\\fine-code-coverage\\build-output\\Optix.Movies.UnitTests.dll","CodeFilePath":null,"LineNumber":0,"Properties":[]},"Attachments":[],"Outcome":1,"ErrorMessage":null,"ErrorStackTrace":null,"DisplayName":"Optix.Movies.UnitTests.Application.Handlers.MoviesQueryHandlerTests.Handle_Returns_Movies_Response_Paged(pageSize: 1)","Messages":[],"ComputerName":"L018066","Duration":"00:00:00.0573559","StartTime":"2024-02-15T21:33:11.1004656+00:00","EndTime":"2024-02-15T21:33:11.1004661+00:00","Properties":[]},{"TestCase":{"Id":"c7dd599a-f174-c572-6444-07d62ff65db2","FullyQualifiedName":"Optix.Movies.UnitTests.Application.Handlers.MoviesQueryHandlerTests.Handle_Should_Order_By_Query_SortBy_Direction","DisplayName":"Optix.Movies.UnitTests.Application.Handlers.MoviesQueryHandlerTests.Handle_Should_Order_By_Query_SortBy_Direction(sortDirection: Ascending, sortBy: Genre)","ExecutorUri":"executor://xunit/VsTestRunner2/netcoreapp","Source":"C:\\git\\testing\\Optix\\Optix.Movies.UnitTests\\bin\\Debug\\net6.0\\fine-code-coverage\\build-output\\Optix.Movies.UnitTests.dll","CodeFilePath":null,"LineNumber":0,"Properties":[]},"Attachments":[],"Outcome":1,"ErrorMessage":null,"ErrorStackTrace":null,"DisplayName":"Optix.Movies.UnitTests.Application.Handlers.MoviesQueryHandlerTests.Handle_Should_Order_By_Query_SortBy_Direction(sortDirection: Ascending, sortBy: Genre)","Messages":[],"ComputerName":"L018066","Duration":"00:00:00.0563218","StartTime":"2024-02-15T21:33:11.1570229+00:00","EndTime":"2024-02-15T21:33:11.1570233+00:00","Properties":[]},{"TestCase":{"Id":"0da9d6ea-e69d-f436-b440-d5b271955ea9","FullyQualifiedName":"Optix.Movies.UnitTests.Application.Handlers.MoviesQueryHandlerTests.Handle_Should_Order_By_Query_SortBy_Direction","DisplayName":"Optix.Movies.UnitTests.Application.Handlers.MoviesQueryHandlerTests.Handle_Should_Order_By_Query_SortBy_Direction(sortDirection: Descending, sortBy: Genre)","ExecutorUri":"executor://xunit/VsTestRunner2/netcoreapp","Source":"C:\\git\\testing\\Optix\\Optix.Movies.UnitTests\\bin\\Debug\\net6.0\\fine-code-coverage\\build-output\\Optix.Movies.UnitTests.dll","CodeFilePath":null,"LineNumber":0,"Properties":[]},"Attachments":[],"Outcome":1,"ErrorMessage":null,"ErrorStackTrace":null,"DisplayName":"Optix.Movies.UnitTests.Application.Handlers.MoviesQueryHandlerTests.Handle_Should_Order_By_Query_SortBy_Direction(sortDirection: Descending, sortBy: Genre)","Messages":[],"ComputerName":"L018066","Duration":"00:00:00.0445611","StartTime":"2024-02-15T21:33:11.2017742+00:00","EndTime":"2024-02-15T21:33:11.2017747+00:00","Properties":[]}],"TestRunStatistics":{"ExecutedTests":9,"Stats":{"Passed":9}},"ActiveTests":[{"Id":"513f4d4b-93cc-d35d-81dc-6b857320434e","FullyQualifiedName":"Optix.Movies.UnitTests.Application.Handlers.MoviesQueryHandlerTests.Handle_Returns_MoviesResponse_Even_If_Error","DisplayName":"Optix.Movies.UnitTests.Application.Handlers.MoviesQueryHandlerTests.Handle_Returns_MoviesResponse_Even_If_Error","ExecutorUri":"executor://xunit/VsTestRunner2/netcoreapp","Source":"C:\\git\\testing\\Optix\\Optix.Movies.UnitTests\\bin\\Debug\\net6.0\\fine-code-coverage\\build-output\\Optix.Movies.UnitTests.dll","CodeFilePath":null,"LineNumber":0,"Properties":[]}]}}
TpTrace Verbose: 0 : 48812, 7, 2024/02/15, 21:33:11.262, 3076013352181, vstest.console.dll, TestRunRequest:SendTestRunStatsChange: Starting.
TpTrace Verbose: 0 : 48812, 7, 2024/02/15, 21:33:11.262, 3076013354325, vstest.console.dll, InProgress is Optix.Movies.UnitTests.Application.Handlers.MoviesQueryHandlerTests.Handle_Returns_MoviesResponse_Even_If_Error
TpTrace Verbose: 0 : 48812, 7, 2024/02/15, 21:33:11.263, 3076013362572, vstest.console.dll, MulticastDelegateUtilities.SafeInvoke: TestRun.RunStatsChanged: Invoking callbacks was skipped because there are no subscribers.
TpTrace Information: 0 : 48812, 7, 2024/02/15, 21:33:11.263, 3076013364846, vstest.console.dll, TestRunRequest:SendTestRunStatsChange: Completed.
TpTrace Verbose: 0 : 48812, 7, 2024/02/15, 21:33:11.263, 3076013366599, vstest.console.dll, MulticastDelegateUtilities.SafeInvoke: LengthPrefixCommunicationChannel: MessageReceived: Invoking callback 1/1 for Microsoft.VisualStudio.TestPlatform.CommunicationUtilities.TestRequestSender+<>c__DisplayClass34_0., took 25 ms.
TpTrace Verbose: 0 : 48812, 7, 2024/02/15, 21:33:11.264, 3076013368335, vstest.console.dll, TcpClientExtensions.MessageLoopAsync: Polling on remoteEndPoint: 127.0.0.1:17326 localEndPoint: 127.0.0.1:17324
TpTrace Verbose: 0 : 48812, 4, 2024/02/15, 21:33:11.275, 3076013485876, vstest.console.dll, MulticastDelegateUtilities.SafeInvoke: InternalTestLoggerEvents.SendTestResult: Invoking callback 1/1 for Microsoft.VisualStudio.TestPlatform.CommandLine.Internal.ConsoleLogger., took 12 ms.
TpTrace Verbose: 0 : 48812, 4, 2024/02/15, 21:33:11.276, 3076013493272, vstest.console.dll, MulticastDelegateUtilities.SafeInvoke: InternalTestLoggerEvents.SendTestResult: Invoking callback 1/1 for Microsoft.VisualStudio.TestPlatform.CommandLine.Internal.ConsoleLogger., took 0 ms.
TpTrace Verbose: 0 : 48812, 4, 2024/02/15, 21:33:11.276, 3076013496065, vstest.console.dll, MulticastDelegateUtilities.SafeInvoke: InternalTestLoggerEvents.SendTestResult: Invoking callback 1/1 for Microsoft.VisualStudio.TestPlatform.CommandLine.Internal.ConsoleLogger., took 0 ms.
TpTrace Verbose: 0 : 48812, 4, 2024/02/15, 21:33:11.277, 3076013498230, vstest.console.dll, MulticastDelegateUtilities.SafeInvoke: InternalTestLoggerEvents.SendTestResult: Invoking callback 1/1 for Microsoft.VisualStudio.TestPlatform.CommandLine.Internal.ConsoleLogger., took 0 ms.
TpTrace Verbose: 0 : 48812, 4, 2024/02/15, 21:33:11.277, 3076013500366, vstest.console.dll, MulticastDelegateUtilities.SafeInvoke: InternalTestLoggerEvents.SendTestResult: Invoking callback 1/1 for Microsoft.VisualStudio.TestPlatform.CommandLine.Internal.ConsoleLogger., took 0 ms.
TpTrace Verbose: 0 : 48812, 4, 2024/02/15, 21:33:11.277, 3076013502274, vstest.console.dll, MulticastDelegateUtilities.SafeInvoke: InternalTestLoggerEvents.SendTestResult: Invoking callback 1/1 for Microsoft.VisualStudio.TestPlatform.CommandLine.Internal.ConsoleLogger., took 0 ms.
TpTrace Verbose: 0 : 48812, 4, 2024/02/15, 21:33:11.277, 3076013504469, vstest.console.dll, MulticastDelegateUtilities.SafeInvoke: InternalTestLoggerEvents.SendTestResult: Invoking callback 1/1 for Microsoft.VisualStudio.TestPlatform.CommandLine.Internal.ConsoleLogger., took 0 ms.
TpTrace Verbose: 0 : 48812, 4, 2024/02/15, 21:33:11.277, 3076013506395, vstest.console.dll, MulticastDelegateUtilities.SafeInvoke: InternalTestLoggerEvents.SendTestResult: Invoking callback 1/1 for Microsoft.VisualStudio.TestPlatform.CommandLine.Internal.ConsoleLogger., took 0 ms.
TpTrace Verbose: 0 : 48812, 4, 2024/02/15, 21:33:11.278, 3076013508189, vstest.console.dll, MulticastDelegateUtilities.SafeInvoke: InternalTestLoggerEvents.SendTestResult: Invoking callback 1/1 for Microsoft.VisualStudio.TestPlatform.CommandLine.Internal.ConsoleLogger., took 0 ms.
TpTrace Verbose: 0 : 48812, 7, 2024/02/15, 21:33:11.290, 3076013629998, vstest.console.dll, TcpClientExtensions.MessageLoopAsync: NotifyDataAvailable remoteEndPoint: 127.0.0.1:17326 localEndPoint: 127.0.0.1:17324
TpTrace Verbose: 0 : 48812, 7, 2024/02/15, 21:33:11.290, 3076013633653, vstest.console.dll, TestRequestSender.OnExecutionMessageReceived: Received message: {"Version":5,"MessageType":"TestSession.Message","Payload":{"MessageLevel":0,"Message":"[xUnit.net 00:00:14.90]   Finished:    Optix.Movies.UnitTests"}}
TpTrace Verbose: 0 : 48812, 7, 2024/02/15, 21:33:11.290, 3076013636844, vstest.console.dll, TestRunRequest:SendTestRunMessage: Starting.
TpTrace Verbose: 0 : 48812, 7, 2024/02/15, 21:33:11.291, 3076013639385, vstest.console.dll, MulticastDelegateUtilities.SafeInvoke: TestRun.LogMessages: Invoking callback 1/1 for Microsoft.VisualStudio.TestPlatform.CommandLine.TestRunResultAggregator., took 0 ms.
TpTrace Verbose: 0 : 48812, 4, 2024/02/15, 21:33:11.291, 3076013640010, vstest.console.dll, MulticastDelegateUtilities.SafeInvoke: InternalTestLoggerEvents.SendTestRunMessage: Invoking callback 1/1 for Microsoft.VisualStudio.TestPlatform.CommandLine.Internal.ConsoleLogger., took 0 ms.
TpTrace Information: 0 : 48812, 7, 2024/02/15, 21:33:11.291, 3076013643233, vstest.console.dll, TestRunRequest:SendTestRunMessage: Completed.
TpTrace Verbose: 0 : 48812, 7, 2024/02/15, 21:33:11.291, 3076013645262, vstest.console.dll, MulticastDelegateUtilities.SafeInvoke: LengthPrefixCommunicationChannel: MessageReceived: Invoking callback 1/1 for Microsoft.VisualStudio.TestPlatform.CommunicationUtilities.TestRequestSender+<>c__DisplayClass34_0., took 1 ms.
TpTrace Verbose: 0 : 48812, 7, 2024/02/15, 21:33:11.291, 3076013646894, vstest.console.dll, TcpClientExtensions.MessageLoopAsync: Polling on remoteEndPoint: 127.0.0.1:17326 localEndPoint: 127.0.0.1:17324
TpTrace Verbose: 0 : 48812, 7, 2024/02/15, 21:33:11.344, 3076014168800, vstest.console.dll, TcpClientExtensions.MessageLoopAsync: NotifyDataAvailable remoteEndPoint: 127.0.0.1:17326 localEndPoint: 127.0.0.1:17324
TpTrace Verbose: 0 : 48812, 7, 2024/02/15, 21:33:11.344, 3076014172992, vstest.console.dll, TestRequestSender.OnExecutionMessageReceived: Received message: {"Version":5,"MessageType":"TestExecution.Completed","Payload":{"TestRunCompleteArgs":{"TestRunStatistics":{"ExecutedTests":11,"Stats":{"Passed":11}},"IsCanceled":false,"IsAborted":false,"Error":null,"AttachmentSets":[],"ElapsedTimeInRunningTests":"00:00:14.9554670","Metrics":{}},"LastRunTests":{"NewTestResults":[{"TestCase":{"Id":"513f4d4b-93cc-d35d-81dc-6b857320434e","FullyQualifiedName":"Optix.Movies.UnitTests.Application.Handlers.MoviesQueryHandlerTests.Handle_Returns_MoviesResponse_Even_If_Error","DisplayName":"Optix.Movies.UnitTests.Application.Handlers.MoviesQueryHandlerTests.Handle_Returns_MoviesResponse_Even_If_Error","ExecutorUri":"executor://xunit/VsTestRunner2/netcoreapp","Source":"C:\\git\\testing\\Optix\\Optix.Movies.UnitTests\\bin\\Debug\\net6.0\\fine-code-coverage\\build-output\\Optix.Movies.UnitTests.dll","CodeFilePath":null,"LineNumber":0,"Properties":[]},"Attachments":[],"Outcome":1,"ErrorMessage":null,"ErrorStackTrace":null,"DisplayName":"Optix.Movies.UnitTests.Application.Handlers.MoviesQueryHandlerTests.Handle_Returns_MoviesResponse_Even_If_Error","Messages":[],"ComputerName":"L018066","Duration":"00:00:00.0477859","StartTime":"2024-02-15T21:33:11.2497866+00:00","EndTime":"2024-02-15T21:33:11.2497871+00:00","Properties":[]},{"TestCase":{"Id":"705a25e8-a240-9839-2d53-7e539157ab30","FullyQualifiedName":"Optix.Movies.UnitTests.Application.Handlers.MoviesQueryHandlerTests.Handle_Should_Default_Order_Title_Asc","DisplayName":"Optix.Movies.UnitTests.Application.Handlers.MoviesQueryHandlerTests.Handle_Should_Default_Order_Title_Asc","ExecutorUri":"executor://xunit/VsTestRunner2/netcoreapp","Source":"C:\\git\\testing\\Optix\\Optix.Movies.UnitTests\\bin\\Debug\\net6.0\\fine-code-coverage\\build-output\\Optix.Movies.UnitTests.dll","CodeFilePath":null,"LineNumber":0,"Properties":[]},"Attachments":[],"Outcome":1,"ErrorMessage":null,"ErrorStackTrace":null,"DisplayName":"Optix.Movies.UnitTests.Application.Handlers.MoviesQueryHandlerTests.Handle_Should_Default_Order_Title_Asc","Messages":[],"ComputerName":"L018066","Duration":"00:00:00.0335777","StartTime":"2024-02-15T21:33:11.2835871+00:00","EndTime":"2024-02-15T21:33:11.2835879+00:00","Properties":[]}],"TestRunStatistics":{"ExecutedTests":11,"Stats":{"Passed":11}},"ActiveTests":[]},"RunAttachments":[],"ExecutorUris":["executor://xunit/VsTestRunner2/netcoreapp"]}}
TpTrace Verbose: 0 : 48812, 7, 2024/02/15, 21:33:11.344, 3076014176600, vstest.console.dll, TestRequestSender.EndSession: Sending end session.
TpTrace Verbose: 0 : 48812, 7, 2024/02/15, 21:33:11.345, 3076014181943, vstest.console.dll, ProxyOperationManager.Close: waiting for test host to exit for 100 ms
TpTrace Verbose: 0 : 48812, 11, 2024/02/15, 21:33:11.413, 3076014860310, vstest.console.dll, TestHostManagerCallbacks.ctor: Experimental forwarding output is disabled.
TpTrace Warning: 0 : 48812, 11, 2024/02/15, 21:33:11.413, 3076014862829, vstest.console.dll, TestHostManagerCallbacks.ErrorReceivedCallback Test host standard error line: 
TpTrace Warning: 0 : 48812, 7, 2024/02/15, 21:33:11.451, 3076015245656, vstest.console.dll, ProxyOperationManager: Timed out waiting for test host to exit. Will terminate process.
TpTrace Information: 0 : 48812, 7, 2024/02/15, 21:33:11.452, 3076015251497, vstest.console.dll, SocketServer.Stop: Stop server endPoint: 127.0.0.1:17324
TpTrace Information: 0 : 48812, 7, 2024/02/15, 21:33:11.452, 3076015253401, vstest.console.dll, SocketServer.Stop: Cancellation requested. Stopping message loop.
TpTrace Information: 0 : 48812, 7, 2024/02/15, 21:33:11.452, 3076015256955, vstest.console.dll, Closing the connection
TpTrace Verbose: 0 : 48812, 7, 2024/02/15, 21:33:11.464, 3076015369015, vstest.console.dll, TestHostProvider.ExitCallBack: Host exited starting callback.
TpTrace Information: 0 : 48812, 7, 2024/02/15, 21:33:11.464, 3076015372423, vstest.console.dll, TestHostManagerCallbacks.ExitCallBack: Testhost processId: 35808 exited with exitcode: 0 error: ''
TpTrace Verbose: 0 : 48812, 7, 2024/02/15, 21:33:11.464, 3076015374244, vstest.console.dll, DotnetTestHostManager.OnHostExited: invoking OnHostExited callback
TpTrace Verbose: 0 : 48812, 7, 2024/02/15, 21:33:11.464, 3076015376371, vstest.console.dll, CrossPlatEngine.TestHostManagerHostExited: calling on client process exit callback.
TpTrace Information: 0 : 48812, 7, 2024/02/15, 21:33:11.465, 3076015378449, vstest.console.dll, TestRequestSender.OnClientProcessExit: Test host process exited. Standard error: 
TpTrace Information: 0 : 48812, 7, 2024/02/15, 21:33:11.465, 3076015381309, vstest.console.dll, SocketServer.Stop: Stop server endPoint: 127.0.0.1:17324
TpTrace Information: 0 : 48812, 7, 2024/02/15, 21:33:11.465, 3076015382797, vstest.console.dll, SocketServer.Stop: Cancellation requested. Stopping message loop.
TpTrace Verbose: 0 : 48812, 7, 2024/02/15, 21:33:11.465, 3076015384344, vstest.console.dll, MulticastDelegateUtilities.SafeInvoke: HostProviderEvents.OnHostExited: Invoking callback 1/1 for Microsoft.VisualStudio.TestPlatform.CrossPlatEngine.Client.ProxyOperationManager., took 0 ms.
TpTrace Verbose: 0 : 48812, 7, 2024/02/15, 21:33:11.466, 3076015395677, vstest.console.dll, ProxyDataCollectionManager.InvokeDataCollectionServiceAction: Starting.
TpTrace Information: 0 : 48812, 7, 2024/02/15, 21:33:11.467, 3076015397690, vstest.console.dll, ProxyDataCollectionManager.AfterTestRunEnd: Get attachment set and invoked data collectors processId: 41140 port: 17318
TpTrace Verbose: 0 : 48812, 7, 2024/02/15, 21:33:11.467, 3076015399188, vstest.console.dll, DataCollectionRequestSender.SendAfterTestRunStartAndGetResult: Send AfterTestRunEnd message with isCancelled: False
TpTrace Verbose: 0 : 48812, 7, 2024/02/15, 21:33:11.485, 3076015579859, vstest.console.dll, DataCollectionRequestSender.SendAfterTestRunStartAndGetResult: Received message: (DataCollection.AfterTestRunEndResult) -> {"MessageType":"DataCollection.AfterTestRunEndResult","Payload":{"AttachmentSets":[],"InvokedDataCollectors":[{"Uri":"datacollector://Microsoft/TestPlatform/Extensions/Blame/v1","FriendlyName":"Blame","AssemblyQualifiedName":"Microsoft.TestPlatform.Extensions.BlameDataCollector.BlameCollector, Microsoft.TestPlatform.Extensions.BlameDataCollector, Version=15.0.0.0, Culture=neutral, PublicKeyToken=b03f5f7f11d50a3a","FilePath":"C:\\Program Files\\dotnet\\sdk\\7.0.400\\Extensions\\Microsoft.TestPlatform.Extensions.BlameDataCollector.dll","HasAttachmentProcessor":false}],"Metrics":{}}}
TpTrace Information: 0 : 48812, 7, 2024/02/15, 21:33:11.498, 3076015712945, vstest.console.dll, ProxyDataCollectionManager.InvokeDataCollectionServiceAction: Completed.
TpTrace Warning: 0 : 48812, 10, 2024/02/15, 21:33:11.506, 3076015791067, vstest.console.dll, DataCollectionLauncher.ErrorReceivedCallback datacollector standard error line: 
TpTrace Information: 0 : 48812, 10, 2024/02/15, 21:33:11.521, 3076015938808, vstest.console.dll, DataCollectionLauncher.ExitCallBack: Data collector exited with exitcode: 0 error: ''
TpTrace Verbose: 0 : 48812, 7, 2024/02/15, 21:33:11.583, 3076016563216, vstest.console.dll, TestRunRequest:SendTestRunStatsChange: Starting.
TpTrace Verbose: 0 : 48812, 7, 2024/02/15, 21:33:11.583, 3076016565874, vstest.console.dll, MulticastDelegateUtilities.SafeInvoke: TestRun.RunStatsChanged: Invoking callbacks was skipped because there are no subscribers.
TpTrace Information: 0 : 48812, 7, 2024/02/15, 21:33:11.584, 3076016567456, vstest.console.dll, TestRunRequest:SendTestRunStatsChange: Completed.
TpTrace Verbose: 0 : 48812, 7, 2024/02/15, 21:33:11.585, 3076016583821, vstest.console.dll, ParallelProxyExecutionManager: HandlePartialRunComplete: Total completed clients = 1, Run complete = True, Run canceled: False.
TpTrace Verbose: 0 : 48812, 4, 2024/02/15, 21:33:11.586, 3076016593689, vstest.console.dll, MulticastDelegateUtilities.SafeInvoke: InternalTestLoggerEvents.SendTestResult: Invoking callback 1/1 for Microsoft.VisualStudio.TestPlatform.CommandLine.Internal.ConsoleLogger., took 2 ms.
TpTrace Verbose: 0 : 48812, 4, 2024/02/15, 21:33:11.586, 3076016596633, vstest.console.dll, MulticastDelegateUtilities.SafeInvoke: InternalTestLoggerEvents.SendTestResult: Invoking callback 1/1 for Microsoft.VisualStudio.TestPlatform.CommandLine.Internal.ConsoleLogger., took 0 ms.
TpTrace Verbose: 0 : 48812, 4, 2024/02/15, 21:33:11.613, 3076016860208, vstest.console.dll, MulticastDelegateUtilities.SafeInvoke: InternalTestLoggerEvents.SendTestRunComplete: Invoking callback 1/2 for Microsoft.TestPlatform.Extensions.BlameDataCollector.BlameLogger., took 0 ms.
TpTrace Verbose: 0 : 48812, 4, 2024/02/15, 21:33:11.632, 3076017047864, vstest.console.dll, MulticastDelegateUtilities.SafeInvoke: InternalTestLoggerEvents.SendTestRunComplete: Invoking callback 2/2 for Microsoft.VisualStudio.TestPlatform.CommandLine.Internal.ConsoleLogger., took 18 ms.
TpTrace Verbose: 0 : 48812, 7, 2024/02/15, 21:33:11.632, 3076017054643, vstest.console.dll, TestRunRequest:TestRunComplete: Starting. IsAborted:False IsCanceled:False.
TpTrace Verbose: 0 : 48812, 7, 2024/02/15, 21:33:11.637, 3076017099728, vstest.console.dll, TestLoggerManager.HandleTestRunComplete: Ignoring as the object is disposed.
TpTrace Verbose: 0 : 48812, 7, 2024/02/15, 21:33:11.638, 3076017107870, vstest.console.dll, MulticastDelegateUtilities.SafeInvoke: TestRun.TestRunComplete: Invoking callback 1/2 for Microsoft.VisualStudio.TestPlatform.CommandLine.TestRunResultAggregator., took 0 ms.
TpTrace Verbose: 0 : 48812, 7, 2024/02/15, 21:33:11.638, 3076017113203, vstest.console.dll, MulticastDelegateUtilities.SafeInvoke: TestRun.TestRunComplete: Invoking callback 2/2 for Microsoft.VisualStudio.TestPlatform.CommandLine.Processors.RunTestsArgumentExecutor+TestRunRequestEventsRegistrar., took 0 ms.
TpTrace Information: 0 : 48812, 7, 2024/02/15, 21:33:11.639, 3076017121711, vstest.console.dll, TestRunRequest:TestRunComplete: Completed.
TpTrace Verbose: 0 : 48812, 7, 2024/02/15, 21:33:11.639, 3076017124214, vstest.console.dll, TestRequestSender.SetOperationComplete: Setting operation complete.
TpTrace Verbose: 0 : 48812, 1, 2024/02/15, 21:33:11.639, 3076017121977, vstest.console.dll, TestRunRequest.Dispose: Starting.
TpTrace Information: 0 : 48812, 7, 2024/02/15, 21:33:11.639, 3076017125867, vstest.console.dll, SocketServer.Stop: Stop server endPoint: 127.0.0.1:17324
TpTrace Information: 0 : 48812, 1, 2024/02/15, 21:33:11.640, 3076017128193, vstest.console.dll, TestRunRequest.Dispose: Completed.
TpTrace Information: 0 : 48812, 7, 2024/02/15, 21:33:11.640, 3076017130098, vstest.console.dll, SocketServer.Stop: Cancellation requested. Stopping message loop.
TpTrace Information: 0 : 48812, 1, 2024/02/15, 21:33:11.640, 3076017132294, vstest.console.dll, TestRequestManager.RunTests: run tests completed.
TpTrace Verbose: 0 : 48812, 7, 2024/02/15, 21:33:11.640, 3076017133937, vstest.console.dll, MulticastDelegateUtilities.SafeInvoke: LengthPrefixCommunicationChannel: MessageReceived: Invoking callback 1/1 for Microsoft.VisualStudio.TestPlatform.CommunicationUtilities.TestRequestSender+<>c__DisplayClass34_0., took 296 ms.
TpTrace Information: 0 : 48812, 7, 2024/02/15, 21:33:11.641, 3076017138718, vstest.console.dll, SocketServer.PrivateStop: Stopping server endPoint: 127.0.0.1:17324 error: 
TpTrace Information: 0 : 48812, 1, 2024/02/15, 21:33:11.641, 3076017138753, vstest.console.dll, RunTestsArgumentProcessor:Execute: Test run is completed.
TpTrace Verbose: 0 : 48812, 1, 2024/02/15, 21:33:11.641, 3076017145588, vstest.console.dll, Executor.Execute: Exiting with exit code of 0
TpTrace Verbose: 0 : 48812, 7, 2024/02/15, 21:33:11.642, 3076017149962, vstest.console.dll, LengthPrefixCommunicationChannel.Dispose: Dispose reader and writer.
TpTrace Information: 0 : 48812, 7, 2024/02/15, 21:33:11.642, 3076017152438, vstest.console.dll, SocketServer.Stop: Raise disconnected event endPoint: 127.0.0.1:17324 error: 
TpTrace Verbose: 0 : 48812, 7, 2024/02/15, 21:33:11.642, 3076017155710, vstest.console.dll, TestRequestSender: OnTestRunAbort: Operation is already complete. Skip error message.
TpTrace Verbose: 0 : 48812, 7, 2024/02/15, 21:33:11.643, 3076017157496, vstest.console.dll, MulticastDelegateUtilities.SafeInvoke: SocketServer: ClientDisconnected: Invoking callback 1/1 for Microsoft.VisualStudio.TestPlatform.CommunicationUtilities.TestRequestSender., took 0 ms.
TpTrace Verbose: 0 : 48812, 7, 2024/02/15, 21:33:11.643, 3076017158888, vstest.console.dll, TcpClientExtensions.MessageLoopAsync: exiting MessageLoopAsync remoteEndPoint: 127.0.0.1:17326 localEndPoint: 127.0.0.1:17324
