<?xml version="1.0" encoding="utf-8"?>
<coverage line-rate="0.995" branch-rate="0.9062" version="1.9" timestamp="1708032791" lines-covered="201" lines-valid="202" branches-covered="29" branches-valid="32">
  <sources>
    <source>C:\</source>
  </sources>
  <packages>
    <package name="Optix.Movies.Application" line-rate="1" branch-rate="0.8" complexity="11">
      <classes>
        <class name="Optix.Movies.Infrastructure.Models.MoviesQueryHandler" filename="git\testing\Optix\Optix.Movies.Application\Handlers\MoviesQueryHandler.cs" line-rate="1" branch-rate="0.75" complexity="9">
          <methods>
            <method name="SortResponse" signature="(Optix.Movies.Infrastructure.Models.MoviesQuery,System.Collections.Generic.List`1&lt;Optix.Movies.Infrastructure.Database.Entities.Movie&gt;)" line-rate="1" branch-rate="1" complexity="4">
              <lines>
                <line number="59" hits="7" branch="False" />
                <line number="60" hits="7" branch="False" />
                <line number="61" hits="7" branch="False" />
                <line number="62" hits="7" branch="True" condition-coverage="100% (4/4)">
                  <conditions>
                    <condition number="24" type="jump" coverage="100%" />
                    <condition number="30" type="jump" coverage="100%" />
                  </conditions>
                </line>
                <line number="65" hits="6" branch="False" />
                <line number="66" hits="6" branch="False" />
                <line number="68" hits="1" branch="False" />
                <line number="69" hits="1" branch="False" />
                <line number="71" hits="7" branch="False" />
                <line number="72" hits="7" branch="False" />
              </lines>
            </method>
            <method name="ExtractOrderExpression" signature="(Optix.Movies.Infrastructure.Models.MoviesQuery)" line-rate="1" branch-rate="1" complexity="1">
              <lines>
                <line number="75" hits="7" branch="False" />
                <line number="76" hits="7" branch="False" />
                <line number="77" hits="7" branch="False" />
                <line number="78" hits="7" branch="False" />
                <line number="80" hits="7" branch="False" />
                <line number="81" hits="7" branch="False" />
              </lines>
            </method>
            <method name=".ctor" signature="(Optix.Movies.Infrastructure.Database.MoviesContext,Microsoft.Extensions.Logging.ILogger`1&lt;Optix.Movies.Infrastructure.Models.MoviesQueryHandler&gt;)" line-rate="1" branch-rate="0.5" complexity="4">
              <lines>
                <line number="17" hits="8" branch="False" />
                <line number="18" hits="8" branch="False" />
                <line number="19" hits="8" branch="True" condition-coverage="50% (1/2)">
                  <conditions>
                    <condition number="11" type="jump" coverage="50%" />
                  </conditions>
                </line>
                <line number="20" hits="8" branch="True" condition-coverage="50% (1/2)">
                  <conditions>
                    <condition number="33" type="jump" coverage="50%" />
                  </conditions>
                </line>
                <line number="21" hits="8" branch="False" />
              </lines>
            </method>
          </methods>
          <lines>
            <line number="59" hits="7" branch="False" />
            <line number="60" hits="7" branch="False" />
            <line number="61" hits="7" branch="False" />
            <line number="62" hits="7" branch="True" condition-coverage="100% (4/4)">
              <conditions>
                <condition number="24" type="jump" coverage="100%" />
                <condition number="30" type="jump" coverage="100%" />
              </conditions>
            </line>
            <line number="65" hits="6" branch="False" />
            <line number="66" hits="6" branch="False" />
            <line number="68" hits="1" branch="False" />
            <line number="69" hits="1" branch="False" />
            <line number="71" hits="7" branch="False" />
            <line number="72" hits="7" branch="False" />
            <line number="75" hits="7" branch="False" />
            <line number="76" hits="7" branch="False" />
            <line number="77" hits="7" branch="False" />
            <line number="78" hits="7" branch="False" />
            <line number="80" hits="7" branch="False" />
            <line number="81" hits="7" branch="False" />
            <line number="17" hits="8" branch="False" />
            <line number="18" hits="8" branch="False" />
            <line number="19" hits="8" branch="True" condition-coverage="50% (1/2)">
              <conditions>
                <condition number="11" type="jump" coverage="50%" />
              </conditions>
            </line>
            <line number="20" hits="8" branch="True" condition-coverage="50% (1/2)">
              <conditions>
                <condition number="33" type="jump" coverage="50%" />
              </conditions>
            </line>
            <line number="21" hits="8" branch="False" />
          </lines>
        </class>
        <class name="Optix.Movies.Infrastructure.Models.MoviesQueryHandler/&lt;Handle&gt;d__3" filename="git\testing\Optix\Optix.Movies.Application\Handlers\MoviesQueryHandler.cs" line-rate="1" branch-rate="1" complexity="2">
          <methods>
            <method name="MoveNext" signature="()" line-rate="1" branch-rate="1" complexity="2">
              <lines>
                <line number="24" hits="8" branch="False" />
                <line number="25" hits="8" branch="False" />
                <line number="27" hits="8" branch="False" />
                <line number="29" hits="8" branch="False" />
                <line number="30" hits="8" branch="True" condition-coverage="100% (2/2)">
                  <conditions>
                    <condition number="147" type="jump" coverage="100%" />
                  </conditions>
                </line>
                <line number="31" hits="6" branch="False" />
                <line number="32" hits="6" branch="False" />
                <line number="33" hits="6" branch="False" />
                <line number="34" hits="6" branch="False" />
                <line number="35" hits="6" branch="False" />
                <line number="36" hits="5" branch="False" />
                <line number="38" hits="2" branch="False" />
                <line number="39" hits="2" branch="False" />
                <line number="40" hits="2" branch="False" />
                <line number="42" hits="7" branch="False" />
                <line number="44" hits="7" branch="False" />
                <line number="46" hits="7" branch="False" />
                <line number="49" hits="1" branch="False" />
                <line number="50" hits="1" branch="False" />
                <line number="51" hits="1" branch="False" />
                <line number="54" hits="1" branch="False" />
                <line number="56" hits="8" branch="False" />
              </lines>
            </method>
          </methods>
          <lines>
            <line number="24" hits="8" branch="False" />
            <line number="25" hits="8" branch="False" />
            <line number="27" hits="8" branch="False" />
            <line number="29" hits="8" branch="False" />
            <line number="30" hits="8" branch="True" condition-coverage="100% (2/2)">
              <conditions>
                <condition number="147" type="jump" coverage="100%" />
              </conditions>
            </line>
            <line number="31" hits="6" branch="False" />
            <line number="32" hits="6" branch="False" />
            <line number="33" hits="6" branch="False" />
            <line number="34" hits="6" branch="False" />
            <line number="35" hits="6" branch="False" />
            <line number="36" hits="5" branch="False" />
            <line number="38" hits="2" branch="False" />
            <line number="39" hits="2" branch="False" />
            <line number="40" hits="2" branch="False" />
            <line number="42" hits="7" branch="False" />
            <line number="44" hits="7" branch="False" />
            <line number="46" hits="7" branch="False" />
            <line number="49" hits="1" branch="False" />
            <line number="50" hits="1" branch="False" />
            <line number="51" hits="1" branch="False" />
            <line number="54" hits="1" branch="False" />
            <line number="56" hits="8" branch="False" />
          </lines>
        </class>
      </classes>
    </package>
    <package name="Optix.Movies.Infrastructure" line-rate="1" branch-rate="0.95" complexity="43">
      <classes>
        <class name="Optix.Movies.Infrastructure.Validation.MoviesQueryValidator" filename="git\testing\Optix\Optix.Movies.Infrastructure\Validation\MoviesQueryValidator.cs" line-rate="1" branch-rate="1" complexity="16">
          <methods>
            <method name="SetDefaults" signature="(Optix.Movies.Infrastructure.Models.MoviesQuery)" line-rate="1" branch-rate="1" complexity="1">
              <lines>
                <line number="21" hits="3" branch="False" />
                <line number="22" hits="3" branch="False" />
                <line number="23" hits="3" branch="False" />
                <line number="24" hits="3" branch="False" />
              </lines>
            </method>
            <method name="RemoveSpecialCharacters" signature="(Optix.Movies.Infrastructure.Models.MoviesQuery)" line-rate="1" branch-rate="1" complexity="14">
              <lines>
                <line number="27" hits="3" branch="False" />
                <line number="28" hits="3" branch="False" />
                <line number="29" hits="75" branch="True" condition-coverage="100% (2/2)">
                  <conditions>
                    <condition number="94" type="jump" coverage="100%" />
                  </conditions>
                </line>
                <line number="30" hits="33" branch="False" />
                <line number="31" hits="33" branch="True" condition-coverage="100% (12/12)">
                  <conditions>
                    <condition number="36" type="jump" coverage="100%" />
                    <condition number="41" type="jump" coverage="100%" />
                    <condition number="46" type="jump" coverage="100%" />
                    <condition number="51" type="jump" coverage="100%" />
                    <condition number="56" type="jump" coverage="100%" />
                    <condition number="70" type="jump" coverage="100%" />
                  </conditions>
                </line>
                <line number="32" hits="22" branch="False" />
                <line number="33" hits="22" branch="False" />
                <line number="34" hits="22" branch="False" />
                <line number="35" hits="33" branch="False" />
                <line number="36" hits="3" branch="False" />
                <line number="37" hits="3" branch="False" />
                <line number="38" hits="3" branch="False" />
              </lines>
            </method>
            <method name=".ctor" signature="(Microsoft.Extensions.Options.IOptionsMonitor`1&lt;Optix.Movies.Infrastructure.Configuration.PageDefaults&gt;)" line-rate="1" branch-rate="1" complexity="1">
              <lines>
                <line number="12" hits="3" branch="False" />
                <line number="13" hits="3" branch="False" />
                <line number="14" hits="3" branch="False" />
                <line number="16" hits="3" branch="False" />
                <line number="17" hits="3" branch="False" />
                <line number="18" hits="3" branch="False" />
              </lines>
            </method>
          </methods>
          <lines>
            <line number="21" hits="3" branch="False" />
            <line number="22" hits="3" branch="False" />
            <line number="23" hits="3" branch="False" />
            <line number="24" hits="3" branch="False" />
            <line number="27" hits="3" branch="False" />
            <line number="28" hits="3" branch="False" />
            <line number="29" hits="75" branch="True" condition-coverage="100% (2/2)">
              <conditions>
                <condition number="94" type="jump" coverage="100%" />
              </conditions>
            </line>
            <line number="30" hits="33" branch="False" />
            <line number="31" hits="33" branch="True" condition-coverage="100% (12/12)">
              <conditions>
                <condition number="36" type="jump" coverage="100%" />
                <condition number="41" type="jump" coverage="100%" />
                <condition number="46" type="jump" coverage="100%" />
                <condition number="51" type="jump" coverage="100%" />
                <condition number="56" type="jump" coverage="100%" />
                <condition number="70" type="jump" coverage="100%" />
              </conditions>
            </line>
            <line number="32" hits="22" branch="False" />
            <line number="33" hits="22" branch="False" />
            <line number="34" hits="22" branch="False" />
            <line number="35" hits="33" branch="False" />
            <line number="36" hits="3" branch="False" />
            <line number="37" hits="3" branch="False" />
            <line number="38" hits="3" branch="False" />
            <line number="12" hits="3" branch="False" />
            <line number="13" hits="3" branch="False" />
            <line number="14" hits="3" branch="False" />
            <line number="16" hits="3" branch="False" />
            <line number="17" hits="3" branch="False" />
            <line number="18" hits="3" branch="False" />
          </lines>
        </class>
        <class name="Optix.Movies.Infrastructure.Models.MoviesQuery" filename="git\testing\Optix\Optix.Movies.Infrastructure\Models\MoviesQuery.cs" line-rate="1" branch-rate="0.8332999999999999" complexity="11">
          <methods>
            <method name="get_SearchTerm" signature="()" line-rate="1" branch-rate="1" complexity="1">
              <lines>
                <line number="8" hits="147" branch="False" />
              </lines>
            </method>
            <method name="get_Page" signature="()" line-rate="1" branch-rate="1" complexity="1">
              <lines>
                <line number="10" hits="39" branch="False" />
              </lines>
            </method>
            <method name="get_PageSize" signature="()" line-rate="1" branch-rate="1" complexity="1">
              <lines>
                <line number="11" hits="60" branch="False" />
              </lines>
            </method>
            <method name="get_SortDirection" signature="()" line-rate="1" branch-rate="1" complexity="1">
              <lines>
                <line number="13" hits="28" branch="False" />
              </lines>
            </method>
            <method name="get_SortBy" signature="()" line-rate="1" branch-rate="1" complexity="1">
              <lines>
                <line number="14" hits="28" branch="False" />
              </lines>
            </method>
            <method name="SetDefaults" signature="(Optix.Movies.Infrastructure.Configuration.IPageDefaults)" line-rate="1" branch-rate="0.8332999999999999" complexity="6">
              <lines>
                <line number="17" hits="3" branch="False" />
                <line number="18" hits="3" branch="True" condition-coverage="100% (2/2)">
                  <conditions>
                    <condition number="8" type="jump" coverage="100%" />
                  </conditions>
                </line>
                <line number="19" hits="3" branch="False" />
                <line number="20" hits="3" branch="False" />
                <line number="21" hits="3" branch="True" condition-coverage="100% (2/2)">
                  <conditions>
                    <condition number="43" type="jump" coverage="100%" />
                  </conditions>
                </line>
                <line number="22" hits="3" branch="False" />
                <line number="23" hits="3" branch="False" />
                <line number="25" hits="3" branch="True" condition-coverage="50% (1/2)">
                  <conditions>
                    <condition number="73" type="jump" coverage="50%" />
                  </conditions>
                </line>
                <line number="26" hits="3" branch="False" />
              </lines>
            </method>
          </methods>
          <lines>
            <line number="8" hits="147" branch="False" />
            <line number="10" hits="39" branch="False" />
            <line number="11" hits="60" branch="False" />
            <line number="13" hits="28" branch="False" />
            <line number="14" hits="28" branch="False" />
            <line number="17" hits="3" branch="False" />
            <line number="18" hits="3" branch="True" condition-coverage="100% (2/2)">
              <conditions>
                <condition number="8" type="jump" coverage="100%" />
              </conditions>
            </line>
            <line number="19" hits="3" branch="False" />
            <line number="20" hits="3" branch="False" />
            <line number="21" hits="3" branch="True" condition-coverage="100% (2/2)">
              <conditions>
                <condition number="43" type="jump" coverage="100%" />
              </conditions>
            </line>
            <line number="22" hits="3" branch="False" />
            <line number="23" hits="3" branch="False" />
            <line number="25" hits="3" branch="True" condition-coverage="50% (1/2)">
              <conditions>
                <condition number="73" type="jump" coverage="50%" />
              </conditions>
            </line>
            <line number="26" hits="3" branch="False" />
          </lines>
        </class>
        <class name="Optix.Movies.Infrastructure.Models.MoviesResponse" filename="git\testing\Optix\Optix.Movies.Infrastructure\Models\MoviesResponse.cs" line-rate="1" branch-rate="1" complexity="4">
          <methods>
            <method name="get_Success" signature="()" line-rate="1" branch-rate="1" complexity="1">
              <lines>
                <line number="7" hits="13" branch="False" />
              </lines>
            </method>
            <method name="get_Error" signature="()" line-rate="1" branch-rate="1" complexity="1">
              <lines>
                <line number="8" hits="14" branch="False" />
              </lines>
            </method>
            <method name="get_Movies" signature="()" line-rate="1" branch-rate="1" complexity="1">
              <lines>
                <line number="9" hits="17" branch="False" />
              </lines>
            </method>
            <method name="Create" signature="(System.Collections.Generic.List`1&lt;Optix.Movies.Infrastructure.Database.Entities.Movie&gt;,System.Boolean,System.String)" line-rate="1" branch-rate="1" complexity="1">
              <lines>
                <line number="12" hits="8" branch="False" />
                <line number="13" hits="8" branch="False" />
                <line number="14" hits="8" branch="False" />
                <line number="15" hits="8" branch="False" />
                <line number="16" hits="8" branch="False" />
                <line number="17" hits="8" branch="False" />
                <line number="18" hits="8" branch="False" />
                <line number="19" hits="8" branch="False" />
              </lines>
            </method>
          </methods>
          <lines>
            <line number="7" hits="13" branch="False" />
            <line number="8" hits="14" branch="False" />
            <line number="9" hits="17" branch="False" />
            <line number="12" hits="8" branch="False" />
            <line number="13" hits="8" branch="False" />
            <line number="14" hits="8" branch="False" />
            <line number="15" hits="8" branch="False" />
            <line number="16" hits="8" branch="False" />
            <line number="17" hits="8" branch="False" />
            <line number="18" hits="8" branch="False" />
            <line number="19" hits="8" branch="False" />
          </lines>
        </class>
        <class name="Optix.Movies.Infrastructure.Database.Entities.Movie" filename="git\testing\Optix\Optix.Movies.Infrastructure\Database\Entities\Movie.cs" line-rate="1" branch-rate="1" complexity="10">
          <methods>
            <method name="get_ReleaseDate" signature="()" line-rate="1" branch-rate="1" complexity="1">
              <lines>
                <line number="5" hits="220" branch="False" />
              </lines>
            </method>
            <method name="get_Title" signature="()" line-rate="1" branch-rate="1" complexity="1">
              <lines>
                <line number="6" hits="552" branch="False" />
              </lines>
            </method>
            <method name="get_Overview" signature="()" line-rate="1" branch-rate="1" complexity="1">
              <lines>
                <line number="7" hits="230" branch="False" />
              </lines>
            </method>
            <method name="get_Popularity" signature="()" line-rate="1" branch-rate="1" complexity="1">
              <lines>
                <line number="8" hits="220" branch="False" />
              </lines>
            </method>
            <method name="get_VoteCount" signature="()" line-rate="1" branch-rate="1" complexity="1">
              <lines>
                <line number="9" hits="220" branch="False" />
              </lines>
            </method>
            <method name="get_VoteAverage" signature="()" line-rate="1" branch-rate="1" complexity="1">
              <lines>
                <line number="10" hits="220" branch="False" />
              </lines>
            </method>
            <method name="get_OriginalLanguage" signature="()" line-rate="1" branch-rate="1" complexity="1">
              <lines>
                <line number="11" hits="220" branch="False" />
              </lines>
            </method>
            <method name="get_Genre" signature="()" line-rate="1" branch-rate="1" complexity="1">
              <lines>
                <line number="12" hits="281" branch="False" />
              </lines>
            </method>
            <method name="get_Id" signature="()" line-rate="1" branch-rate="1" complexity="1">
              <lines>
                <line number="14" hits="220" branch="False" />
              </lines>
            </method>
            <method name="get_PosterUrl" signature="()" line-rate="1" branch-rate="1" complexity="1">
              <lines>
                <line number="15" hits="220" branch="False" />
              </lines>
            </method>
          </methods>
          <lines>
            <line number="5" hits="220" branch="False" />
            <line number="6" hits="552" branch="False" />
            <line number="7" hits="230" branch="False" />
            <line number="8" hits="220" branch="False" />
            <line number="9" hits="220" branch="False" />
            <line number="10" hits="220" branch="False" />
            <line number="11" hits="220" branch="False" />
            <line number="12" hits="281" branch="False" />
            <line number="14" hits="220" branch="False" />
            <line number="15" hits="220" branch="False" />
          </lines>
        </class>
        <class name="Optix.Movies.Infrastructure.Configuration.PageDefaults" filename="git\testing\Optix\Optix.Movies.Infrastructure\Configuration\PageDefaults.cs" line-rate="1" branch-rate="1" complexity="2">
          <methods>
            <method name="get_DefaultPageSize" signature="()" line-rate="1" branch-rate="1" complexity="1">
              <lines>
                <line number="5" hits="5" branch="False" />
              </lines>
            </method>
            <method name="get_MaxPageSize" signature="()" line-rate="1" branch-rate="1" complexity="1">
              <lines>
                <line number="6" hits="8" branch="False" />
              </lines>
            </method>
          </methods>
          <lines>
            <line number="5" hits="5" branch="False" />
            <line number="6" hits="8" branch="False" />
          </lines>
        </class>
      </classes>
    </package>
    <package name="Optix.Movies.UnitTests" line-rate="0.99" branch-rate="1" complexity="14">
      <classes>
        <class name="AutoGeneratedProgram" filename="Users\daniel.jackson\.nuget\packages\microsoft.net.test.sdk\17.1.0\build\netcoreapp2.1\Microsoft.NET.Test.Sdk.Program.cs" line-rate="0" branch-rate="1" complexity="1">
          <methods>
            <method name="Main" signature="(System.String[])" line-rate="0" branch-rate="1" complexity="1">
              <lines>
                <line number="4" hits="0" branch="False" />
              </lines>
            </method>
          </methods>
          <lines>
            <line number="4" hits="0" branch="False" />
          </lines>
        </class>
        <class name="Optix.Movies.UnitTests.TestFixture" filename="git\testing\Optix\Optix.Movies.UnitTests\TestFixture.cs" line-rate="1" branch-rate="1" complexity="2">
          <methods>
            <method name="CreateMovies" signature="()" line-rate="1" branch-rate="1" complexity="1">
              <lines>
                <line number="43" hits="11" branch="False" />
              </lines>
            </method>
            <method name=".ctor" signature="()" line-rate="1" branch-rate="1" complexity="1">
              <lines>
                <line number="18" hits="11" branch="False" />
                <line number="19" hits="11" branch="False" />
                <line number="20" hits="11" branch="False" />
                <line number="21" hits="11" branch="False" />
                <line number="23" hits="11" branch="False" />
                <line number="24" hits="11" branch="False" />
                <line number="25" hits="11" branch="False" />
                <line number="27" hits="11" branch="False" />
                <line number="28" hits="11" branch="False" />
                <line number="30" hits="11" branch="False" />
                <line number="31" hits="11" branch="False" />
                <line number="33" hits="11" branch="False" />
                <line number="34" hits="11" branch="False" />
                <line number="35" hits="11" branch="False" />
                <line number="36" hits="11" branch="False" />
                <line number="37" hits="11" branch="False" />
                <line number="38" hits="11" branch="False" />
                <line number="39" hits="11" branch="False" />
                <line number="40" hits="11" branch="False" />
                <line number="41" hits="11" branch="False" />
              </lines>
            </method>
          </methods>
          <lines>
            <line number="43" hits="11" branch="False" />
            <line number="18" hits="11" branch="False" />
            <line number="19" hits="11" branch="False" />
            <line number="20" hits="11" branch="False" />
            <line number="21" hits="11" branch="False" />
            <line number="23" hits="11" branch="False" />
            <line number="24" hits="11" branch="False" />
            <line number="25" hits="11" branch="False" />
            <line number="27" hits="11" branch="False" />
            <line number="28" hits="11" branch="False" />
            <line number="30" hits="11" branch="False" />
            <line number="31" hits="11" branch="False" />
            <line number="33" hits="11" branch="False" />
            <line number="34" hits="11" branch="False" />
            <line number="35" hits="11" branch="False" />
            <line number="36" hits="11" branch="False" />
            <line number="37" hits="11" branch="False" />
            <line number="38" hits="11" branch="False" />
            <line number="39" hits="11" branch="False" />
            <line number="40" hits="11" branch="False" />
            <line number="41" hits="11" branch="False" />
          </lines>
        </class>
        <class name="Optix.Movies.UnitTests.Infrastructure.Validation.MoviesQueryValidatorTests" filename="git\testing\Optix\Optix.Movies.UnitTests\Infrastructure\Validation\MoviesQueryValidatorTests.cs" line-rate="1" branch-rate="1" complexity="5">
          <methods>
            <method name="GetOptionsMonitor" signature="(Optix.Movies.Infrastructure.Configuration.PageDefaults)" line-rate="1" branch-rate="1" complexity="1">
              <lines>
                <line number="27" hits="3" branch="False" />
                <line number="28" hits="3" branch="False" />
                <line number="29" hits="3" branch="False" />
                <line number="30" hits="3" branch="False" />
                <line number="31" hits="3" branch="False" />
              </lines>
            </method>
            <method name="No_Defaults_Sets_Defaults" signature="()" line-rate="1" branch-rate="1" complexity="1">
              <lines>
                <line number="35" hits="1" branch="False" />
                <line number="36" hits="1" branch="False" />
                <line number="37" hits="1" branch="False" />
                <line number="39" hits="1" branch="False" />
                <line number="41" hits="1" branch="False" />
                <line number="42" hits="1" branch="False" />
                <line number="43" hits="1" branch="False" />
              </lines>
            </method>
            <method name="Should_Limit_Page_Size" signature="()" line-rate="1" branch-rate="1" complexity="1">
              <lines>
                <line number="47" hits="1" branch="False" />
                <line number="48" hits="1" branch="False" />
                <line number="49" hits="1" branch="False" />
                <line number="51" hits="1" branch="False" />
                <line number="53" hits="1" branch="False" />
                <line number="54" hits="1" branch="False" />
                <line number="55" hits="1" branch="False" />
              </lines>
            </method>
            <method name="Should_Remove_Special_Characters" signature="()" line-rate="1" branch-rate="1" complexity="1">
              <lines>
                <line number="59" hits="1" branch="False" />
                <line number="60" hits="1" branch="False" />
                <line number="62" hits="1" branch="False" />
                <line number="64" hits="1" branch="False" />
                <line number="65" hits="1" branch="False" />
              </lines>
            </method>
            <method name=".ctor" signature="()" line-rate="1" branch-rate="1" complexity="1">
              <lines>
                <line number="15" hits="3" branch="False" />
                <line number="16" hits="3" branch="False" />
                <line number="17" hits="3" branch="False" />
                <line number="18" hits="3" branch="False" />
                <line number="19" hits="3" branch="False" />
                <line number="20" hits="3" branch="False" />
                <line number="21" hits="3" branch="False" />
                <line number="22" hits="3" branch="False" />
                <line number="23" hits="3" branch="False" />
                <line number="24" hits="3" branch="False" />
              </lines>
            </method>
          </methods>
          <lines>
            <line number="27" hits="3" branch="False" />
            <line number="28" hits="3" branch="False" />
            <line number="29" hits="3" branch="False" />
            <line number="30" hits="3" branch="False" />
            <line number="31" hits="3" branch="False" />
            <line number="35" hits="1" branch="False" />
            <line number="36" hits="1" branch="False" />
            <line number="37" hits="1" branch="False" />
            <line number="39" hits="1" branch="False" />
            <line number="41" hits="1" branch="False" />
            <line number="42" hits="1" branch="False" />
            <line number="43" hits="1" branch="False" />
            <line number="47" hits="1" branch="False" />
            <line number="48" hits="1" branch="False" />
            <line number="49" hits="1" branch="False" />
            <line number="51" hits="1" branch="False" />
            <line number="53" hits="1" branch="False" />
            <line number="54" hits="1" branch="False" />
            <line number="55" hits="1" branch="False" />
            <line number="59" hits="1" branch="False" />
            <line number="60" hits="1" branch="False" />
            <line number="62" hits="1" branch="False" />
            <line number="64" hits="1" branch="False" />
            <line number="65" hits="1" branch="False" />
            <line number="15" hits="3" branch="False" />
            <line number="16" hits="3" branch="False" />
            <line number="17" hits="3" branch="False" />
            <line number="18" hits="3" branch="False" />
            <line number="19" hits="3" branch="False" />
            <line number="20" hits="3" branch="False" />
            <line number="21" hits="3" branch="False" />
            <line number="22" hits="3" branch="False" />
            <line number="23" hits="3" branch="False" />
            <line number="24" hits="3" branch="False" />
          </lines>
        </class>
        <class name="Optix.Movies.UnitTests.Application.Handlers.MoviesQueryHandlerTests" filename="git\testing\Optix\Optix.Movies.UnitTests\Application\Handlers\MoviesQueryHandlerTests.cs" line-rate="1" branch-rate="1" complexity="1">
          <methods>
            <method name=".ctor" signature="()" line-rate="1" branch-rate="1" complexity="1">
              <lines>
                <line number="14" hits="8" branch="False" />
                <line number="15" hits="8" branch="False" />
                <line number="16" hits="8" branch="False" />
                <line number="17" hits="8" branch="False" />
                <line number="18" hits="8" branch="False" />
              </lines>
            </method>
          </methods>
          <lines>
            <line number="14" hits="8" branch="False" />
            <line number="15" hits="8" branch="False" />
            <line number="16" hits="8" branch="False" />
            <line number="17" hits="8" branch="False" />
            <line number="18" hits="8" branch="False" />
          </lines>
        </class>
        <class name="Optix.Movies.UnitTests.Application.Handlers.MoviesQueryHandlerTests/&lt;Handle_Returns_MoviesResponse_Even_If_Error&gt;d__5" filename="git\testing\Optix\Optix.Movies.UnitTests\Application\Handlers\MoviesQueryHandlerTests.cs" line-rate="1" branch-rate="1" complexity="1">
          <methods>
            <method name="MoveNext" signature="()" line-rate="1" branch-rate="1" complexity="1">
              <lines>
                <line number="73" hits="1" branch="False" />
                <line number="74" hits="1" branch="False" />
                <line number="76" hits="1" branch="False" />
                <line number="77" hits="1" branch="False" />
                <line number="78" hits="1" branch="False" />
                <line number="79" hits="1" branch="False" />
                <line number="80" hits="1" branch="False" />
                <line number="81" hits="1" branch="False" />
                <line number="82" hits="1" branch="False" />
              </lines>
            </method>
          </methods>
          <lines>
            <line number="73" hits="1" branch="False" />
            <line number="74" hits="1" branch="False" />
            <line number="76" hits="1" branch="False" />
            <line number="77" hits="1" branch="False" />
            <line number="78" hits="1" branch="False" />
            <line number="79" hits="1" branch="False" />
            <line number="80" hits="1" branch="False" />
            <line number="81" hits="1" branch="False" />
            <line number="82" hits="1" branch="False" />
          </lines>
        </class>
        <class name="Optix.Movies.UnitTests.Application.Handlers.MoviesQueryHandlerTests/&lt;Handle_Returns_Movies_Response_Paged&gt;d__2" filename="git\testing\Optix\Optix.Movies.UnitTests\Application\Handlers\MoviesQueryHandlerTests.cs" line-rate="1" branch-rate="1" complexity="1">
          <methods>
            <method name="MoveNext" signature="()" line-rate="1" branch-rate="1" complexity="1">
              <lines>
                <line number="26" hits="4" branch="False" />
                <line number="27" hits="4" branch="False" />
                <line number="28" hits="4" branch="False" />
                <line number="30" hits="4" branch="False" />
                <line number="31" hits="4" branch="False" />
                <line number="32" hits="4" branch="False" />
                <line number="33" hits="4" branch="False" />
                <line number="34" hits="4" branch="False" />
              </lines>
            </method>
          </methods>
          <lines>
            <line number="26" hits="4" branch="False" />
            <line number="27" hits="4" branch="False" />
            <line number="28" hits="4" branch="False" />
            <line number="30" hits="4" branch="False" />
            <line number="31" hits="4" branch="False" />
            <line number="32" hits="4" branch="False" />
            <line number="33" hits="4" branch="False" />
            <line number="34" hits="4" branch="False" />
          </lines>
        </class>
        <class name="Optix.Movies.UnitTests.Application.Handlers.MoviesQueryHandlerTests/&lt;Handle_Should_Default_Order_Title_Asc&gt;d__3" filename="git\testing\Optix\Optix.Movies.UnitTests\Application\Handlers\MoviesQueryHandlerTests.cs" line-rate="1" branch-rate="1" complexity="1">
          <methods>
            <method name="MoveNext" signature="()" line-rate="1" branch-rate="1" complexity="1">
              <lines>
                <line number="38" hits="1" branch="False" />
                <line number="39" hits="1" branch="False" />
                <line number="41" hits="1" branch="False" />
                <line number="43" hits="1" branch="False" />
                <line number="44" hits="1" branch="False" />
                <line number="45" hits="1" branch="False" />
                <line number="46" hits="1" branch="False" />
              </lines>
            </method>
          </methods>
          <lines>
            <line number="38" hits="1" branch="False" />
            <line number="39" hits="1" branch="False" />
            <line number="41" hits="1" branch="False" />
            <line number="43" hits="1" branch="False" />
            <line number="44" hits="1" branch="False" />
            <line number="45" hits="1" branch="False" />
            <line number="46" hits="1" branch="False" />
          </lines>
        </class>
        <class name="Optix.Movies.UnitTests.Application.Handlers.MoviesQueryHandlerTests/&lt;Handle_Should_Order_By_Query_SortBy_Direction&gt;d__4" filename="git\testing\Optix\Optix.Movies.UnitTests\Application\Handlers\MoviesQueryHandlerTests.cs" line-rate="1" branch-rate="1" complexity="2">
          <methods>
            <method name="MoveNext" signature="()" line-rate="1" branch-rate="1" complexity="2">
              <lines>
                <line number="52" hits="2" branch="False" />
                <line number="53" hits="2" branch="False" />
                <line number="54" hits="2" branch="False" />
                <line number="55" hits="2" branch="False" />
                <line number="56" hits="2" branch="False" />
                <line number="58" hits="2" branch="False" />
                <line number="60" hits="2" branch="False" />
                <line number="61" hits="2" branch="True" condition-coverage="100% (2/2)">
                  <conditions>
                    <condition number="277" type="jump" coverage="100%" />
                  </conditions>
                </line>
                <line number="62" hits="1" branch="False" />
                <line number="63" hits="1" branch="False" />
                <line number="64" hits="1" branch="False" />
                <line number="66" hits="1" branch="False" />
                <line number="67" hits="1" branch="False" />
                <line number="68" hits="1" branch="False" />
                <line number="69" hits="2" branch="False" />
              </lines>
            </method>
          </methods>
          <lines>
            <line number="52" hits="2" branch="False" />
            <line number="53" hits="2" branch="False" />
            <line number="54" hits="2" branch="False" />
            <line number="55" hits="2" branch="False" />
            <line number="56" hits="2" branch="False" />
            <line number="58" hits="2" branch="False" />
            <line number="60" hits="2" branch="False" />
            <line number="61" hits="2" branch="True" condition-coverage="100% (2/2)">
              <conditions>
                <condition number="277" type="jump" coverage="100%" />
              </conditions>
            </line>
            <line number="62" hits="1" branch="False" />
            <line number="63" hits="1" branch="False" />
            <line number="64" hits="1" branch="False" />
            <line number="66" hits="1" branch="False" />
            <line number="67" hits="1" branch="False" />
            <line number="68" hits="1" branch="False" />
            <line number="69" hits="2" branch="False" />
          </lines>
        </class>
      </classes>
    </package>
  </packages>
</coverage>